running egg_info
writing ../../build/training/training.egg-info/PKG-INFO
writing dependency_links to ../../build/training/training.egg-info/dependency_links.txt
writing entry points to ../../build/training/training.egg-info/entry_points.txt
writing requirements to ../../build/training/training.egg-info/requires.txt
writing top-level names to ../../build/training/training.egg-info/top_level.txt
reading manifest file '../../build/training/training.egg-info/SOURCES.txt'
adding license file 'LICENSE'
writing manifest file '../../build/training/training.egg-info/SOURCES.txt'
running build
running build_py
copying training/publisher_member_function.py -> /home/ram/Downloads/trash/Gahan_AI/ros2_ws/build/training/build/lib/training
copying training/subscriber_member_function.py -> /home/ram/Downloads/trash/Gahan_AI/ros2_ws/build/training/build/lib/training
copying training/__init__.py -> /home/ram/Downloads/trash/Gahan_AI/ros2_ws/build/training/build/lib/training
running install
running install_lib
running install_data
copying resource/training -> /home/ram/Downloads/trash/Gahan_AI/ros2_ws/install/training/share/ament_index/resource_index/packages
copying package.xml -> /home/ram/Downloads/trash/Gahan_AI/ros2_ws/install/training/share/training
running install_egg_info
removing '/home/ram/Downloads/trash/Gahan_AI/ros2_ws/install/training/lib/python3.10/site-packages/training-0.0.0-py3.10.egg-info' (and everything under it)
Copying ../../build/training/training.egg-info to /home/ram/Downloads/trash/Gahan_AI/ros2_ws/install/training/lib/python3.10/site-packages/training-0.0.0-py3.10.egg-info
running install_scripts
Installing listener script to /home/ram/Downloads/trash/Gahan_AI/ros2_ws/install/training/lib/training
Installing talker script to /home/ram/Downloads/trash/Gahan_AI/ros2_ws/install/training/lib/training
writing list of installed files to '/home/ram/Downloads/trash/Gahan_AI/ros2_ws/build/training/install.log'
