[0.477s] Invoking command in '/home/ram/Downloads/trash/Gahan_AI/ros2_ws/src/training': PYTHONPATH=/home/ram/Downloads/trash/Gahan_AI/ros2_ws/build/training/prefix_override:/usr/lib/python3/dist-packages/colcon_core/task/python/colcon_distutils_commands:/home/ram/Downloads/trash/Gahan_AI/ros2_ws/install/training/lib/python3.10/site-packages:${PYTHONPATH} /usr/bin/python3 -W ignore:setup.py install is deprecated -W ignore:easy_install command is deprecated setup.py egg_info --egg-base ../../build/training build --build-base /home/ram/Downloads/trash/Gahan_AI/ros2_ws/build/training/build install --record /home/ram/Downloads/trash/Gahan_AI/ros2_ws/build/training/install.log --single-version-externally-managed install_data
[0.579s] /home/ram/.local/lib/python3.10/site-packages/setuptools/_distutils/dist.py:270: UserWarning: Unknown distribution option: 'tests_require'
[0.579s]   warnings.warn(msg)
[0.637s] running egg_info
[0.647s] writing ../../build/training/training.egg-info/PKG-INFO
[0.647s] writing dependency_links to ../../build/training/training.egg-info/dependency_links.txt
[0.647s] writing entry points to ../../build/training/training.egg-info/entry_points.txt
[0.648s] writing requirements to ../../build/training/training.egg-info/requires.txt
[0.648s] writing top-level names to ../../build/training/training.egg-info/top_level.txt
[0.670s] reading manifest file '../../build/training/training.egg-info/SOURCES.txt'
[0.670s] adding license file 'LICENSE'
[0.671s] writing manifest file '../../build/training/training.egg-info/SOURCES.txt'
[0.671s] running build
[0.671s] running build_py
[0.672s] copying training/publisher_member_function.py -> /home/ram/Downloads/trash/Gahan_AI/ros2_ws/build/training/build/lib/training
[0.672s] copying training/subscriber_member_function.py -> /home/ram/Downloads/trash/Gahan_AI/ros2_ws/build/training/build/lib/training
[0.672s] copying training/__init__.py -> /home/ram/Downloads/trash/Gahan_AI/ros2_ws/build/training/build/lib/training
[0.672s] running install
[0.676s] running install_lib
[0.687s] running install_data
[0.687s] copying resource/training -> /home/ram/Downloads/trash/Gahan_AI/ros2_ws/install/training/share/ament_index/resource_index/packages
[0.687s] copying package.xml -> /home/ram/Downloads/trash/Gahan_AI/ros2_ws/install/training/share/training
[0.687s] running install_egg_info
[0.698s] removing '/home/ram/Downloads/trash/Gahan_AI/ros2_ws/install/training/lib/python3.10/site-packages/training-0.0.0-py3.10.egg-info' (and everything under it)
[0.698s] Copying ../../build/training/training.egg-info to /home/ram/Downloads/trash/Gahan_AI/ros2_ws/install/training/lib/python3.10/site-packages/training-0.0.0-py3.10.egg-info
[0.698s] running install_scripts
[0.782s] Installing listener script to /home/ram/Downloads/trash/Gahan_AI/ros2_ws/install/training/lib/training
[0.782s] Installing talker script to /home/ram/Downloads/trash/Gahan_AI/ros2_ws/install/training/lib/training
[0.782s] writing list of installed files to '/home/ram/Downloads/trash/Gahan_AI/ros2_ws/build/training/install.log'
[0.802s] Invoked command in '/home/ram/Downloads/trash/Gahan_AI/ros2_ws/src/training' returned '0': PYTHONPATH=/home/ram/Downloads/trash/Gahan_AI/ros2_ws/build/training/prefix_override:/usr/lib/python3/dist-packages/colcon_core/task/python/colcon_distutils_commands:/home/ram/Downloads/trash/Gahan_AI/ros2_ws/install/training/lib/python3.10/site-packages:${PYTHONPATH} /usr/bin/python3 -W ignore:setup.py install is deprecated -W ignore:easy_install command is deprecated setup.py egg_info --egg-base ../../build/training build --build-base /home/ram/Downloads/trash/Gahan_AI/ros2_ws/build/training/build install --record /home/ram/Downloads/trash/Gahan_AI/ros2_ws/build/training/install.log --single-version-externally-managed install_data
