running egg_info
creating ../../build/training/training.egg-info
writing ../../build/training/training.egg-info/PKG-INFO
writing dependency_links to ../../build/training/training.egg-info/dependency_links.txt
writing entry points to ../../build/training/training.egg-info/entry_points.txt
writing requirements to ../../build/training/training.egg-info/requires.txt
writing top-level names to ../../build/training/training.egg-info/top_level.txt
writing manifest file '../../build/training/training.egg-info/SOURCES.txt'
reading manifest file '../../build/training/training.egg-info/SOURCES.txt'
adding license file 'LICENSE'
writing manifest file '../../build/training/training.egg-info/SOURCES.txt'
running build
running build_py
creating /home/ram/Downloads/trash/Gahan_AI/ros2_ws/build/training/build/lib/training
copying training/publisher_member_function.py -> /home/ram/Downloads/trash/Gahan_AI/ros2_ws/build/training/build/lib/training
copying training/subscriber_member_function.py -> /home/ram/Downloads/trash/Gahan_AI/ros2_ws/build/training/build/lib/training
copying training/__init__.py -> /home/ram/Downloads/trash/Gahan_AI/ros2_ws/build/training/build/lib/training
running install
running install_lib
creating /home/ram/Downloads/trash/Gahan_AI/ros2_ws/install/training/lib/python3.10/site-packages/training
copying /home/ram/Downloads/trash/Gahan_AI/ros2_ws/build/training/build/lib/training/publisher_member_function.py -> /home/ram/Downloads/trash/Gahan_AI/ros2_ws/install/training/lib/python3.10/site-packages/training
copying /home/ram/Downloads/trash/Gahan_AI/ros2_ws/build/training/build/lib/training/subscriber_member_function.py -> /home/ram/Downloads/trash/Gahan_AI/ros2_ws/install/training/lib/python3.10/site-packages/training
copying /home/ram/Downloads/trash/Gahan_AI/ros2_ws/build/training/build/lib/training/__init__.py -> /home/ram/Downloads/trash/Gahan_AI/ros2_ws/install/training/lib/python3.10/site-packages/training
byte-compiling /home/ram/Downloads/trash/Gahan_AI/ros2_ws/install/training/lib/python3.10/site-packages/training/publisher_member_function.py to publisher_member_function.cpython-310.pyc
byte-compiling /home/ram/Downloads/trash/Gahan_AI/ros2_ws/install/training/lib/python3.10/site-packages/training/subscriber_member_function.py to subscriber_member_function.cpython-310.pyc
byte-compiling /home/ram/Downloads/trash/Gahan_AI/ros2_ws/install/training/lib/python3.10/site-packages/training/__init__.py to __init__.cpython-310.pyc
running install_data
creating /home/ram/Downloads/trash/Gahan_AI/ros2_ws/install/training/share/ament_index/resource_index/packages
copying resource/training -> /home/ram/Downloads/trash/Gahan_AI/ros2_ws/install/training/share/ament_index/resource_index/packages
copying package.xml -> /home/ram/Downloads/trash/Gahan_AI/ros2_ws/install/training/share/training
running install_egg_info
Copying ../../build/training/training.egg-info to /home/ram/Downloads/trash/Gahan_AI/ros2_ws/install/training/lib/python3.10/site-packages/training-0.0.0-py3.10.egg-info
running install_scripts
Installing listener script to /home/ram/Downloads/trash/Gahan_AI/ros2_ws/install/training/lib/training
Installing talker script to /home/ram/Downloads/trash/Gahan_AI/ros2_ws/install/training/lib/training
writing list of installed files to '/home/ram/Downloads/trash/Gahan_AI/ros2_ws/build/training/install.log'
