[0.480s] Invoking command in '/home/ram/Downloads/trash/Gahan_AI/ros2_ws/src/training': PYTHONPATH=/home/ram/Downloads/trash/Gahan_AI/ros2_ws/build/training/prefix_override:/usr/lib/python3/dist-packages/colcon_core/task/python/colcon_distutils_commands:/home/ram/Downloads/trash/Gahan_AI/ros2_ws/install/training/lib/python3.10/site-packages:${PYTHONPATH} /usr/bin/python3 -W ignore:setup.py install is deprecated -W ignore:easy_install command is deprecated setup.py egg_info --egg-base ../../build/training build --build-base /home/ram/Downloads/trash/Gahan_AI/ros2_ws/build/training/build install --record /home/ram/Downloads/trash/Gahan_AI/ros2_ws/build/training/install.log --single-version-externally-managed install_data
[0.586s] /home/ram/.local/lib/python3.10/site-packages/setuptools/_distutils/dist.py:270: UserWarning: Unknown distribution option: 'tests_require'
[0.586s]   warnings.warn(msg)
[0.646s] running egg_info
[0.656s] creating ../../build/training/training.egg-info
[0.656s] writing ../../build/training/training.egg-info/PKG-INFO
[0.656s] writing dependency_links to ../../build/training/training.egg-info/dependency_links.txt
[0.656s] writing entry points to ../../build/training/training.egg-info/entry_points.txt
[0.656s] writing requirements to ../../build/training/training.egg-info/requires.txt
[0.657s] writing top-level names to ../../build/training/training.egg-info/top_level.txt
[0.657s] writing manifest file '../../build/training/training.egg-info/SOURCES.txt'
[0.678s] reading manifest file '../../build/training/training.egg-info/SOURCES.txt'
[0.678s] adding license file 'LICENSE'
[0.679s] writing manifest file '../../build/training/training.egg-info/SOURCES.txt'
[0.679s] running build
[0.679s] running build_py
[0.679s] creating /home/ram/Downloads/trash/Gahan_AI/ros2_ws/build/training/build/lib/training
[0.679s] copying training/publisher_member_function.py -> /home/ram/Downloads/trash/Gahan_AI/ros2_ws/build/training/build/lib/training
[0.679s] copying training/subscriber_member_function.py -> /home/ram/Downloads/trash/Gahan_AI/ros2_ws/build/training/build/lib/training
[0.679s] copying training/__init__.py -> /home/ram/Downloads/trash/Gahan_AI/ros2_ws/build/training/build/lib/training
[0.680s] running install
[0.683s] running install_lib
[0.693s] creating /home/ram/Downloads/trash/Gahan_AI/ros2_ws/install/training/lib/python3.10/site-packages/training
[0.693s] copying /home/ram/Downloads/trash/Gahan_AI/ros2_ws/build/training/build/lib/training/publisher_member_function.py -> /home/ram/Downloads/trash/Gahan_AI/ros2_ws/install/training/lib/python3.10/site-packages/training
[0.693s] copying /home/ram/Downloads/trash/Gahan_AI/ros2_ws/build/training/build/lib/training/subscriber_member_function.py -> /home/ram/Downloads/trash/Gahan_AI/ros2_ws/install/training/lib/python3.10/site-packages/training
[0.693s] copying /home/ram/Downloads/trash/Gahan_AI/ros2_ws/build/training/build/lib/training/__init__.py -> /home/ram/Downloads/trash/Gahan_AI/ros2_ws/install/training/lib/python3.10/site-packages/training
[0.693s] byte-compiling /home/ram/Downloads/trash/Gahan_AI/ros2_ws/install/training/lib/python3.10/site-packages/training/publisher_member_function.py to publisher_member_function.cpython-310.pyc
[0.694s] byte-compiling /home/ram/Downloads/trash/Gahan_AI/ros2_ws/install/training/lib/python3.10/site-packages/training/subscriber_member_function.py to subscriber_member_function.cpython-310.pyc
[0.694s] byte-compiling /home/ram/Downloads/trash/Gahan_AI/ros2_ws/install/training/lib/python3.10/site-packages/training/__init__.py to __init__.cpython-310.pyc
[0.694s] running install_data
[0.694s] creating /home/ram/Downloads/trash/Gahan_AI/ros2_ws/install/training/share/ament_index/resource_index/packages
[0.694s] copying resource/training -> /home/ram/Downloads/trash/Gahan_AI/ros2_ws/install/training/share/ament_index/resource_index/packages
[0.694s] copying package.xml -> /home/ram/Downloads/trash/Gahan_AI/ros2_ws/install/training/share/training
[0.694s] running install_egg_info
[0.705s] Copying ../../build/training/training.egg-info to /home/ram/Downloads/trash/Gahan_AI/ros2_ws/install/training/lib/python3.10/site-packages/training-0.0.0-py3.10.egg-info
[0.705s] running install_scripts
[0.793s] Installing listener script to /home/ram/Downloads/trash/Gahan_AI/ros2_ws/install/training/lib/training
[0.793s] Installing talker script to /home/ram/Downloads/trash/Gahan_AI/ros2_ws/install/training/lib/training
[0.794s] writing list of installed files to '/home/ram/Downloads/trash/Gahan_AI/ros2_ws/build/training/install.log'
[0.814s] Invoked command in '/home/ram/Downloads/trash/Gahan_AI/ros2_ws/src/training' returned '0': PYTHONPATH=/home/ram/Downloads/trash/Gahan_AI/ros2_ws/build/training/prefix_override:/usr/lib/python3/dist-packages/colcon_core/task/python/colcon_distutils_commands:/home/ram/Downloads/trash/Gahan_AI/ros2_ws/install/training/lib/python3.10/site-packages:${PYTHONPATH} /usr/bin/python3 -W ignore:setup.py install is deprecated -W ignore:easy_install command is deprecated setup.py egg_info --egg-base ../../build/training build --build-base /home/ram/Downloads/trash/Gahan_AI/ros2_ws/build/training/build install --record /home/ram/Downloads/trash/Gahan_AI/ros2_ws/build/training/install.log --single-version-externally-managed install_data
