[0.611s] Invoking command in '/home/ram/Downloads/trash/Gahan_AI/ros2_ws/build/training': PYTHONPATH=/home/ram/Downloads/trash/Gahan_AI/ros2_ws/build/training/prefix_override:/usr/lib/python3/dist-packages/colcon_core/task/python/colcon_distutils_commands:/home/ram/Downloads/trash/Gahan_AI/ros2_ws/install/training/lib/python3.10/site-packages:${PYTHONPATH} /usr/bin/python3 -W ignore:setup.py install is deprecated -W ignore:easy_install command is deprecated setup.py develop --editable --build-directory /home/ram/Downloads/trash/Gahan_AI/ros2_ws/build/training/build --no-deps symlink_data
[0.714s] /home/ram/.local/lib/python3.10/site-packages/setuptools/_distutils/dist.py:270: UserWarning: Unknown distribution option: 'tests_require'
[0.714s]   warnings.warn(msg)
[0.822s] running develop
[0.959s] running egg_info
[0.969s] creating training.egg-info
[0.969s] writing training.egg-info/PKG-INFO
[0.969s] writing dependency_links to training.egg-info/dependency_links.txt
[0.969s] writing entry points to training.egg-info/entry_points.txt
[0.969s] writing requirements to training.egg-info/requires.txt
[0.969s] writing top-level names to training.egg-info/top_level.txt
[0.969s] writing manifest file 'training.egg-info/SOURCES.txt'
[0.990s] reading manifest file 'training.egg-info/SOURCES.txt'
[0.991s] writing manifest file 'training.egg-info/SOURCES.txt'
[1.002s] running build_ext
[1.002s] Creating /home/ram/Downloads/trash/Gahan_AI/ros2_ws/install/training/lib/python3.10/site-packages/training.egg-link (link to .)
[1.002s] Installing client script to /home/ram/Downloads/trash/Gahan_AI/ros2_ws/install/training/lib/training
[1.002s] Installing listener script to /home/ram/Downloads/trash/Gahan_AI/ros2_ws/install/training/lib/training
[1.002s] Installing service script to /home/ram/Downloads/trash/Gahan_AI/ros2_ws/install/training/lib/training
[1.002s] Installing talker script to /home/ram/Downloads/trash/Gahan_AI/ros2_ws/install/training/lib/training
[1.002s] 
[1.002s] Installed /home/ram/Downloads/trash/Gahan_AI/ros2_ws/build/training
[1.002s] running symlink_data
[1.002s] creating /home/ram/Downloads/trash/Gahan_AI/ros2_ws/install/training/share/ament_index/resource_index/packages
[1.003s] symbolically linking /home/ram/Downloads/trash/Gahan_AI/ros2_ws/build/training/resource/training -> /home/ram/Downloads/trash/Gahan_AI/ros2_ws/install/training/share/ament_index/resource_index/packages
[1.003s] symbolically linking /home/ram/Downloads/trash/Gahan_AI/ros2_ws/build/training/package.xml -> /home/ram/Downloads/trash/Gahan_AI/ros2_ws/install/training/share/training
[1.027s] Invoked command in '/home/ram/Downloads/trash/Gahan_AI/ros2_ws/build/training' returned '0': PYTHONPATH=/home/ram/Downloads/trash/Gahan_AI/ros2_ws/build/training/prefix_override:/usr/lib/python3/dist-packages/colcon_core/task/python/colcon_distutils_commands:/home/ram/Downloads/trash/Gahan_AI/ros2_ws/install/training/lib/python3.10/site-packages:${PYTHONPATH} /usr/bin/python3 -W ignore:setup.py install is deprecated -W ignore:easy_install command is deprecated setup.py develop --editable --build-directory /home/ram/Downloads/trash/Gahan_AI/ros2_ws/build/training/build --no-deps symlink_data
