[0.008s] Invoking command in '/home/ram/Downloads/trash/Gahan_AI/ros2_ws/build/training_interfaces': CMAKE_PREFIX_PATH=${CMAKE_PREFIX_PATH}:/opt/ros/humble /usr/local/bin/cmake /home/ram/Downloads/trash/Gahan_AI/ros2_ws/src/training_interfaces -DCMAKE_INSTALL_PREFIX=/home/ram/Downloads/trash/Gahan_AI/ros2_ws/install/training_interfaces
[0.046s] -- The C compiler identification is GNU 11.4.0
[0.101s] -- The CXX compiler identification is GNU 11.4.0
[0.109s] -- Detecting C compiler ABI info
[0.154s] -- Detecting C compiler ABI info - done
[0.164s] -- Check for working C compiler: /usr/bin/cc - skipped
[0.164s] -- Detecting C compile features
[0.164s] -- Detecting C compile features - done
[0.167s] -- Detecting CXX compiler ABI info
[0.219s] -- Detecting CXX compiler ABI info - done
[0.228s] -- Check for working CXX compiler: /usr/bin/c++ - skipped
[0.228s] -- Detecting CXX compile features
[0.229s] -- Detecting CXX compile features - done
[0.231s] -- Found ament_cmake: 1.3.11 (/opt/ros/humble/share/ament_cmake/cmake)
[0.493s] -- Found Python3: /usr/bin/python3 (found version "3.10.12") found components: Interpreter 
[0.557s] -- Found rosidl_default_generators: 1.2.0 (/opt/ros/humble/share/rosidl_default_generators/cmake)
[0.559s] -- Using all available rosidl_typesupport_c: rosidl_typesupport_fastrtps_c;rosidl_typesupport_introspection_c
[0.563s] -- Found rosidl_adapter: 3.1.6 (/opt/ros/humble/share/rosidl_adapter/cmake)
[0.590s] -- Using all available rosidl_typesupport_cpp: rosidl_typesupport_fastrtps_cpp;rosidl_typesupport_introspection_cpp
[0.711s] [31mCMake Error at /opt/ros/humble/share/rosidl_adapter/cmake/rosidl_adapt_interfaces.cmake:59 (message):
[0.711s]   execute_process(/usr/bin/python3 -m rosidl_adapter --package-name
[0.711s]   training_interfaces --arguments-file
[0.711s]   /home/ram/Downloads/trash/Gahan_AI/ros2_ws/build/training_interfaces/rosidl_adapter__arguments__training_interfaces.json
[0.711s]   --output-dir
[0.711s]   /home/ram/Downloads/trash/Gahan_AI/ros2_ws/build/training_interfaces/rosidl_adapter/training_interfaces
[0.711s]   --output-file
[0.711s]   /home/ram/Downloads/trash/Gahan_AI/ros2_ws/build/training_interfaces/rosidl_adapter/training_interfaces.idls)
[0.712s]   returned error code 1:
[0.712s] 
[0.712s]   Traceback (most recent call last):
[0.712s] 
[0.712s]     File "/usr/lib/python3.10/runpy.py", line 196, in _run_module_as_main
[0.712s]       return _run_code(code, main_globals, None,
[0.712s]     File "/usr/lib/python3.10/runpy.py", line 86, in _run_code
[0.712s]       exec(code, run_globals)
[0.712s]     File "/opt/ros/humble/local/lib/python3.10/dist-packages/rosidl_adapter/__main__.py", line 19, in <module>
[0.712s]       sys.exit(main())
[0.712s]     File "/opt/ros/humble/local/lib/python3.10/dist-packages/rosidl_adapter/main.py", line 53, in main
[0.712s]       abs_idl_file = convert_to_idl(
[0.712s]     File "/opt/ros/humble/local/lib/python3.10/dist-packages/rosidl_adapter/__init__.py", line 24, in convert_to_idl
[0.712s]       return convert_srv_to_idl(
[0.712s]     File "/opt/ros/humble/local/lib/python3.10/dist-packages/rosidl_adapter/srv/__init__.py", line 28, in convert_srv_to_idl
[0.712s]       srv = parse_service_string(package_name, input_file.stem, content)
[0.712s]     File "/opt/ros/humble/local/lib/python3.10/dist-packages/rosidl_adapter/parser.py", line 859, in parse_service_string
[0.712s]       request_message = parse_message_string(
[0.712s]     File "/opt/ros/humble/local/lib/python3.10/dist-packages/rosidl_adapter/parser.py", line 544, in parse_message_string
[0.712s]       msg = MessageSpecification(pkg_name, msg_name, fields, constants)
[0.712s]     File "/opt/ros/humble/local/lib/python3.10/dist-packages/rosidl_adapter/parser.py", line 388, in __init__
[0.712s]       self.base_type = BaseType(
[0.713s]     File "/opt/ros/humble/local/lib/python3.10/dist-packages/rosidl_adapter/parser.py", line 205, in __init__
[0.713s]       raise InvalidResourceName(
[0.713s] 
[0.713s]   rosidl_adapter.parser.InvalidResourceName: 'value_Request' is an invalid
[0.713s]   message name.  It should have the pattern '^[A-Z][A-Za-z0-9]*$'
[0.713s] 
[0.713s] Call Stack (most recent call first):
[0.713s]   /opt/ros/humble/share/rosidl_cmake/cmake/rosidl_generate_interfaces.cmake:130 (rosidl_adapt_interfaces)
[0.713s]   CMakeLists.txt:13 (rosidl_generate_interfaces)
[0.713s] 
[0.713s] [0m
[0.713s] -- Configuring incomplete, errors occurred!
[0.718s] Invoked command in '/home/ram/Downloads/trash/Gahan_AI/ros2_ws/build/training_interfaces' returned '1': CMAKE_PREFIX_PATH=${CMAKE_PREFIX_PATH}:/opt/ros/humble /usr/local/bin/cmake /home/ram/Downloads/trash/Gahan_AI/ros2_ws/src/training_interfaces -DCMAKE_INSTALL_PREFIX=/home/ram/Downloads/trash/Gahan_AI/ros2_ws/install/training_interfaces
