[0.010s] Invoking command in '/home/ram/Downloads/trash/Gahan_AI/ros2_ws/build/training_interfaces': CMAKE_PREFIX_PATH=${CMAKE_PREFIX_PATH}:/home/ram/Downloads/trash/Gahan_AI/ros2_ws/install/training:/opt/ros/humble /usr/local/bin/cmake --build /home/ram/Downloads/trash/Gahan_AI/ros2_ws/build/training_interfaces -- -j8 -l8
[0.028s] [  2%] Built target training_interfaces__cpp
[0.030s] [ 12%] Built target training_interfaces__rosidl_generator_c
[0.030s] [ 12%] Built target ament_cmake_python_symlink_training_interfaces
[0.046s] [ 23%] Built target training_interfaces__rosidl_typesupport_cpp
[0.046s] [ 43%] Built target training_interfaces__rosidl_typesupport_fastrtps_cpp
[0.047s] [ 43%] Built target training_interfaces__rosidl_typesupport_introspection_cpp
[0.047s] [ 53%] Built target training_interfaces__rosidl_typesupport_introspection_c
[0.047s] [ 64%] Built target training_interfaces__rosidl_typesupport_c
[0.047s] [ 74%] Built target training_interfaces__rosidl_typesupport_fastrtps_c
[0.055s] [ 74%] Built target training_interfaces
[0.063s] [ 76%] Built target training_interfaces__py
[0.072s] [ 84%] Built target training_interfaces__rosidl_generator_py
[0.082s] [ 89%] Built target training_interfaces__rosidl_typesupport_fastrtps_c__pyext
[0.083s] [ 94%] Built target training_interfaces__rosidl_typesupport_c__pyext
[0.083s] [100%] Built target training_interfaces__rosidl_typesupport_introspection_c__pyext
[0.204s] running egg_info
[0.215s] writing training_interfaces.egg-info/PKG-INFO
[0.215s] writing dependency_links to training_interfaces.egg-info/dependency_links.txt
[0.215s] writing top-level names to training_interfaces.egg-info/top_level.txt
[0.249s] reading manifest file 'training_interfaces.egg-info/SOURCES.txt'
[0.250s] writing manifest file 'training_interfaces.egg-info/SOURCES.txt'
[0.266s] [100%] Built target ament_cmake_python_build_training_interfaces_egg
[0.269s] Invoked command in '/home/ram/Downloads/trash/Gahan_AI/ros2_ws/build/training_interfaces' returned '0': CMAKE_PREFIX_PATH=${CMAKE_PREFIX_PATH}:/home/ram/Downloads/trash/Gahan_AI/ros2_ws/install/training:/opt/ros/humble /usr/local/bin/cmake --build /home/ram/Downloads/trash/Gahan_AI/ros2_ws/build/training_interfaces -- -j8 -l8
[0.270s] Invoking command in '/home/ram/Downloads/trash/Gahan_AI/ros2_ws/build/training_interfaces': CMAKE_PREFIX_PATH=${CMAKE_PREFIX_PATH}:/home/ram/Downloads/trash/Gahan_AI/ros2_ws/install/training:/opt/ros/humble /usr/local/bin/cmake --install /home/ram/Downloads/trash/Gahan_AI/ros2_ws/build/training_interfaces
[0.271s] -- Install configuration: ""
[0.272s] -- Execute custom install script
[0.272s] -- Up-to-date symlink: /home/ram/Downloads/trash/Gahan_AI/ros2_ws/install/training_interfaces/share/ament_index/resource_index/rosidl_interfaces/training_interfaces
[0.272s] -- Up-to-date symlink: /home/ram/Downloads/trash/Gahan_AI/ros2_ws/install/training_interfaces/include/training_interfaces/training_interfaces/msg/detail/person__functions.h
[0.272s] -- Up-to-date symlink: /home/ram/Downloads/trash/Gahan_AI/ros2_ws/install/training_interfaces/include/training_interfaces/training_interfaces/msg/detail/person__struct.h
[0.273s] -- Up-to-date symlink: /home/ram/Downloads/trash/Gahan_AI/ros2_ws/install/training_interfaces/include/training_interfaces/training_interfaces/msg/detail/person__type_support.h
[0.273s] -- Up-to-date symlink: /home/ram/Downloads/trash/Gahan_AI/ros2_ws/install/training_interfaces/include/training_interfaces/training_interfaces/msg/person.h
[0.273s] -- Up-to-date symlink: /home/ram/Downloads/trash/Gahan_AI/ros2_ws/install/training_interfaces/include/training_interfaces/training_interfaces/msg/rosidl_generator_c__visibility_control.h
[0.273s] -- Up-to-date symlink: /home/ram/Downloads/trash/Gahan_AI/ros2_ws/install/training_interfaces/include/training_interfaces/training_interfaces/srv/detail/value__functions.h
[0.273s] -- Up-to-date symlink: /home/ram/Downloads/trash/Gahan_AI/ros2_ws/install/training_interfaces/include/training_interfaces/training_interfaces/srv/detail/value__struct.h
[0.273s] -- Up-to-date symlink: /home/ram/Downloads/trash/Gahan_AI/ros2_ws/install/training_interfaces/include/training_interfaces/training_interfaces/srv/detail/value__type_support.h
[0.273s] -- Up-to-date symlink: /home/ram/Downloads/trash/Gahan_AI/ros2_ws/install/training_interfaces/include/training_interfaces/training_interfaces/srv/value.h
[0.273s] -- Up-to-date symlink: /home/ram/Downloads/trash/Gahan_AI/ros2_ws/install/training_interfaces/share/training_interfaces/environment/library_path.sh
[0.273s] -- Up-to-date symlink: /home/ram/Downloads/trash/Gahan_AI/ros2_ws/install/training_interfaces/share/training_interfaces/environment/library_path.dsv
[0.274s] -- Up-to-date symlink: /home/ram/Downloads/trash/Gahan_AI/ros2_ws/install/training_interfaces/include/training_interfaces/training_interfaces/msg/detail/person__rosidl_typesupport_fastrtps_c.h
[0.274s] -- Up-to-date symlink: /home/ram/Downloads/trash/Gahan_AI/ros2_ws/install/training_interfaces/include/training_interfaces/training_interfaces/msg/rosidl_typesupport_fastrtps_c__visibility_control.h
[0.274s] -- Up-to-date symlink: /home/ram/Downloads/trash/Gahan_AI/ros2_ws/install/training_interfaces/include/training_interfaces/training_interfaces/srv/detail/value__rosidl_typesupport_fastrtps_c.h
[0.274s] -- Up-to-date symlink: /home/ram/Downloads/trash/Gahan_AI/ros2_ws/install/training_interfaces/include/training_interfaces/training_interfaces/msg/detail/person__rosidl_typesupport_introspection_c.h
[0.274s] -- Up-to-date symlink: /home/ram/Downloads/trash/Gahan_AI/ros2_ws/install/training_interfaces/include/training_interfaces/training_interfaces/msg/rosidl_typesupport_introspection_c__visibility_control.h
[0.274s] -- Up-to-date symlink: /home/ram/Downloads/trash/Gahan_AI/ros2_ws/install/training_interfaces/include/training_interfaces/training_interfaces/srv/detail/value__rosidl_typesupport_introspection_c.h
[0.275s] -- Up-to-date symlink: /home/ram/Downloads/trash/Gahan_AI/ros2_ws/install/training_interfaces/include/training_interfaces/training_interfaces/msg/detail/person__builder.hpp
[0.275s] -- Up-to-date symlink: /home/ram/Downloads/trash/Gahan_AI/ros2_ws/install/training_interfaces/include/training_interfaces/training_interfaces/msg/detail/person__struct.hpp
[0.275s] -- Up-to-date symlink: /home/ram/Downloads/trash/Gahan_AI/ros2_ws/install/training_interfaces/include/training_interfaces/training_interfaces/msg/detail/person__traits.hpp
[0.275s] -- Up-to-date symlink: /home/ram/Downloads/trash/Gahan_AI/ros2_ws/install/training_interfaces/include/training_interfaces/training_interfaces/msg/detail/person__type_support.hpp
[0.275s] -- Up-to-date symlink: /home/ram/Downloads/trash/Gahan_AI/ros2_ws/install/training_interfaces/include/training_interfaces/training_interfaces/msg/person.hpp
[0.275s] -- Up-to-date symlink: /home/ram/Downloads/trash/Gahan_AI/ros2_ws/install/training_interfaces/include/training_interfaces/training_interfaces/msg/rosidl_generator_cpp__visibility_control.hpp
[0.275s] -- Up-to-date symlink: /home/ram/Downloads/trash/Gahan_AI/ros2_ws/install/training_interfaces/include/training_interfaces/training_interfaces/srv/detail/value__builder.hpp
[0.275s] -- Up-to-date symlink: /home/ram/Downloads/trash/Gahan_AI/ros2_ws/install/training_interfaces/include/training_interfaces/training_interfaces/srv/detail/value__struct.hpp
[0.275s] -- Up-to-date symlink: /home/ram/Downloads/trash/Gahan_AI/ros2_ws/install/training_interfaces/include/training_interfaces/training_interfaces/srv/detail/value__traits.hpp
[0.275s] -- Up-to-date symlink: /home/ram/Downloads/trash/Gahan_AI/ros2_ws/install/training_interfaces/include/training_interfaces/training_interfaces/srv/detail/value__type_support.hpp
[0.275s] -- Up-to-date symlink: /home/ram/Downloads/trash/Gahan_AI/ros2_ws/install/training_interfaces/include/training_interfaces/training_interfaces/srv/value.hpp
[0.276s] -- Up-to-date symlink: /home/ram/Downloads/trash/Gahan_AI/ros2_ws/install/training_interfaces/include/training_interfaces/training_interfaces/msg/detail/person__rosidl_typesupport_fastrtps_cpp.hpp
[0.276s] -- Up-to-date symlink: /home/ram/Downloads/trash/Gahan_AI/ros2_ws/install/training_interfaces/include/training_interfaces/training_interfaces/msg/rosidl_typesupport_fastrtps_cpp__visibility_control.h
[0.276s] -- Up-to-date symlink: /home/ram/Downloads/trash/Gahan_AI/ros2_ws/install/training_interfaces/include/training_interfaces/training_interfaces/srv/detail/value__rosidl_typesupport_fastrtps_cpp.hpp
[0.276s] -- Up-to-date symlink: /home/ram/Downloads/trash/Gahan_AI/ros2_ws/install/training_interfaces/include/training_interfaces/training_interfaces/msg/detail/person__rosidl_typesupport_introspection_cpp.hpp
[0.276s] -- Up-to-date symlink: /home/ram/Downloads/trash/Gahan_AI/ros2_ws/install/training_interfaces/include/training_interfaces/training_interfaces/srv/detail/value__rosidl_typesupport_introspection_cpp.hpp
[0.276s] -- Up-to-date symlink: /home/ram/Downloads/trash/Gahan_AI/ros2_ws/install/training_interfaces/share/training_interfaces/environment/pythonpath.sh
[0.277s] -- Up-to-date symlink: /home/ram/Downloads/trash/Gahan_AI/ros2_ws/install/training_interfaces/share/training_interfaces/environment/pythonpath.dsv
[0.277s] -- Up-to-date symlink: /home/ram/Downloads/trash/Gahan_AI/ros2_ws/install/training_interfaces/local/lib/python3.10/dist-packages/training_interfaces-0.0.0-py3.10.egg-info/PKG-INFO
[0.277s] -- Up-to-date symlink: /home/ram/Downloads/trash/Gahan_AI/ros2_ws/install/training_interfaces/local/lib/python3.10/dist-packages/training_interfaces-0.0.0-py3.10.egg-info/SOURCES.txt
[0.277s] -- Up-to-date symlink: /home/ram/Downloads/trash/Gahan_AI/ros2_ws/install/training_interfaces/local/lib/python3.10/dist-packages/training_interfaces-0.0.0-py3.10.egg-info/dependency_links.txt
[0.277s] -- Up-to-date symlink: /home/ram/Downloads/trash/Gahan_AI/ros2_ws/install/training_interfaces/local/lib/python3.10/dist-packages/training_interfaces-0.0.0-py3.10.egg-info/top_level.txt
[0.277s] -- Up-to-date symlink: /home/ram/Downloads/trash/Gahan_AI/ros2_ws/install/training_interfaces/local/lib/python3.10/dist-packages/training_interfaces/__init__.py
[0.277s] -- Up-to-date symlink: /home/ram/Downloads/trash/Gahan_AI/ros2_ws/install/training_interfaces/local/lib/python3.10/dist-packages/training_interfaces/_training_interfaces_s.ep.rosidl_typesupport_c.c
[0.278s] -- Up-to-date symlink: /home/ram/Downloads/trash/Gahan_AI/ros2_ws/install/training_interfaces/local/lib/python3.10/dist-packages/training_interfaces/_training_interfaces_s.ep.rosidl_typesupport_fastrtps_c.c
[0.278s] -- Up-to-date symlink: /home/ram/Downloads/trash/Gahan_AI/ros2_ws/install/training_interfaces/local/lib/python3.10/dist-packages/training_interfaces/_training_interfaces_s.ep.rosidl_typesupport_introspection_c.c
[0.278s] -- Up-to-date symlink: /home/ram/Downloads/trash/Gahan_AI/ros2_ws/install/training_interfaces/local/lib/python3.10/dist-packages/training_interfaces/libtraining_interfaces__rosidl_generator_py.so
[0.278s] -- Up-to-date symlink: /home/ram/Downloads/trash/Gahan_AI/ros2_ws/install/training_interfaces/local/lib/python3.10/dist-packages/training_interfaces/msg/__init__.py
[0.278s] -- Up-to-date symlink: /home/ram/Downloads/trash/Gahan_AI/ros2_ws/install/training_interfaces/local/lib/python3.10/dist-packages/training_interfaces/msg/_person.py
[0.278s] -- Up-to-date symlink: /home/ram/Downloads/trash/Gahan_AI/ros2_ws/install/training_interfaces/local/lib/python3.10/dist-packages/training_interfaces/msg/_person_s.c
[0.278s] -- Up-to-date symlink: /home/ram/Downloads/trash/Gahan_AI/ros2_ws/install/training_interfaces/local/lib/python3.10/dist-packages/training_interfaces/srv/__init__.py
[0.278s] -- Up-to-date symlink: /home/ram/Downloads/trash/Gahan_AI/ros2_ws/install/training_interfaces/local/lib/python3.10/dist-packages/training_interfaces/srv/_value.py
[0.278s] -- Up-to-date symlink: /home/ram/Downloads/trash/Gahan_AI/ros2_ws/install/training_interfaces/local/lib/python3.10/dist-packages/training_interfaces/srv/_value_s.c
[0.278s] -- Up-to-date symlink: /home/ram/Downloads/trash/Gahan_AI/ros2_ws/install/training_interfaces/local/lib/python3.10/dist-packages/training_interfaces/training_interfaces_s__rosidl_typesupport_c.cpython-310-x86_64-linux-gnu.so
[0.278s] -- Up-to-date symlink: /home/ram/Downloads/trash/Gahan_AI/ros2_ws/install/training_interfaces/local/lib/python3.10/dist-packages/training_interfaces/training_interfaces_s__rosidl_typesupport_fastrtps_c.cpython-310-x86_64-linux-gnu.so
[0.278s] -- Up-to-date symlink: /home/ram/Downloads/trash/Gahan_AI/ros2_ws/install/training_interfaces/local/lib/python3.10/dist-packages/training_interfaces/training_interfaces_s__rosidl_typesupport_introspection_c.cpython-310-x86_64-linux-gnu.so
[0.279s] -- Up-to-date symlink: /home/ram/Downloads/trash/Gahan_AI/ros2_ws/install/training_interfaces/local/lib/python3.10/dist-packages/training_interfaces/training_interfaces_s__rosidl_typesupport_fastrtps_c.cpython-310-x86_64-linux-gnu.so
[0.279s] -- Up-to-date symlink: /home/ram/Downloads/trash/Gahan_AI/ros2_ws/install/training_interfaces/local/lib/python3.10/dist-packages/training_interfaces/training_interfaces_s__rosidl_typesupport_introspection_c.cpython-310-x86_64-linux-gnu.so
[0.279s] -- Up-to-date symlink: /home/ram/Downloads/trash/Gahan_AI/ros2_ws/install/training_interfaces/local/lib/python3.10/dist-packages/training_interfaces/training_interfaces_s__rosidl_typesupport_c.cpython-310-x86_64-linux-gnu.so
[0.279s] -- Up-to-date symlink: /home/ram/Downloads/trash/Gahan_AI/ros2_ws/install/training_interfaces/share/training_interfaces/msg/Person.idl
[0.279s] -- Up-to-date symlink: /home/ram/Downloads/trash/Gahan_AI/ros2_ws/install/training_interfaces/share/training_interfaces/srv/Value.idl
[0.279s] -- Up-to-date symlink: /home/ram/Downloads/trash/Gahan_AI/ros2_ws/install/training_interfaces/share/training_interfaces/msg/Person.msg
[0.279s] -- Up-to-date symlink: /home/ram/Downloads/trash/Gahan_AI/ros2_ws/install/training_interfaces/share/training_interfaces/srv/Value.srv
[0.280s] -- Up-to-date symlink: /home/ram/Downloads/trash/Gahan_AI/ros2_ws/install/training_interfaces/share/training_interfaces/srv/Value_Request.msg
[0.280s] -- Up-to-date symlink: /home/ram/Downloads/trash/Gahan_AI/ros2_ws/install/training_interfaces/share/training_interfaces/srv/Value_Response.msg
[0.280s] -- Up-to-date symlink: /home/ram/Downloads/trash/Gahan_AI/ros2_ws/install/training_interfaces/share/ament_index/resource_index/package_run_dependencies/training_interfaces
[0.280s] -- Up-to-date symlink: /home/ram/Downloads/trash/Gahan_AI/ros2_ws/install/training_interfaces/share/ament_index/resource_index/parent_prefix_path/training_interfaces
[0.280s] -- Up-to-date symlink: /home/ram/Downloads/trash/Gahan_AI/ros2_ws/install/training_interfaces/share/training_interfaces/environment/ament_prefix_path.sh
[0.280s] -- Up-to-date symlink: /home/ram/Downloads/trash/Gahan_AI/ros2_ws/install/training_interfaces/share/training_interfaces/environment/ament_prefix_path.dsv
[0.280s] -- Up-to-date symlink: /home/ram/Downloads/trash/Gahan_AI/ros2_ws/install/training_interfaces/share/training_interfaces/environment/path.sh
[0.280s] -- Up-to-date symlink: /home/ram/Downloads/trash/Gahan_AI/ros2_ws/install/training_interfaces/share/training_interfaces/environment/path.dsv
[0.280s] -- Up-to-date symlink: /home/ram/Downloads/trash/Gahan_AI/ros2_ws/install/training_interfaces/share/training_interfaces/local_setup.bash
[0.281s] -- Up-to-date symlink: /home/ram/Downloads/trash/Gahan_AI/ros2_ws/install/training_interfaces/share/training_interfaces/local_setup.sh
[0.281s] -- Up-to-date symlink: /home/ram/Downloads/trash/Gahan_AI/ros2_ws/install/training_interfaces/share/training_interfaces/local_setup.zsh
[0.281s] -- Up-to-date symlink: /home/ram/Downloads/trash/Gahan_AI/ros2_ws/install/training_interfaces/share/training_interfaces/local_setup.dsv
[0.281s] -- Symlinking: /home/ram/Downloads/trash/Gahan_AI/ros2_ws/install/training_interfaces/share/training_interfaces/package.dsv
[0.283s] -- Up-to-date symlink: /home/ram/Downloads/trash/Gahan_AI/ros2_ws/install/training_interfaces/share/ament_index/resource_index/packages/training_interfaces
[0.283s] -- Up-to-date symlink: /home/ram/Downloads/trash/Gahan_AI/ros2_ws/install/training_interfaces/share/training_interfaces/cmake/rosidl_cmake-extras.cmake
[0.283s] -- Up-to-date symlink: /home/ram/Downloads/trash/Gahan_AI/ros2_ws/install/training_interfaces/share/training_interfaces/cmake/ament_cmake_export_include_directories-extras.cmake
[0.283s] -- Up-to-date symlink: /home/ram/Downloads/trash/Gahan_AI/ros2_ws/install/training_interfaces/share/training_interfaces/cmake/ament_cmake_export_libraries-extras.cmake
[0.283s] -- Up-to-date symlink: /home/ram/Downloads/trash/Gahan_AI/ros2_ws/install/training_interfaces/share/training_interfaces/cmake/ament_cmake_export_targets-extras.cmake
[0.283s] -- Up-to-date symlink: /home/ram/Downloads/trash/Gahan_AI/ros2_ws/install/training_interfaces/share/training_interfaces/cmake/rosidl_cmake_export_typesupport_targets-extras.cmake
[0.283s] -- Up-to-date symlink: /home/ram/Downloads/trash/Gahan_AI/ros2_ws/install/training_interfaces/share/training_interfaces/cmake/ament_cmake_export_dependencies-extras.cmake
[0.283s] -- Up-to-date symlink: /home/ram/Downloads/trash/Gahan_AI/ros2_ws/install/training_interfaces/share/training_interfaces/cmake/rosidl_cmake_export_typesupport_libraries-extras.cmake
[0.283s] -- Up-to-date symlink: /home/ram/Downloads/trash/Gahan_AI/ros2_ws/install/training_interfaces/share/training_interfaces/cmake/training_interfacesConfig.cmake
[0.283s] -- Up-to-date symlink: /home/ram/Downloads/trash/Gahan_AI/ros2_ws/install/training_interfaces/share/training_interfaces/cmake/training_interfacesConfig-version.cmake
[0.284s] -- Up-to-date symlink: /home/ram/Downloads/trash/Gahan_AI/ros2_ws/install/training_interfaces/share/training_interfaces/package.xml
[0.284s] -- Up-to-date: /home/ram/Downloads/trash/Gahan_AI/ros2_ws/install/training_interfaces/lib/libtraining_interfaces__rosidl_generator_c.so
[0.284s] -- Up-to-date: /home/ram/Downloads/trash/Gahan_AI/ros2_ws/install/training_interfaces/lib/libtraining_interfaces__rosidl_typesupport_fastrtps_c.so
[0.284s] -- Up-to-date: /home/ram/Downloads/trash/Gahan_AI/ros2_ws/install/training_interfaces/lib/libtraining_interfaces__rosidl_typesupport_introspection_c.so
[0.284s] -- Up-to-date: /home/ram/Downloads/trash/Gahan_AI/ros2_ws/install/training_interfaces/lib/libtraining_interfaces__rosidl_typesupport_c.so
[0.284s] -- Up-to-date: /home/ram/Downloads/trash/Gahan_AI/ros2_ws/install/training_interfaces/lib/libtraining_interfaces__rosidl_typesupport_fastrtps_cpp.so
[0.285s] -- Up-to-date: /home/ram/Downloads/trash/Gahan_AI/ros2_ws/install/training_interfaces/lib/libtraining_interfaces__rosidl_typesupport_introspection_cpp.so
[0.285s] -- Up-to-date: /home/ram/Downloads/trash/Gahan_AI/ros2_ws/install/training_interfaces/lib/libtraining_interfaces__rosidl_typesupport_cpp.so
[0.309s] Listing '/home/ram/Downloads/trash/Gahan_AI/ros2_ws/install/training_interfaces/local/lib/python3.10/dist-packages/training_interfaces'...
[0.309s] Listing '/home/ram/Downloads/trash/Gahan_AI/ros2_ws/install/training_interfaces/local/lib/python3.10/dist-packages/training_interfaces/msg'...
[0.309s] Listing '/home/ram/Downloads/trash/Gahan_AI/ros2_ws/install/training_interfaces/local/lib/python3.10/dist-packages/training_interfaces/srv'...
[0.312s] -- Up-to-date: /home/ram/Downloads/trash/Gahan_AI/ros2_ws/install/training_interfaces/lib/libtraining_interfaces__rosidl_generator_py.so
[0.312s] -- Up-to-date: /home/ram/Downloads/trash/Gahan_AI/ros2_ws/install/training_interfaces/share/training_interfaces/cmake/export_training_interfaces__rosidl_generator_cExport.cmake
[0.312s] -- Up-to-date: /home/ram/Downloads/trash/Gahan_AI/ros2_ws/install/training_interfaces/share/training_interfaces/cmake/export_training_interfaces__rosidl_generator_cExport-noconfig.cmake
[0.312s] -- Up-to-date: /home/ram/Downloads/trash/Gahan_AI/ros2_ws/install/training_interfaces/share/training_interfaces/cmake/export_training_interfaces__rosidl_typesupport_fastrtps_cExport.cmake
[0.312s] -- Up-to-date: /home/ram/Downloads/trash/Gahan_AI/ros2_ws/install/training_interfaces/share/training_interfaces/cmake/export_training_interfaces__rosidl_typesupport_fastrtps_cExport-noconfig.cmake
[0.312s] -- Up-to-date: /home/ram/Downloads/trash/Gahan_AI/ros2_ws/install/training_interfaces/share/training_interfaces/cmake/training_interfaces__rosidl_typesupport_introspection_cExport.cmake
[0.312s] -- Up-to-date: /home/ram/Downloads/trash/Gahan_AI/ros2_ws/install/training_interfaces/share/training_interfaces/cmake/training_interfaces__rosidl_typesupport_introspection_cExport-noconfig.cmake
[0.312s] -- Up-to-date: /home/ram/Downloads/trash/Gahan_AI/ros2_ws/install/training_interfaces/share/training_interfaces/cmake/training_interfaces__rosidl_typesupport_cExport.cmake
[0.312s] -- Up-to-date: /home/ram/Downloads/trash/Gahan_AI/ros2_ws/install/training_interfaces/share/training_interfaces/cmake/training_interfaces__rosidl_typesupport_cExport-noconfig.cmake
[0.312s] -- Up-to-date: /home/ram/Downloads/trash/Gahan_AI/ros2_ws/install/training_interfaces/share/training_interfaces/cmake/export_training_interfaces__rosidl_generator_cppExport.cmake
[0.312s] -- Up-to-date: /home/ram/Downloads/trash/Gahan_AI/ros2_ws/install/training_interfaces/share/training_interfaces/cmake/export_training_interfaces__rosidl_typesupport_fastrtps_cppExport.cmake
[0.312s] -- Up-to-date: /home/ram/Downloads/trash/Gahan_AI/ros2_ws/install/training_interfaces/share/training_interfaces/cmake/export_training_interfaces__rosidl_typesupport_fastrtps_cppExport-noconfig.cmake
[0.312s] -- Up-to-date: /home/ram/Downloads/trash/Gahan_AI/ros2_ws/install/training_interfaces/share/training_interfaces/cmake/training_interfaces__rosidl_typesupport_introspection_cppExport.cmake
[0.313s] -- Up-to-date: /home/ram/Downloads/trash/Gahan_AI/ros2_ws/install/training_interfaces/share/training_interfaces/cmake/training_interfaces__rosidl_typesupport_introspection_cppExport-noconfig.cmake
[0.313s] -- Up-to-date: /home/ram/Downloads/trash/Gahan_AI/ros2_ws/install/training_interfaces/share/training_interfaces/cmake/training_interfaces__rosidl_typesupport_cppExport.cmake
[0.313s] -- Up-to-date: /home/ram/Downloads/trash/Gahan_AI/ros2_ws/install/training_interfaces/share/training_interfaces/cmake/training_interfaces__rosidl_typesupport_cppExport-noconfig.cmake
[0.313s] -- Up-to-date: /home/ram/Downloads/trash/Gahan_AI/ros2_ws/install/training_interfaces/share/training_interfaces/cmake/export_training_interfaces__rosidl_generator_pyExport.cmake
[0.313s] -- Up-to-date: /home/ram/Downloads/trash/Gahan_AI/ros2_ws/install/training_interfaces/share/training_interfaces/cmake/export_training_interfaces__rosidl_generator_pyExport-noconfig.cmake
[0.314s] Invoked command in '/home/ram/Downloads/trash/Gahan_AI/ros2_ws/build/training_interfaces' returned '0': CMAKE_PREFIX_PATH=${CMAKE_PREFIX_PATH}:/home/ram/Downloads/trash/Gahan_AI/ros2_ws/install/training:/opt/ros/humble /usr/local/bin/cmake --install /home/ram/Downloads/trash/Gahan_AI/ros2_ws/build/training_interfaces
