[0.010s] Invoking command in '/home/ram/Downloads/trash/Gahan_AI/ros2_ws/build/training_interfaces': CMAKE_PREFIX_PATH=${CMAKE_PREFIX_PATH}:/opt/ros/humble /usr/local/bin/cmake /home/ram/Downloads/trash/Gahan_AI/ros2_ws/src/training_interfaces -DCMAKE_INSTALL_PREFIX=/home/ram/Downloads/trash/Gahan_AI/ros2_ws/install/training_interfaces
[0.070s] -- The C compiler identification is GNU 11.4.0
[0.131s] -- The CXX compiler identification is GNU 11.4.0
[0.139s] -- Detecting C compiler ABI info
[0.184s] -- Detecting C compiler ABI info - done
[0.194s] -- Check for working C compiler: /usr/bin/cc - skipped
[0.195s] -- Detecting C compile features
[0.195s] -- Detecting C compile features - done
[0.198s] -- Detecting CXX compiler ABI info
[0.252s] -- Detecting CXX compiler ABI info - done
[0.262s] -- Check for working CXX compiler: /usr/bin/c++ - skipped
[0.262s] -- Detecting CXX compile features
[0.262s] -- Detecting CXX compile features - done
[0.264s] -- Found ament_cmake: 1.3.11 (/opt/ros/humble/share/ament_cmake/cmake)
[0.521s] -- Found Python3: /usr/bin/python3 (found version "3.10.12") found components: Interpreter 
[0.582s] -- Found rosidl_default_generators: 1.2.0 (/opt/ros/humble/share/rosidl_default_generators/cmake)
[0.584s] -- Using all available rosidl_typesupport_c: rosidl_typesupport_fastrtps_c;rosidl_typesupport_introspection_c
[0.589s] -- Found rosidl_adapter: 3.1.6 (/opt/ros/humble/share/rosidl_adapter/cmake)
[0.619s] -- Using all available rosidl_typesupport_cpp: rosidl_typesupport_fastrtps_cpp;rosidl_typesupport_introspection_cpp
[0.791s] -- Found ament_cmake_ros: 0.10.0 (/opt/ros/humble/share/ament_cmake_ros/cmake)
[0.868s] -- Using all available rosidl_typesupport_c: rosidl_typesupport_fastrtps_c;rosidl_typesupport_introspection_c
[0.961s] -- Using all available rosidl_typesupport_cpp: rosidl_typesupport_fastrtps_cpp;rosidl_typesupport_introspection_cpp
[0.978s] -- Found PythonInterp: /usr/bin/python3 (found suitable version "3.10.12", minimum required is "3.6") 
[0.978s] -- Found python_cmake_module: 0.10.0 (/opt/ros/humble/share/python_cmake_module/cmake)
[0.999s] -- Found PythonLibs: /usr/lib/x86_64-linux-gnu/libpython3.10.so (found suitable version "3.10.12", minimum required is "3.5") 
[0.999s] -- Using PYTHON_EXECUTABLE: /usr/bin/python3
[0.999s] -- Using PYTHON_INCLUDE_DIRS: /usr/include/python3.10
[0.999s] -- Using PYTHON_LIBRARIES: /usr/lib/x86_64-linux-gnu/libpython3.10.so
[1.018s] -- Found PythonExtra: .so  
[1.045s] -- Found ament_lint_auto: 0.12.12 (/opt/ros/humble/share/ament_lint_auto/cmake)
[1.057s] -- Added test 'lint_cmake' to check CMake code style
[1.058s] -- Added test 'xmllint' to check XML markup files
[1.060s] -- Configuring done (1.0s)
[1.086s] -- Generating done (0.0s)
[1.094s] -- Build files have been written to: /home/ram/Downloads/trash/Gahan_AI/ros2_ws/build/training_interfaces
[1.099s] Invoked command in '/home/ram/Downloads/trash/Gahan_AI/ros2_ws/build/training_interfaces' returned '0': CMAKE_PREFIX_PATH=${CMAKE_PREFIX_PATH}:/opt/ros/humble /usr/local/bin/cmake /home/ram/Downloads/trash/Gahan_AI/ros2_ws/src/training_interfaces -DCMAKE_INSTALL_PREFIX=/home/ram/Downloads/trash/Gahan_AI/ros2_ws/install/training_interfaces
[1.102s] Invoking command in '/home/ram/Downloads/trash/Gahan_AI/ros2_ws/build/training_interfaces': CMAKE_PREFIX_PATH=${CMAKE_PREFIX_PATH}:/opt/ros/humble /usr/local/bin/cmake --build /home/ram/Downloads/trash/Gahan_AI/ros2_ws/build/training_interfaces -- -j8 -l8
[1.115s] [  2%] [34m[1mGenerating C code for ROS interfaces[0m
[1.118s] [  5%] [34m[1mGenerating C++ code for ROS interfaces[0m
[1.120s] [  5%] Built target ament_cmake_python_copy_training_interfaces
[1.311s] running egg_info
[1.326s] creating training_interfaces.egg-info
[1.326s] writing training_interfaces.egg-info/PKG-INFO
[1.326s] writing dependency_links to training_interfaces.egg-info/dependency_links.txt
[1.327s] writing top-level names to training_interfaces.egg-info/top_level.txt
[1.327s] writing manifest file 'training_interfaces.egg-info/SOURCES.txt'
[1.370s] reading manifest file 'training_interfaces.egg-info/SOURCES.txt'
[1.370s] writing manifest file 'training_interfaces.egg-info/SOURCES.txt'
[1.393s] [  5%] Built target ament_cmake_python_build_training_interfaces_egg
[1.409s] [  5%] Built target training_interfaces__cpp
[1.412s] [  7%] [34m[1mGenerating C++ type support dispatch for ROS interfaces[0m
[1.413s] [ 10%] [34m[1mGenerating C++ type support for eProsima Fast-RTPS[0m
[1.413s] [ 12%] [34m[1mGenerating C++ introspection for ROS interfaces[0m
[1.415s] [ 15%] [32mBuilding C object CMakeFiles/training_interfaces__rosidl_generator_c.dir/rosidl_generator_c/training_interfaces/msg/detail/person__functions.c.o[0m
[1.415s] [ 17%] [32mBuilding C object CMakeFiles/training_interfaces__rosidl_generator_c.dir/rosidl_generator_c/training_interfaces/srv/detail/value__functions.c.o[0m
[1.468s] [ 20%] [32m[1mLinking C shared library libtraining_interfaces__rosidl_generator_c.so[0m
[1.492s] [ 20%] Built target training_interfaces__rosidl_generator_c
[1.496s] [ 23%] [34m[1mGenerating C type support dispatch for ROS interfaces[0m
[1.497s] [ 25%] [34m[1mGenerating C type support for eProsima Fast-RTPS[0m
[1.497s] [ 28%] [34m[1mGenerating C introspection for ROS interfaces[0m
[1.759s] [ 30%] [32mBuilding CXX object CMakeFiles/training_interfaces__rosidl_typesupport_fastrtps_cpp.dir/rosidl_typesupport_fastrtps_cpp/training_interfaces/msg/detail/dds_fastrtps/person__type_support.cpp.o[0m
[1.760s] [ 33%] [32mBuilding CXX object CMakeFiles/training_interfaces__rosidl_typesupport_fastrtps_cpp.dir/rosidl_typesupport_fastrtps_cpp/training_interfaces/srv/detail/dds_fastrtps/value__type_support.cpp.o[0m
[1.763s] [ 35%] [32mBuilding CXX object CMakeFiles/training_interfaces__rosidl_typesupport_c.dir/rosidl_typesupport_c/training_interfaces/msg/person__type_support.cpp.o[0m
[1.766s] [ 38%] [32mBuilding CXX object CMakeFiles/training_interfaces__rosidl_typesupport_c.dir/rosidl_typesupport_c/training_interfaces/srv/value__type_support.cpp.o[0m
[1.805s] [ 41%] [32m[1mLinking CXX shared library libtraining_interfaces__rosidl_typesupport_c.so[0m
[1.849s] [ 41%] Built target training_interfaces__rosidl_typesupport_c
[1.877s] [ 43%] [32mBuilding CXX object CMakeFiles/training_interfaces__rosidl_typesupport_cpp.dir/rosidl_typesupport_cpp/training_interfaces/msg/person__type_support.cpp.o[0m
[1.877s] [ 46%] [32mBuilding CXX object CMakeFiles/training_interfaces__rosidl_typesupport_cpp.dir/rosidl_typesupport_cpp/training_interfaces/srv/value__type_support.cpp.o[0m
[1.889s] [ 48%] [32mBuilding CXX object CMakeFiles/training_interfaces__rosidl_typesupport_introspection_cpp.dir/rosidl_typesupport_introspection_cpp/training_interfaces/msg/detail/person__type_support.cpp.o[0m
[1.889s] [ 51%] [32mBuilding CXX object CMakeFiles/training_interfaces__rosidl_typesupport_introspection_cpp.dir/rosidl_typesupport_introspection_cpp/training_interfaces/srv/detail/value__type_support.cpp.o[0m
[2.035s] [ 53%] [32mBuilding C object CMakeFiles/training_interfaces__rosidl_typesupport_introspection_c.dir/rosidl_typesupport_introspection_c/training_interfaces/msg/detail/person__type_support.c.o[0m
[2.060s] [ 56%] [32mBuilding CXX object CMakeFiles/training_interfaces__rosidl_typesupport_fastrtps_c.dir/rosidl_typesupport_fastrtps_c/training_interfaces/msg/detail/person__type_support_c.cpp.o[0m
[2.087s] [ 58%] [32mBuilding C object CMakeFiles/training_interfaces__rosidl_typesupport_introspection_c.dir/rosidl_typesupport_introspection_c/training_interfaces/srv/detail/value__type_support.c.o[0m
[2.132s] [ 61%] [32m[1mLinking C shared library libtraining_interfaces__rosidl_typesupport_introspection_c.so[0m
[2.161s] [ 61%] Built target training_interfaces__rosidl_typesupport_introspection_c
[2.166s] [ 64%] [32mBuilding CXX object CMakeFiles/training_interfaces__rosidl_typesupport_fastrtps_c.dir/rosidl_typesupport_fastrtps_c/training_interfaces/srv/detail/value__type_support_c.cpp.o[0m
[2.317s] [ 66%] [32m[1mLinking CXX shared library libtraining_interfaces__rosidl_typesupport_cpp.so[0m
[2.364s] [ 66%] Built target training_interfaces__rosidl_typesupport_cpp
[2.395s] [ 69%] [32m[1mLinking CXX shared library libtraining_interfaces__rosidl_typesupport_fastrtps_cpp.so[0m
[2.463s] [ 69%] Built target training_interfaces__rosidl_typesupport_fastrtps_cpp
[2.529s] [ 71%] [32m[1mLinking CXX shared library libtraining_interfaces__rosidl_typesupport_introspection_cpp.so[0m
[2.577s] [ 71%] Built target training_interfaces__rosidl_typesupport_introspection_cpp
[2.592s] [ 74%] [32m[1mLinking CXX shared library libtraining_interfaces__rosidl_typesupport_fastrtps_c.so[0m
[2.656s] [ 74%] Built target training_interfaces__rosidl_typesupport_fastrtps_c
[2.662s] [ 74%] Built target training_interfaces
[2.669s] [ 76%] [34m[1mGenerating Python code for ROS interfaces[0m
[2.966s] [ 76%] Built target training_interfaces__py
[2.973s] [ 79%] [32mBuilding C object CMakeFiles/training_interfaces__rosidl_generator_py.dir/rosidl_generator_py/training_interfaces/srv/_value_s.c.o[0m
[2.973s] [ 82%] [32mBuilding C object CMakeFiles/training_interfaces__rosidl_generator_py.dir/rosidl_generator_py/training_interfaces/msg/_person_s.c.o[0m
[3.052s] [ 84%] [32m[1mLinking C shared library rosidl_generator_py/training_interfaces/libtraining_interfaces__rosidl_generator_py.so[0m
[3.073s] [ 84%] Built target training_interfaces__rosidl_generator_py
[3.080s] [ 92%] [32mBuilding C object CMakeFiles/training_interfaces__rosidl_typesupport_c__pyext.dir/rosidl_generator_py/training_interfaces/_training_interfaces_s.ep.rosidl_typesupport_c.c.o[0m
[3.081s] [ 92%] [32mBuilding C object CMakeFiles/training_interfaces__rosidl_typesupport_introspection_c__pyext.dir/rosidl_generator_py/training_interfaces/_training_interfaces_s.ep.rosidl_typesupport_introspection_c.c.o[0m
[3.081s] [ 92%] [32mBuilding C object CMakeFiles/training_interfaces__rosidl_typesupport_fastrtps_c__pyext.dir/rosidl_generator_py/training_interfaces/_training_interfaces_s.ep.rosidl_typesupport_fastrtps_c.c.o[0m
[3.163s] [ 94%] [32m[1mLinking C shared library rosidl_generator_py/training_interfaces/training_interfaces_s__rosidl_typesupport_c.cpython-310-x86_64-linux-gnu.so[0m
[3.165s] [ 97%] [32m[1mLinking C shared library rosidl_generator_py/training_interfaces/training_interfaces_s__rosidl_typesupport_introspection_c.cpython-310-x86_64-linux-gnu.so[0m
[3.167s] [100%] [32m[1mLinking C shared library rosidl_generator_py/training_interfaces/training_interfaces_s__rosidl_typesupport_fastrtps_c.cpython-310-x86_64-linux-gnu.so[0m
[3.181s] [100%] Built target training_interfaces__rosidl_typesupport_c__pyext
[3.183s] [100%] Built target training_interfaces__rosidl_typesupport_introspection_c__pyext
[3.185s] [100%] Built target training_interfaces__rosidl_typesupport_fastrtps_c__pyext
[3.189s] Invoked command in '/home/ram/Downloads/trash/Gahan_AI/ros2_ws/build/training_interfaces' returned '0': CMAKE_PREFIX_PATH=${CMAKE_PREFIX_PATH}:/opt/ros/humble /usr/local/bin/cmake --build /home/ram/Downloads/trash/Gahan_AI/ros2_ws/build/training_interfaces -- -j8 -l8
[3.191s] Invoking command in '/home/ram/Downloads/trash/Gahan_AI/ros2_ws/build/training_interfaces': CMAKE_PREFIX_PATH=${CMAKE_PREFIX_PATH}:/opt/ros/humble /usr/local/bin/cmake --install /home/ram/Downloads/trash/Gahan_AI/ros2_ws/build/training_interfaces
[3.194s] -- Install configuration: ""
[3.194s] -- Installing: /home/ram/Downloads/trash/Gahan_AI/ros2_ws/install/training_interfaces/share/ament_index/resource_index/rosidl_interfaces/training_interfaces
[3.194s] -- Installing: /home/ram/Downloads/trash/Gahan_AI/ros2_ws/install/training_interfaces/include/training_interfaces/training_interfaces
[3.194s] -- Installing: /home/ram/Downloads/trash/Gahan_AI/ros2_ws/install/training_interfaces/include/training_interfaces/training_interfaces/msg
[3.194s] -- Installing: /home/ram/Downloads/trash/Gahan_AI/ros2_ws/install/training_interfaces/include/training_interfaces/training_interfaces/msg/detail
[3.194s] -- Installing: /home/ram/Downloads/trash/Gahan_AI/ros2_ws/install/training_interfaces/include/training_interfaces/training_interfaces/msg/detail/person__functions.h
[3.194s] -- Installing: /home/ram/Downloads/trash/Gahan_AI/ros2_ws/install/training_interfaces/include/training_interfaces/training_interfaces/msg/detail/person__struct.h
[3.194s] -- Installing: /home/ram/Downloads/trash/Gahan_AI/ros2_ws/install/training_interfaces/include/training_interfaces/training_interfaces/msg/detail/person__type_support.h
[3.194s] -- Installing: /home/ram/Downloads/trash/Gahan_AI/ros2_ws/install/training_interfaces/include/training_interfaces/training_interfaces/msg/detail/person__functions.c
[3.195s] -- Installing: /home/ram/Downloads/trash/Gahan_AI/ros2_ws/install/training_interfaces/include/training_interfaces/training_interfaces/msg/rosidl_generator_c__visibility_control.h
[3.195s] -- Installing: /home/ram/Downloads/trash/Gahan_AI/ros2_ws/install/training_interfaces/include/training_interfaces/training_interfaces/msg/person.h
[3.195s] -- Installing: /home/ram/Downloads/trash/Gahan_AI/ros2_ws/install/training_interfaces/include/training_interfaces/training_interfaces/srv
[3.195s] -- Installing: /home/ram/Downloads/trash/Gahan_AI/ros2_ws/install/training_interfaces/include/training_interfaces/training_interfaces/srv/detail
[3.195s] -- Installing: /home/ram/Downloads/trash/Gahan_AI/ros2_ws/install/training_interfaces/include/training_interfaces/training_interfaces/srv/detail/value__type_support.h
[3.195s] -- Installing: /home/ram/Downloads/trash/Gahan_AI/ros2_ws/install/training_interfaces/include/training_interfaces/training_interfaces/srv/detail/value__functions.c
[3.195s] -- Installing: /home/ram/Downloads/trash/Gahan_AI/ros2_ws/install/training_interfaces/include/training_interfaces/training_interfaces/srv/detail/value__struct.h
[3.195s] -- Installing: /home/ram/Downloads/trash/Gahan_AI/ros2_ws/install/training_interfaces/include/training_interfaces/training_interfaces/srv/detail/value__functions.h
[3.195s] -- Installing: /home/ram/Downloads/trash/Gahan_AI/ros2_ws/install/training_interfaces/include/training_interfaces/training_interfaces/srv/value.h
[3.195s] -- Installing: /home/ram/Downloads/trash/Gahan_AI/ros2_ws/install/training_interfaces/share/training_interfaces/environment/library_path.sh
[3.195s] -- Installing: /home/ram/Downloads/trash/Gahan_AI/ros2_ws/install/training_interfaces/share/training_interfaces/environment/library_path.dsv
[3.195s] -- Installing: /home/ram/Downloads/trash/Gahan_AI/ros2_ws/install/training_interfaces/lib/libtraining_interfaces__rosidl_generator_c.so
[3.195s] -- Set runtime path of "/home/ram/Downloads/trash/Gahan_AI/ros2_ws/install/training_interfaces/lib/libtraining_interfaces__rosidl_generator_c.so" to ""
[3.195s] -- Up-to-date: /home/ram/Downloads/trash/Gahan_AI/ros2_ws/install/training_interfaces/include/training_interfaces/training_interfaces
[3.196s] -- Up-to-date: /home/ram/Downloads/trash/Gahan_AI/ros2_ws/install/training_interfaces/include/training_interfaces/training_interfaces/msg
[3.196s] -- Up-to-date: /home/ram/Downloads/trash/Gahan_AI/ros2_ws/install/training_interfaces/include/training_interfaces/training_interfaces/msg/detail
[3.196s] -- Installing: /home/ram/Downloads/trash/Gahan_AI/ros2_ws/install/training_interfaces/include/training_interfaces/training_interfaces/msg/detail/person__rosidl_typesupport_fastrtps_c.h
[3.196s] -- Installing: /home/ram/Downloads/trash/Gahan_AI/ros2_ws/install/training_interfaces/include/training_interfaces/training_interfaces/msg/rosidl_typesupport_fastrtps_c__visibility_control.h
[3.196s] -- Up-to-date: /home/ram/Downloads/trash/Gahan_AI/ros2_ws/install/training_interfaces/include/training_interfaces/training_interfaces/srv
[3.196s] -- Up-to-date: /home/ram/Downloads/trash/Gahan_AI/ros2_ws/install/training_interfaces/include/training_interfaces/training_interfaces/srv/detail
[3.196s] -- Installing: /home/ram/Downloads/trash/Gahan_AI/ros2_ws/install/training_interfaces/include/training_interfaces/training_interfaces/srv/detail/value__rosidl_typesupport_fastrtps_c.h
[3.196s] -- Installing: /home/ram/Downloads/trash/Gahan_AI/ros2_ws/install/training_interfaces/lib/libtraining_interfaces__rosidl_typesupport_fastrtps_c.so
[3.196s] -- Set runtime path of "/home/ram/Downloads/trash/Gahan_AI/ros2_ws/install/training_interfaces/lib/libtraining_interfaces__rosidl_typesupport_fastrtps_c.so" to ""
[3.196s] -- Up-to-date: /home/ram/Downloads/trash/Gahan_AI/ros2_ws/install/training_interfaces/include/training_interfaces/training_interfaces
[3.196s] -- Up-to-date: /home/ram/Downloads/trash/Gahan_AI/ros2_ws/install/training_interfaces/include/training_interfaces/training_interfaces/msg
[3.196s] -- Up-to-date: /home/ram/Downloads/trash/Gahan_AI/ros2_ws/install/training_interfaces/include/training_interfaces/training_interfaces/msg/detail
[3.196s] -- Installing: /home/ram/Downloads/trash/Gahan_AI/ros2_ws/install/training_interfaces/include/training_interfaces/training_interfaces/msg/detail/person__type_support.c
[3.196s] -- Installing: /home/ram/Downloads/trash/Gahan_AI/ros2_ws/install/training_interfaces/include/training_interfaces/training_interfaces/msg/detail/person__rosidl_typesupport_introspection_c.h
[3.196s] -- Installing: /home/ram/Downloads/trash/Gahan_AI/ros2_ws/install/training_interfaces/include/training_interfaces/training_interfaces/msg/rosidl_typesupport_introspection_c__visibility_control.h
[3.197s] -- Up-to-date: /home/ram/Downloads/trash/Gahan_AI/ros2_ws/install/training_interfaces/include/training_interfaces/training_interfaces/srv
[3.197s] -- Up-to-date: /home/ram/Downloads/trash/Gahan_AI/ros2_ws/install/training_interfaces/include/training_interfaces/training_interfaces/srv/detail
[3.197s] -- Installing: /home/ram/Downloads/trash/Gahan_AI/ros2_ws/install/training_interfaces/include/training_interfaces/training_interfaces/srv/detail/value__type_support.c
[3.197s] -- Installing: /home/ram/Downloads/trash/Gahan_AI/ros2_ws/install/training_interfaces/include/training_interfaces/training_interfaces/srv/detail/value__rosidl_typesupport_introspection_c.h
[3.197s] -- Installing: /home/ram/Downloads/trash/Gahan_AI/ros2_ws/install/training_interfaces/lib/libtraining_interfaces__rosidl_typesupport_introspection_c.so
[3.197s] -- Set runtime path of "/home/ram/Downloads/trash/Gahan_AI/ros2_ws/install/training_interfaces/lib/libtraining_interfaces__rosidl_typesupport_introspection_c.so" to ""
[3.197s] -- Installing: /home/ram/Downloads/trash/Gahan_AI/ros2_ws/install/training_interfaces/lib/libtraining_interfaces__rosidl_typesupport_c.so
[3.197s] -- Set runtime path of "/home/ram/Downloads/trash/Gahan_AI/ros2_ws/install/training_interfaces/lib/libtraining_interfaces__rosidl_typesupport_c.so" to ""
[3.197s] -- Up-to-date: /home/ram/Downloads/trash/Gahan_AI/ros2_ws/install/training_interfaces/include/training_interfaces/training_interfaces
[3.197s] -- Up-to-date: /home/ram/Downloads/trash/Gahan_AI/ros2_ws/install/training_interfaces/include/training_interfaces/training_interfaces/msg
[3.197s] -- Up-to-date: /home/ram/Downloads/trash/Gahan_AI/ros2_ws/install/training_interfaces/include/training_interfaces/training_interfaces/msg/detail
[3.197s] -- Installing: /home/ram/Downloads/trash/Gahan_AI/ros2_ws/install/training_interfaces/include/training_interfaces/training_interfaces/msg/detail/person__struct.hpp
[3.197s] -- Installing: /home/ram/Downloads/trash/Gahan_AI/ros2_ws/install/training_interfaces/include/training_interfaces/training_interfaces/msg/detail/person__traits.hpp
[3.197s] -- Installing: /home/ram/Downloads/trash/Gahan_AI/ros2_ws/install/training_interfaces/include/training_interfaces/training_interfaces/msg/detail/person__type_support.hpp
[3.198s] -- Installing: /home/ram/Downloads/trash/Gahan_AI/ros2_ws/install/training_interfaces/include/training_interfaces/training_interfaces/msg/detail/person__builder.hpp
[3.198s] -- Installing: /home/ram/Downloads/trash/Gahan_AI/ros2_ws/install/training_interfaces/include/training_interfaces/training_interfaces/msg/person.hpp
[3.198s] -- Installing: /home/ram/Downloads/trash/Gahan_AI/ros2_ws/install/training_interfaces/include/training_interfaces/training_interfaces/msg/rosidl_generator_cpp__visibility_control.hpp
[3.198s] -- Up-to-date: /home/ram/Downloads/trash/Gahan_AI/ros2_ws/install/training_interfaces/include/training_interfaces/training_interfaces/srv
[3.198s] -- Up-to-date: /home/ram/Downloads/trash/Gahan_AI/ros2_ws/install/training_interfaces/include/training_interfaces/training_interfaces/srv/detail
[3.198s] -- Installing: /home/ram/Downloads/trash/Gahan_AI/ros2_ws/install/training_interfaces/include/training_interfaces/training_interfaces/srv/detail/value__traits.hpp
[3.198s] -- Installing: /home/ram/Downloads/trash/Gahan_AI/ros2_ws/install/training_interfaces/include/training_interfaces/training_interfaces/srv/detail/value__struct.hpp
[3.198s] -- Installing: /home/ram/Downloads/trash/Gahan_AI/ros2_ws/install/training_interfaces/include/training_interfaces/training_interfaces/srv/detail/value__builder.hpp
[3.198s] -- Installing: /home/ram/Downloads/trash/Gahan_AI/ros2_ws/install/training_interfaces/include/training_interfaces/training_interfaces/srv/detail/value__type_support.hpp
[3.198s] -- Installing: /home/ram/Downloads/trash/Gahan_AI/ros2_ws/install/training_interfaces/include/training_interfaces/training_interfaces/srv/value.hpp
[3.198s] -- Up-to-date: /home/ram/Downloads/trash/Gahan_AI/ros2_ws/install/training_interfaces/include/training_interfaces/training_interfaces
[3.198s] -- Up-to-date: /home/ram/Downloads/trash/Gahan_AI/ros2_ws/install/training_interfaces/include/training_interfaces/training_interfaces/msg
[3.198s] -- Up-to-date: /home/ram/Downloads/trash/Gahan_AI/ros2_ws/install/training_interfaces/include/training_interfaces/training_interfaces/msg/detail
[3.198s] -- Installing: /home/ram/Downloads/trash/Gahan_AI/ros2_ws/install/training_interfaces/include/training_interfaces/training_interfaces/msg/detail/person__rosidl_typesupport_fastrtps_cpp.hpp
[3.198s] -- Installing: /home/ram/Downloads/trash/Gahan_AI/ros2_ws/install/training_interfaces/include/training_interfaces/training_interfaces/msg/detail/dds_fastrtps
[3.198s] -- Installing: /home/ram/Downloads/trash/Gahan_AI/ros2_ws/install/training_interfaces/include/training_interfaces/training_interfaces/msg/rosidl_typesupport_fastrtps_cpp__visibility_control.h
[3.199s] -- Up-to-date: /home/ram/Downloads/trash/Gahan_AI/ros2_ws/install/training_interfaces/include/training_interfaces/training_interfaces/srv
[3.199s] -- Up-to-date: /home/ram/Downloads/trash/Gahan_AI/ros2_ws/install/training_interfaces/include/training_interfaces/training_interfaces/srv/detail
[3.199s] -- Installing: /home/ram/Downloads/trash/Gahan_AI/ros2_ws/install/training_interfaces/include/training_interfaces/training_interfaces/srv/detail/dds_fastrtps
[3.199s] -- Installing: /home/ram/Downloads/trash/Gahan_AI/ros2_ws/install/training_interfaces/include/training_interfaces/training_interfaces/srv/detail/value__rosidl_typesupport_fastrtps_cpp.hpp
[3.199s] -- Installing: /home/ram/Downloads/trash/Gahan_AI/ros2_ws/install/training_interfaces/lib/libtraining_interfaces__rosidl_typesupport_fastrtps_cpp.so
[3.199s] -- Set runtime path of "/home/ram/Downloads/trash/Gahan_AI/ros2_ws/install/training_interfaces/lib/libtraining_interfaces__rosidl_typesupport_fastrtps_cpp.so" to ""
[3.199s] -- Up-to-date: /home/ram/Downloads/trash/Gahan_AI/ros2_ws/install/training_interfaces/include/training_interfaces/training_interfaces
[3.199s] -- Up-to-date: /home/ram/Downloads/trash/Gahan_AI/ros2_ws/install/training_interfaces/include/training_interfaces/training_interfaces/msg
[3.199s] -- Up-to-date: /home/ram/Downloads/trash/Gahan_AI/ros2_ws/install/training_interfaces/include/training_interfaces/training_interfaces/msg/detail
[3.199s] -- Installing: /home/ram/Downloads/trash/Gahan_AI/ros2_ws/install/training_interfaces/include/training_interfaces/training_interfaces/msg/detail/person__type_support.cpp
[3.199s] -- Installing: /home/ram/Downloads/trash/Gahan_AI/ros2_ws/install/training_interfaces/include/training_interfaces/training_interfaces/msg/detail/person__rosidl_typesupport_introspection_cpp.hpp
[3.199s] -- Up-to-date: /home/ram/Downloads/trash/Gahan_AI/ros2_ws/install/training_interfaces/include/training_interfaces/training_interfaces/srv
[3.199s] -- Up-to-date: /home/ram/Downloads/trash/Gahan_AI/ros2_ws/install/training_interfaces/include/training_interfaces/training_interfaces/srv/detail
[3.199s] -- Installing: /home/ram/Downloads/trash/Gahan_AI/ros2_ws/install/training_interfaces/include/training_interfaces/training_interfaces/srv/detail/value__type_support.cpp
[3.199s] -- Installing: /home/ram/Downloads/trash/Gahan_AI/ros2_ws/install/training_interfaces/include/training_interfaces/training_interfaces/srv/detail/value__rosidl_typesupport_introspection_cpp.hpp
[3.199s] -- Installing: /home/ram/Downloads/trash/Gahan_AI/ros2_ws/install/training_interfaces/lib/libtraining_interfaces__rosidl_typesupport_introspection_cpp.so
[3.200s] -- Set runtime path of "/home/ram/Downloads/trash/Gahan_AI/ros2_ws/install/training_interfaces/lib/libtraining_interfaces__rosidl_typesupport_introspection_cpp.so" to ""
[3.200s] -- Installing: /home/ram/Downloads/trash/Gahan_AI/ros2_ws/install/training_interfaces/lib/libtraining_interfaces__rosidl_typesupport_cpp.so
[3.200s] -- Set runtime path of "/home/ram/Downloads/trash/Gahan_AI/ros2_ws/install/training_interfaces/lib/libtraining_interfaces__rosidl_typesupport_cpp.so" to ""
[3.200s] -- Installing: /home/ram/Downloads/trash/Gahan_AI/ros2_ws/install/training_interfaces/share/training_interfaces/environment/pythonpath.sh
[3.200s] -- Installing: /home/ram/Downloads/trash/Gahan_AI/ros2_ws/install/training_interfaces/share/training_interfaces/environment/pythonpath.dsv
[3.200s] -- Installing: /home/ram/Downloads/trash/Gahan_AI/ros2_ws/install/training_interfaces/local/lib/python3.10/dist-packages/training_interfaces-0.0.0-py3.10.egg-info
[3.200s] -- Installing: /home/ram/Downloads/trash/Gahan_AI/ros2_ws/install/training_interfaces/local/lib/python3.10/dist-packages/training_interfaces-0.0.0-py3.10.egg-info/SOURCES.txt
[3.200s] -- Installing: /home/ram/Downloads/trash/Gahan_AI/ros2_ws/install/training_interfaces/local/lib/python3.10/dist-packages/training_interfaces-0.0.0-py3.10.egg-info/top_level.txt
[3.200s] -- Installing: /home/ram/Downloads/trash/Gahan_AI/ros2_ws/install/training_interfaces/local/lib/python3.10/dist-packages/training_interfaces-0.0.0-py3.10.egg-info/dependency_links.txt
[3.200s] -- Installing: /home/ram/Downloads/trash/Gahan_AI/ros2_ws/install/training_interfaces/local/lib/python3.10/dist-packages/training_interfaces-0.0.0-py3.10.egg-info/PKG-INFO
[3.200s] -- Installing: /home/ram/Downloads/trash/Gahan_AI/ros2_ws/install/training_interfaces/local/lib/python3.10/dist-packages/training_interfaces
[3.200s] -- Installing: /home/ram/Downloads/trash/Gahan_AI/ros2_ws/install/training_interfaces/local/lib/python3.10/dist-packages/training_interfaces/msg
[3.200s] -- Installing: /home/ram/Downloads/trash/Gahan_AI/ros2_ws/install/training_interfaces/local/lib/python3.10/dist-packages/training_interfaces/msg/_person.py
[3.200s] -- Installing: /home/ram/Downloads/trash/Gahan_AI/ros2_ws/install/training_interfaces/local/lib/python3.10/dist-packages/training_interfaces/msg/_person_s.c
[3.200s] -- Installing: /home/ram/Downloads/trash/Gahan_AI/ros2_ws/install/training_interfaces/local/lib/python3.10/dist-packages/training_interfaces/msg/__init__.py
[3.201s] -- Installing: /home/ram/Downloads/trash/Gahan_AI/ros2_ws/install/training_interfaces/local/lib/python3.10/dist-packages/training_interfaces/training_interfaces_s__rosidl_typesupport_fastrtps_c.cpython-310-x86_64-linux-gnu.so
[3.201s] -- Installing: /home/ram/Downloads/trash/Gahan_AI/ros2_ws/install/training_interfaces/local/lib/python3.10/dist-packages/training_interfaces/training_interfaces_s__rosidl_typesupport_c.cpython-310-x86_64-linux-gnu.so
[3.201s] -- Installing: /home/ram/Downloads/trash/Gahan_AI/ros2_ws/install/training_interfaces/local/lib/python3.10/dist-packages/training_interfaces/srv
[3.201s] -- Installing: /home/ram/Downloads/trash/Gahan_AI/ros2_ws/install/training_interfaces/local/lib/python3.10/dist-packages/training_interfaces/srv/_value_s.c
[3.201s] -- Installing: /home/ram/Downloads/trash/Gahan_AI/ros2_ws/install/training_interfaces/local/lib/python3.10/dist-packages/training_interfaces/srv/_value.py
[3.201s] -- Installing: /home/ram/Downloads/trash/Gahan_AI/ros2_ws/install/training_interfaces/local/lib/python3.10/dist-packages/training_interfaces/srv/__init__.py
[3.201s] -- Installing: /home/ram/Downloads/trash/Gahan_AI/ros2_ws/install/training_interfaces/local/lib/python3.10/dist-packages/training_interfaces/_training_interfaces_s.ep.rosidl_typesupport_c.c
[3.201s] -- Installing: /home/ram/Downloads/trash/Gahan_AI/ros2_ws/install/training_interfaces/local/lib/python3.10/dist-packages/training_interfaces/__init__.py
[3.201s] -- Installing: /home/ram/Downloads/trash/Gahan_AI/ros2_ws/install/training_interfaces/local/lib/python3.10/dist-packages/training_interfaces/_training_interfaces_s.ep.rosidl_typesupport_fastrtps_c.c
[3.201s] -- Installing: /home/ram/Downloads/trash/Gahan_AI/ros2_ws/install/training_interfaces/local/lib/python3.10/dist-packages/training_interfaces/training_interfaces_s__rosidl_typesupport_introspection_c.cpython-310-x86_64-linux-gnu.so
[3.201s] -- Installing: /home/ram/Downloads/trash/Gahan_AI/ros2_ws/install/training_interfaces/local/lib/python3.10/dist-packages/training_interfaces/libtraining_interfaces__rosidl_generator_py.so
[3.201s] -- Installing: /home/ram/Downloads/trash/Gahan_AI/ros2_ws/install/training_interfaces/local/lib/python3.10/dist-packages/training_interfaces/_training_interfaces_s.ep.rosidl_typesupport_introspection_c.c
[3.229s] Listing '/home/ram/Downloads/trash/Gahan_AI/ros2_ws/install/training_interfaces/local/lib/python3.10/dist-packages/training_interfaces'...
[3.229s] Compiling '/home/ram/Downloads/trash/Gahan_AI/ros2_ws/install/training_interfaces/local/lib/python3.10/dist-packages/training_interfaces/__init__.py'...
[3.230s] Listing '/home/ram/Downloads/trash/Gahan_AI/ros2_ws/install/training_interfaces/local/lib/python3.10/dist-packages/training_interfaces/msg'...
[3.230s] Compiling '/home/ram/Downloads/trash/Gahan_AI/ros2_ws/install/training_interfaces/local/lib/python3.10/dist-packages/training_interfaces/msg/__init__.py'...
[3.230s] Compiling '/home/ram/Downloads/trash/Gahan_AI/ros2_ws/install/training_interfaces/local/lib/python3.10/dist-packages/training_interfaces/msg/_person.py'...
[3.230s] Listing '/home/ram/Downloads/trash/Gahan_AI/ros2_ws/install/training_interfaces/local/lib/python3.10/dist-packages/training_interfaces/srv'...
[3.230s] Compiling '/home/ram/Downloads/trash/Gahan_AI/ros2_ws/install/training_interfaces/local/lib/python3.10/dist-packages/training_interfaces/srv/__init__.py'...
[3.230s] Compiling '/home/ram/Downloads/trash/Gahan_AI/ros2_ws/install/training_interfaces/local/lib/python3.10/dist-packages/training_interfaces/srv/_value.py'...
[3.233s] -- Installing: /home/ram/Downloads/trash/Gahan_AI/ros2_ws/install/training_interfaces/local/lib/python3.10/dist-packages/training_interfaces/training_interfaces_s__rosidl_typesupport_fastrtps_c.cpython-310-x86_64-linux-gnu.so
[3.233s] -- Set runtime path of "/home/ram/Downloads/trash/Gahan_AI/ros2_ws/install/training_interfaces/local/lib/python3.10/dist-packages/training_interfaces/training_interfaces_s__rosidl_typesupport_fastrtps_c.cpython-310-x86_64-linux-gnu.so" to ""
[3.233s] -- Installing: /home/ram/Downloads/trash/Gahan_AI/ros2_ws/install/training_interfaces/local/lib/python3.10/dist-packages/training_interfaces/training_interfaces_s__rosidl_typesupport_introspection_c.cpython-310-x86_64-linux-gnu.so
[3.233s] -- Set runtime path of "/home/ram/Downloads/trash/Gahan_AI/ros2_ws/install/training_interfaces/local/lib/python3.10/dist-packages/training_interfaces/training_interfaces_s__rosidl_typesupport_introspection_c.cpython-310-x86_64-linux-gnu.so" to ""
[3.233s] -- Installing: /home/ram/Downloads/trash/Gahan_AI/ros2_ws/install/training_interfaces/local/lib/python3.10/dist-packages/training_interfaces/training_interfaces_s__rosidl_typesupport_c.cpython-310-x86_64-linux-gnu.so
[3.234s] -- Set runtime path of "/home/ram/Downloads/trash/Gahan_AI/ros2_ws/install/training_interfaces/local/lib/python3.10/dist-packages/training_interfaces/training_interfaces_s__rosidl_typesupport_c.cpython-310-x86_64-linux-gnu.so" to ""
[3.234s] -- Installing: /home/ram/Downloads/trash/Gahan_AI/ros2_ws/install/training_interfaces/lib/libtraining_interfaces__rosidl_generator_py.so
[3.234s] -- Set runtime path of "/home/ram/Downloads/trash/Gahan_AI/ros2_ws/install/training_interfaces/lib/libtraining_interfaces__rosidl_generator_py.so" to ""
[3.234s] -- Installing: /home/ram/Downloads/trash/Gahan_AI/ros2_ws/install/training_interfaces/share/training_interfaces/msg/Person.idl
[3.234s] -- Installing: /home/ram/Downloads/trash/Gahan_AI/ros2_ws/install/training_interfaces/share/training_interfaces/srv/Value.idl
[3.234s] -- Installing: /home/ram/Downloads/trash/Gahan_AI/ros2_ws/install/training_interfaces/share/training_interfaces/msg/Person.msg
[3.234s] -- Installing: /home/ram/Downloads/trash/Gahan_AI/ros2_ws/install/training_interfaces/share/training_interfaces/srv/Value.srv
[3.234s] -- Installing: /home/ram/Downloads/trash/Gahan_AI/ros2_ws/install/training_interfaces/share/training_interfaces/srv/Value_Request.msg
[3.234s] -- Installing: /home/ram/Downloads/trash/Gahan_AI/ros2_ws/install/training_interfaces/share/training_interfaces/srv/Value_Response.msg
[3.235s] -- Installing: /home/ram/Downloads/trash/Gahan_AI/ros2_ws/install/training_interfaces/share/ament_index/resource_index/package_run_dependencies/training_interfaces
[3.235s] -- Installing: /home/ram/Downloads/trash/Gahan_AI/ros2_ws/install/training_interfaces/share/ament_index/resource_index/parent_prefix_path/training_interfaces
[3.235s] -- Installing: /home/ram/Downloads/trash/Gahan_AI/ros2_ws/install/training_interfaces/share/training_interfaces/environment/ament_prefix_path.sh
[3.235s] -- Installing: /home/ram/Downloads/trash/Gahan_AI/ros2_ws/install/training_interfaces/share/training_interfaces/environment/ament_prefix_path.dsv
[3.235s] -- Installing: /home/ram/Downloads/trash/Gahan_AI/ros2_ws/install/training_interfaces/share/training_interfaces/environment/path.sh
[3.235s] -- Installing: /home/ram/Downloads/trash/Gahan_AI/ros2_ws/install/training_interfaces/share/training_interfaces/environment/path.dsv
[3.235s] -- Installing: /home/ram/Downloads/trash/Gahan_AI/ros2_ws/install/training_interfaces/share/training_interfaces/local_setup.bash
[3.236s] -- Installing: /home/ram/Downloads/trash/Gahan_AI/ros2_ws/install/training_interfaces/share/training_interfaces/local_setup.sh
[3.236s] -- Installing: /home/ram/Downloads/trash/Gahan_AI/ros2_ws/install/training_interfaces/share/training_interfaces/local_setup.zsh
[3.236s] -- Installing: /home/ram/Downloads/trash/Gahan_AI/ros2_ws/install/training_interfaces/share/training_interfaces/local_setup.dsv
[3.236s] -- Installing: /home/ram/Downloads/trash/Gahan_AI/ros2_ws/install/training_interfaces/share/training_interfaces/package.dsv
[3.236s] -- Installing: /home/ram/Downloads/trash/Gahan_AI/ros2_ws/install/training_interfaces/share/ament_index/resource_index/packages/training_interfaces
[3.236s] -- Installing: /home/ram/Downloads/trash/Gahan_AI/ros2_ws/install/training_interfaces/share/training_interfaces/cmake/export_training_interfaces__rosidl_generator_cExport.cmake
[3.236s] -- Installing: /home/ram/Downloads/trash/Gahan_AI/ros2_ws/install/training_interfaces/share/training_interfaces/cmake/export_training_interfaces__rosidl_generator_cExport-noconfig.cmake
[3.236s] -- Installing: /home/ram/Downloads/trash/Gahan_AI/ros2_ws/install/training_interfaces/share/training_interfaces/cmake/export_training_interfaces__rosidl_typesupport_fastrtps_cExport.cmake
[3.236s] -- Installing: /home/ram/Downloads/trash/Gahan_AI/ros2_ws/install/training_interfaces/share/training_interfaces/cmake/export_training_interfaces__rosidl_typesupport_fastrtps_cExport-noconfig.cmake
[3.236s] -- Installing: /home/ram/Downloads/trash/Gahan_AI/ros2_ws/install/training_interfaces/share/training_interfaces/cmake/training_interfaces__rosidl_typesupport_introspection_cExport.cmake
[3.236s] -- Installing: /home/ram/Downloads/trash/Gahan_AI/ros2_ws/install/training_interfaces/share/training_interfaces/cmake/training_interfaces__rosidl_typesupport_introspection_cExport-noconfig.cmake
[3.236s] -- Installing: /home/ram/Downloads/trash/Gahan_AI/ros2_ws/install/training_interfaces/share/training_interfaces/cmake/training_interfaces__rosidl_typesupport_cExport.cmake
[3.236s] -- Installing: /home/ram/Downloads/trash/Gahan_AI/ros2_ws/install/training_interfaces/share/training_interfaces/cmake/training_interfaces__rosidl_typesupport_cExport-noconfig.cmake
[3.237s] -- Installing: /home/ram/Downloads/trash/Gahan_AI/ros2_ws/install/training_interfaces/share/training_interfaces/cmake/export_training_interfaces__rosidl_generator_cppExport.cmake
[3.237s] -- Installing: /home/ram/Downloads/trash/Gahan_AI/ros2_ws/install/training_interfaces/share/training_interfaces/cmake/export_training_interfaces__rosidl_typesupport_fastrtps_cppExport.cmake
[3.237s] -- Installing: /home/ram/Downloads/trash/Gahan_AI/ros2_ws/install/training_interfaces/share/training_interfaces/cmake/export_training_interfaces__rosidl_typesupport_fastrtps_cppExport-noconfig.cmake
[3.237s] -- Installing: /home/ram/Downloads/trash/Gahan_AI/ros2_ws/install/training_interfaces/share/training_interfaces/cmake/training_interfaces__rosidl_typesupport_introspection_cppExport.cmake
[3.237s] -- Installing: /home/ram/Downloads/trash/Gahan_AI/ros2_ws/install/training_interfaces/share/training_interfaces/cmake/training_interfaces__rosidl_typesupport_introspection_cppExport-noconfig.cmake
[3.237s] -- Installing: /home/ram/Downloads/trash/Gahan_AI/ros2_ws/install/training_interfaces/share/training_interfaces/cmake/training_interfaces__rosidl_typesupport_cppExport.cmake
[3.237s] -- Installing: /home/ram/Downloads/trash/Gahan_AI/ros2_ws/install/training_interfaces/share/training_interfaces/cmake/training_interfaces__rosidl_typesupport_cppExport-noconfig.cmake
[3.237s] -- Installing: /home/ram/Downloads/trash/Gahan_AI/ros2_ws/install/training_interfaces/share/training_interfaces/cmake/export_training_interfaces__rosidl_generator_pyExport.cmake
[3.237s] -- Installing: /home/ram/Downloads/trash/Gahan_AI/ros2_ws/install/training_interfaces/share/training_interfaces/cmake/export_training_interfaces__rosidl_generator_pyExport-noconfig.cmake
[3.237s] -- Installing: /home/ram/Downloads/trash/Gahan_AI/ros2_ws/install/training_interfaces/share/training_interfaces/cmake/rosidl_cmake-extras.cmake
[3.237s] -- Installing: /home/ram/Downloads/trash/Gahan_AI/ros2_ws/install/training_interfaces/share/training_interfaces/cmake/ament_cmake_export_include_directories-extras.cmake
[3.237s] -- Installing: /home/ram/Downloads/trash/Gahan_AI/ros2_ws/install/training_interfaces/share/training_interfaces/cmake/ament_cmake_export_libraries-extras.cmake
[3.238s] -- Installing: /home/ram/Downloads/trash/Gahan_AI/ros2_ws/install/training_interfaces/share/training_interfaces/cmake/ament_cmake_export_targets-extras.cmake
[3.238s] -- Installing: /home/ram/Downloads/trash/Gahan_AI/ros2_ws/install/training_interfaces/share/training_interfaces/cmake/rosidl_cmake_export_typesupport_targets-extras.cmake
[3.238s] -- Installing: /home/ram/Downloads/trash/Gahan_AI/ros2_ws/install/training_interfaces/share/training_interfaces/cmake/ament_cmake_export_dependencies-extras.cmake
[3.238s] -- Installing: /home/ram/Downloads/trash/Gahan_AI/ros2_ws/install/training_interfaces/share/training_interfaces/cmake/rosidl_cmake_export_typesupport_libraries-extras.cmake
[3.238s] -- Installing: /home/ram/Downloads/trash/Gahan_AI/ros2_ws/install/training_interfaces/share/training_interfaces/cmake/training_interfacesConfig.cmake
[3.238s] -- Installing: /home/ram/Downloads/trash/Gahan_AI/ros2_ws/install/training_interfaces/share/training_interfaces/cmake/training_interfacesConfig-version.cmake
[3.238s] -- Installing: /home/ram/Downloads/trash/Gahan_AI/ros2_ws/install/training_interfaces/share/training_interfaces/package.xml
[3.240s] Invoked command in '/home/ram/Downloads/trash/Gahan_AI/ros2_ws/build/training_interfaces' returned '0': CMAKE_PREFIX_PATH=${CMAKE_PREFIX_PATH}:/opt/ros/humble /usr/local/bin/cmake --install /home/ram/Downloads/trash/Gahan_AI/ros2_ws/build/training_interfaces
