[0.007s] Invoking command in '/home/ram/Downloads/trash/Gahan_AI/ros2_ws/build/training_interfaces': CMAKE_PREFIX_PATH=${CMAKE_PREFIX_PATH}:/opt/ros/humble /usr/local/bin/cmake /home/ram/Downloads/trash/Gahan_AI/ros2_ws/src/training_interfaces -DCMAKE_INSTALL_PREFIX=/home/ram/Downloads/trash/Gahan_AI/ros2_ws/install/training_interfaces
[0.014s] -- Found ament_cmake: 1.3.11 (/opt/ros/humble/share/ament_cmake/cmake)
[0.086s] -- Found rosidl_default_generators: 1.2.0 (/opt/ros/humble/share/rosidl_default_generators/cmake)
[0.088s] -- Using all available rosidl_typesupport_c: rosidl_typesupport_fastrtps_c;rosidl_typesupport_introspection_c
[0.090s] -- Found rosidl_adapter: 3.1.6 (/opt/ros/humble/share/rosidl_adapter/cmake)
[0.115s] -- Using all available rosidl_typesupport_cpp: rosidl_typesupport_fastrtps_cpp;rosidl_typesupport_introspection_cpp
[0.279s] -- Found ament_cmake_ros: 0.10.0 (/opt/ros/humble/share/ament_cmake_ros/cmake)
[0.350s] -- Using all available rosidl_typesupport_c: rosidl_typesupport_fastrtps_c;rosidl_typesupport_introspection_c
[0.451s] -- Using all available rosidl_typesupport_cpp: rosidl_typesupport_fastrtps_cpp;rosidl_typesupport_introspection_cpp
[0.468s] -- Found PythonInterp: /usr/bin/python3 (found suitable version "3.10.12", minimum required is "3.6") 
[0.469s] -- Found python_cmake_module: 0.10.0 (/opt/ros/humble/share/python_cmake_module/cmake)
[0.490s] -- Found PythonLibs: /usr/lib/x86_64-linux-gnu/libpython3.10.so (found suitable version "3.10.12", minimum required is "3.5") 
[0.490s] -- Using PYTHON_EXECUTABLE: /usr/bin/python3
[0.490s] -- Using PYTHON_INCLUDE_DIRS: /usr/include/python3.10
[0.490s] -- Using PYTHON_LIBRARIES: /usr/lib/x86_64-linux-gnu/libpython3.10.so
[0.506s] -- Found PythonExtra: .so  
[0.529s] -- Found ament_lint_auto: 0.12.12 (/opt/ros/humble/share/ament_lint_auto/cmake)
[0.540s] -- Added test 'lint_cmake' to check CMake code style
[0.541s] -- Added test 'xmllint' to check XML markup files
[0.543s] -- Configuring done (0.5s)
[0.566s] -- Generating done (0.0s)
[0.572s] -- Build files have been written to: /home/ram/Downloads/trash/Gahan_AI/ros2_ws/build/training_interfaces
[0.577s] Invoked command in '/home/ram/Downloads/trash/Gahan_AI/ros2_ws/build/training_interfaces' returned '0': CMAKE_PREFIX_PATH=${CMAKE_PREFIX_PATH}:/opt/ros/humble /usr/local/bin/cmake /home/ram/Downloads/trash/Gahan_AI/ros2_ws/src/training_interfaces -DCMAKE_INSTALL_PREFIX=/home/ram/Downloads/trash/Gahan_AI/ros2_ws/install/training_interfaces
[0.578s] Invoking command in '/home/ram/Downloads/trash/Gahan_AI/ros2_ws/build/training_interfaces': CMAKE_PREFIX_PATH=${CMAKE_PREFIX_PATH}:/opt/ros/humble /usr/local/bin/cmake --build /home/ram/Downloads/trash/Gahan_AI/ros2_ws/build/training_interfaces -- -j8 -l8
[0.590s] [  2%] [34m[1mGenerating C code for ROS interfaces[0m
[0.594s] [  5%] [34m[1mGenerating C++ code for ROS interfaces[0m
[0.595s] [  5%] Built target ament_cmake_python_copy_training_interfaces
[0.785s] running egg_info
[0.800s] creating training_interfaces.egg-info
[0.800s] writing training_interfaces.egg-info/PKG-INFO
[0.800s] writing dependency_links to training_interfaces.egg-info/dependency_links.txt
[0.800s] writing top-level names to training_interfaces.egg-info/top_level.txt
[0.801s] writing manifest file 'training_interfaces.egg-info/SOURCES.txt'
[0.844s] reading manifest file 'training_interfaces.egg-info/SOURCES.txt'
[0.845s] writing manifest file 'training_interfaces.egg-info/SOURCES.txt'
[0.867s] [  5%] Built target ament_cmake_python_build_training_interfaces_egg
[0.886s] [  5%] Built target training_interfaces__cpp
[0.889s] [  7%] [34m[1mGenerating C++ type support for eProsima Fast-RTPS[0m
[0.890s] [ 10%] [34m[1mGenerating C++ introspection for ROS interfaces[0m
[0.890s] [ 12%] [34m[1mGenerating C++ type support dispatch for ROS interfaces[0m
[0.891s] [ 15%] [32mBuilding C object CMakeFiles/training_interfaces__rosidl_generator_c.dir/rosidl_generator_c/training_interfaces/msg/detail/person__functions.c.o[0m
[0.892s] [ 17%] [32mBuilding C object CMakeFiles/training_interfaces__rosidl_generator_c.dir/rosidl_generator_c/training_interfaces/srv/detail/value__functions.c.o[0m
[0.944s] [ 20%] [32m[1mLinking C shared library libtraining_interfaces__rosidl_generator_c.so[0m
[0.968s] [ 20%] Built target training_interfaces__rosidl_generator_c
[0.972s] [ 23%] [34m[1mGenerating C type support dispatch for ROS interfaces[0m
[0.972s] [ 25%] [34m[1mGenerating C type support for eProsima Fast-RTPS[0m
[0.972s] [ 28%] [34m[1mGenerating C introspection for ROS interfaces[0m
[1.289s] [ 30%] [32mBuilding CXX object CMakeFiles/training_interfaces__rosidl_typesupport_fastrtps_c.dir/rosidl_typesupport_fastrtps_c/training_interfaces/srv/detail/value__type_support_c.cpp.o[0m
[1.289s] [ 33%] [32mBuilding CXX object CMakeFiles/training_interfaces__rosidl_typesupport_fastrtps_c.dir/rosidl_typesupport_fastrtps_c/training_interfaces/msg/detail/person__type_support_c.cpp.o[0m
[1.321s] [ 35%] [32mBuilding C object CMakeFiles/training_interfaces__rosidl_typesupport_introspection_c.dir/rosidl_typesupport_introspection_c/training_interfaces/msg/detail/person__type_support.c.o[0m
[1.323s] [ 38%] [32mBuilding C object CMakeFiles/training_interfaces__rosidl_typesupport_introspection_c.dir/rosidl_typesupport_introspection_c/training_interfaces/srv/detail/value__type_support.c.o[0m
[1.360s] [ 41%] [32mBuilding CXX object CMakeFiles/training_interfaces__rosidl_typesupport_cpp.dir/rosidl_typesupport_cpp/training_interfaces/msg/person__type_support.cpp.o[0m
[1.364s] [ 43%] [32mBuilding CXX object CMakeFiles/training_interfaces__rosidl_typesupport_introspection_cpp.dir/rosidl_typesupport_introspection_cpp/training_interfaces/msg/detail/person__type_support.cpp.o[0m
[1.368s] [ 46%] [32mBuilding CXX object CMakeFiles/training_interfaces__rosidl_typesupport_cpp.dir/rosidl_typesupport_cpp/training_interfaces/srv/value__type_support.cpp.o[0m
[1.369s] [ 48%] [32m[1mLinking C shared library libtraining_interfaces__rosidl_typesupport_introspection_c.so[0m
[1.397s] [ 48%] Built target training_interfaces__rosidl_typesupport_introspection_c
[1.399s] [ 51%] [32mBuilding CXX object CMakeFiles/training_interfaces__rosidl_typesupport_introspection_cpp.dir/rosidl_typesupport_introspection_cpp/training_interfaces/srv/detail/value__type_support.cpp.o[0m
[1.419s] [ 53%] [32mBuilding CXX object CMakeFiles/training_interfaces__rosidl_typesupport_fastrtps_cpp.dir/rosidl_typesupport_fastrtps_cpp/training_interfaces/msg/detail/dds_fastrtps/person__type_support.cpp.o[0m
[1.432s] [ 56%] [32mBuilding CXX object CMakeFiles/training_interfaces__rosidl_typesupport_c.dir/rosidl_typesupport_c/training_interfaces/msg/person__type_support.cpp.o[0m
[1.471s] [ 58%] [32mBuilding CXX object CMakeFiles/training_interfaces__rosidl_typesupport_c.dir/rosidl_typesupport_c/training_interfaces/srv/value__type_support.cpp.o[0m
[1.507s] [ 61%] [32m[1mLinking CXX shared library libtraining_interfaces__rosidl_typesupport_c.so[0m
[1.553s] [ 61%] Built target training_interfaces__rosidl_typesupport_c
[1.560s] [ 64%] [32mBuilding CXX object CMakeFiles/training_interfaces__rosidl_typesupport_fastrtps_cpp.dir/rosidl_typesupport_fastrtps_cpp/training_interfaces/srv/detail/dds_fastrtps/value__type_support.cpp.o[0m
[1.809s] [ 66%] [32m[1mLinking CXX shared library libtraining_interfaces__rosidl_typesupport_cpp.so[0m
[1.856s] [ 66%] Built target training_interfaces__rosidl_typesupport_cpp
[1.859s] [ 69%] [32m[1mLinking CXX shared library libtraining_interfaces__rosidl_typesupport_fastrtps_c.so[0m
[1.927s] [ 69%] Built target training_interfaces__rosidl_typesupport_fastrtps_c
[2.008s] [ 71%] [32m[1mLinking CXX shared library libtraining_interfaces__rosidl_typesupport_introspection_cpp.so[0m
[2.050s] [ 71%] Built target training_interfaces__rosidl_typesupport_introspection_cpp
[2.099s] [ 74%] [32m[1mLinking CXX shared library libtraining_interfaces__rosidl_typesupport_fastrtps_cpp.so[0m
[2.146s] [ 74%] Built target training_interfaces__rosidl_typesupport_fastrtps_cpp
[2.152s] [ 74%] Built target training_interfaces
[2.158s] [ 76%] [34m[1mGenerating Python code for ROS interfaces[0m
[2.450s] [ 76%] Built target training_interfaces__py
[2.457s] [ 79%] [32mBuilding C object CMakeFiles/training_interfaces__rosidl_generator_py.dir/rosidl_generator_py/training_interfaces/msg/_person_s.c.o[0m
[2.457s] [ 82%] [32mBuilding C object CMakeFiles/training_interfaces__rosidl_generator_py.dir/rosidl_generator_py/training_interfaces/srv/_value_s.c.o[0m
[2.534s] [ 84%] [32m[1mLinking C shared library rosidl_generator_py/training_interfaces/libtraining_interfaces__rosidl_generator_py.so[0m
[2.557s] [ 84%] Built target training_interfaces__rosidl_generator_py
[2.564s] [ 89%] [32mBuilding C object CMakeFiles/training_interfaces__rosidl_typesupport_c__pyext.dir/rosidl_generator_py/training_interfaces/_training_interfaces_s.ep.rosidl_typesupport_c.c.o[0m
[2.564s] [ 89%] [32mBuilding C object CMakeFiles/training_interfaces__rosidl_typesupport_introspection_c__pyext.dir/rosidl_generator_py/training_interfaces/_training_interfaces_s.ep.rosidl_typesupport_introspection_c.c.o[0m
[2.564s] [ 92%] [32mBuilding C object CMakeFiles/training_interfaces__rosidl_typesupport_fastrtps_c__pyext.dir/rosidl_generator_py/training_interfaces/_training_interfaces_s.ep.rosidl_typesupport_fastrtps_c.c.o[0m
[2.652s] [ 94%] [32m[1mLinking C shared library rosidl_generator_py/training_interfaces/training_interfaces_s__rosidl_typesupport_fastrtps_c.cpython-310-x86_64-linux-gnu.so[0m
[2.652s] [ 97%] [32m[1mLinking C shared library rosidl_generator_py/training_interfaces/training_interfaces_s__rosidl_typesupport_c.cpython-310-x86_64-linux-gnu.so[0m
[2.652s] [100%] [32m[1mLinking C shared library rosidl_generator_py/training_interfaces/training_interfaces_s__rosidl_typesupport_introspection_c.cpython-310-x86_64-linux-gnu.so[0m
[2.669s] [100%] Built target training_interfaces__rosidl_typesupport_introspection_c__pyext
[2.669s] [100%] Built target training_interfaces__rosidl_typesupport_fastrtps_c__pyext
[2.669s] [100%] Built target training_interfaces__rosidl_typesupport_c__pyext
[2.673s] Invoked command in '/home/ram/Downloads/trash/Gahan_AI/ros2_ws/build/training_interfaces' returned '0': CMAKE_PREFIX_PATH=${CMAKE_PREFIX_PATH}:/opt/ros/humble /usr/local/bin/cmake --build /home/ram/Downloads/trash/Gahan_AI/ros2_ws/build/training_interfaces -- -j8 -l8
[2.676s] Invoking command in '/home/ram/Downloads/trash/Gahan_AI/ros2_ws/build/training_interfaces': CMAKE_PREFIX_PATH=${CMAKE_PREFIX_PATH}:/opt/ros/humble /usr/local/bin/cmake --install /home/ram/Downloads/trash/Gahan_AI/ros2_ws/build/training_interfaces
[2.678s] -- Install configuration: ""
[2.678s] -- Installing: /home/ram/Downloads/trash/Gahan_AI/ros2_ws/install/training_interfaces/share/ament_index/resource_index/rosidl_interfaces/training_interfaces
[2.678s] -- Installing: /home/ram/Downloads/trash/Gahan_AI/ros2_ws/install/training_interfaces/include/training_interfaces/training_interfaces
[2.678s] -- Installing: /home/ram/Downloads/trash/Gahan_AI/ros2_ws/install/training_interfaces/include/training_interfaces/training_interfaces/msg
[2.678s] -- Installing: /home/ram/Downloads/trash/Gahan_AI/ros2_ws/install/training_interfaces/include/training_interfaces/training_interfaces/msg/detail
[2.678s] -- Installing: /home/ram/Downloads/trash/Gahan_AI/ros2_ws/install/training_interfaces/include/training_interfaces/training_interfaces/msg/detail/person__functions.h
[2.678s] -- Installing: /home/ram/Downloads/trash/Gahan_AI/ros2_ws/install/training_interfaces/include/training_interfaces/training_interfaces/msg/detail/person__struct.h
[2.678s] -- Installing: /home/ram/Downloads/trash/Gahan_AI/ros2_ws/install/training_interfaces/include/training_interfaces/training_interfaces/msg/detail/person__type_support.h
[2.678s] -- Installing: /home/ram/Downloads/trash/Gahan_AI/ros2_ws/install/training_interfaces/include/training_interfaces/training_interfaces/msg/detail/person__functions.c
[2.678s] -- Installing: /home/ram/Downloads/trash/Gahan_AI/ros2_ws/install/training_interfaces/include/training_interfaces/training_interfaces/msg/rosidl_generator_c__visibility_control.h
[2.679s] -- Installing: /home/ram/Downloads/trash/Gahan_AI/ros2_ws/install/training_interfaces/include/training_interfaces/training_interfaces/msg/person.h
[2.679s] -- Installing: /home/ram/Downloads/trash/Gahan_AI/ros2_ws/install/training_interfaces/include/training_interfaces/training_interfaces/srv
[2.679s] -- Installing: /home/ram/Downloads/trash/Gahan_AI/ros2_ws/install/training_interfaces/include/training_interfaces/training_interfaces/srv/detail
[2.679s] -- Installing: /home/ram/Downloads/trash/Gahan_AI/ros2_ws/install/training_interfaces/include/training_interfaces/training_interfaces/srv/detail/value__type_support.h
[2.679s] -- Installing: /home/ram/Downloads/trash/Gahan_AI/ros2_ws/install/training_interfaces/include/training_interfaces/training_interfaces/srv/detail/value__functions.c
[2.679s] -- Installing: /home/ram/Downloads/trash/Gahan_AI/ros2_ws/install/training_interfaces/include/training_interfaces/training_interfaces/srv/detail/value__struct.h
[2.679s] -- Installing: /home/ram/Downloads/trash/Gahan_AI/ros2_ws/install/training_interfaces/include/training_interfaces/training_interfaces/srv/detail/value__functions.h
[2.679s] -- Installing: /home/ram/Downloads/trash/Gahan_AI/ros2_ws/install/training_interfaces/include/training_interfaces/training_interfaces/srv/value.h
[2.679s] -- Installing: /home/ram/Downloads/trash/Gahan_AI/ros2_ws/install/training_interfaces/share/training_interfaces/environment/library_path.sh
[2.679s] -- Installing: /home/ram/Downloads/trash/Gahan_AI/ros2_ws/install/training_interfaces/share/training_interfaces/environment/library_path.dsv
[2.679s] -- Installing: /home/ram/Downloads/trash/Gahan_AI/ros2_ws/install/training_interfaces/lib/libtraining_interfaces__rosidl_generator_c.so
[2.679s] -- Set runtime path of "/home/ram/Downloads/trash/Gahan_AI/ros2_ws/install/training_interfaces/lib/libtraining_interfaces__rosidl_generator_c.so" to ""
[2.679s] -- Up-to-date: /home/ram/Downloads/trash/Gahan_AI/ros2_ws/install/training_interfaces/include/training_interfaces/training_interfaces
[2.680s] -- Up-to-date: /home/ram/Downloads/trash/Gahan_AI/ros2_ws/install/training_interfaces/include/training_interfaces/training_interfaces/msg
[2.680s] -- Up-to-date: /home/ram/Downloads/trash/Gahan_AI/ros2_ws/install/training_interfaces/include/training_interfaces/training_interfaces/msg/detail
[2.680s] -- Installing: /home/ram/Downloads/trash/Gahan_AI/ros2_ws/install/training_interfaces/include/training_interfaces/training_interfaces/msg/detail/person__rosidl_typesupport_fastrtps_c.h
[2.680s] -- Installing: /home/ram/Downloads/trash/Gahan_AI/ros2_ws/install/training_interfaces/include/training_interfaces/training_interfaces/msg/rosidl_typesupport_fastrtps_c__visibility_control.h
[2.680s] -- Up-to-date: /home/ram/Downloads/trash/Gahan_AI/ros2_ws/install/training_interfaces/include/training_interfaces/training_interfaces/srv
[2.680s] -- Up-to-date: /home/ram/Downloads/trash/Gahan_AI/ros2_ws/install/training_interfaces/include/training_interfaces/training_interfaces/srv/detail
[2.680s] -- Installing: /home/ram/Downloads/trash/Gahan_AI/ros2_ws/install/training_interfaces/include/training_interfaces/training_interfaces/srv/detail/value__rosidl_typesupport_fastrtps_c.h
[2.680s] -- Installing: /home/ram/Downloads/trash/Gahan_AI/ros2_ws/install/training_interfaces/lib/libtraining_interfaces__rosidl_typesupport_fastrtps_c.so
[2.680s] -- Set runtime path of "/home/ram/Downloads/trash/Gahan_AI/ros2_ws/install/training_interfaces/lib/libtraining_interfaces__rosidl_typesupport_fastrtps_c.so" to ""
[2.680s] -- Up-to-date: /home/ram/Downloads/trash/Gahan_AI/ros2_ws/install/training_interfaces/include/training_interfaces/training_interfaces
[2.680s] -- Up-to-date: /home/ram/Downloads/trash/Gahan_AI/ros2_ws/install/training_interfaces/include/training_interfaces/training_interfaces/msg
[2.680s] -- Up-to-date: /home/ram/Downloads/trash/Gahan_AI/ros2_ws/install/training_interfaces/include/training_interfaces/training_interfaces/msg/detail
[2.680s] -- Installing: /home/ram/Downloads/trash/Gahan_AI/ros2_ws/install/training_interfaces/include/training_interfaces/training_interfaces/msg/detail/person__type_support.c
[2.680s] -- Installing: /home/ram/Downloads/trash/Gahan_AI/ros2_ws/install/training_interfaces/include/training_interfaces/training_interfaces/msg/detail/person__rosidl_typesupport_introspection_c.h
[2.681s] -- Installing: /home/ram/Downloads/trash/Gahan_AI/ros2_ws/install/training_interfaces/include/training_interfaces/training_interfaces/msg/rosidl_typesupport_introspection_c__visibility_control.h
[2.681s] -- Up-to-date: /home/ram/Downloads/trash/Gahan_AI/ros2_ws/install/training_interfaces/include/training_interfaces/training_interfaces/srv
[2.681s] -- Up-to-date: /home/ram/Downloads/trash/Gahan_AI/ros2_ws/install/training_interfaces/include/training_interfaces/training_interfaces/srv/detail
[2.681s] -- Installing: /home/ram/Downloads/trash/Gahan_AI/ros2_ws/install/training_interfaces/include/training_interfaces/training_interfaces/srv/detail/value__type_support.c
[2.681s] -- Installing: /home/ram/Downloads/trash/Gahan_AI/ros2_ws/install/training_interfaces/include/training_interfaces/training_interfaces/srv/detail/value__rosidl_typesupport_introspection_c.h
[2.681s] -- Installing: /home/ram/Downloads/trash/Gahan_AI/ros2_ws/install/training_interfaces/lib/libtraining_interfaces__rosidl_typesupport_introspection_c.so
[2.681s] -- Set runtime path of "/home/ram/Downloads/trash/Gahan_AI/ros2_ws/install/training_interfaces/lib/libtraining_interfaces__rosidl_typesupport_introspection_c.so" to ""
[2.681s] -- Installing: /home/ram/Downloads/trash/Gahan_AI/ros2_ws/install/training_interfaces/lib/libtraining_interfaces__rosidl_typesupport_c.so
[2.681s] -- Set runtime path of "/home/ram/Downloads/trash/Gahan_AI/ros2_ws/install/training_interfaces/lib/libtraining_interfaces__rosidl_typesupport_c.so" to ""
[2.681s] -- Up-to-date: /home/ram/Downloads/trash/Gahan_AI/ros2_ws/install/training_interfaces/include/training_interfaces/training_interfaces
[2.681s] -- Up-to-date: /home/ram/Downloads/trash/Gahan_AI/ros2_ws/install/training_interfaces/include/training_interfaces/training_interfaces/msg
[2.681s] -- Up-to-date: /home/ram/Downloads/trash/Gahan_AI/ros2_ws/install/training_interfaces/include/training_interfaces/training_interfaces/msg/detail
[2.681s] -- Installing: /home/ram/Downloads/trash/Gahan_AI/ros2_ws/install/training_interfaces/include/training_interfaces/training_interfaces/msg/detail/person__struct.hpp
[2.681s] -- Installing: /home/ram/Downloads/trash/Gahan_AI/ros2_ws/install/training_interfaces/include/training_interfaces/training_interfaces/msg/detail/person__traits.hpp
[2.681s] -- Installing: /home/ram/Downloads/trash/Gahan_AI/ros2_ws/install/training_interfaces/include/training_interfaces/training_interfaces/msg/detail/person__type_support.hpp
[2.681s] -- Installing: /home/ram/Downloads/trash/Gahan_AI/ros2_ws/install/training_interfaces/include/training_interfaces/training_interfaces/msg/detail/person__builder.hpp
[2.681s] -- Installing: /home/ram/Downloads/trash/Gahan_AI/ros2_ws/install/training_interfaces/include/training_interfaces/training_interfaces/msg/person.hpp
[2.681s] -- Installing: /home/ram/Downloads/trash/Gahan_AI/ros2_ws/install/training_interfaces/include/training_interfaces/training_interfaces/msg/rosidl_generator_cpp__visibility_control.hpp
[2.682s] -- Up-to-date: /home/ram/Downloads/trash/Gahan_AI/ros2_ws/install/training_interfaces/include/training_interfaces/training_interfaces/srv
[2.682s] -- Up-to-date: /home/ram/Downloads/trash/Gahan_AI/ros2_ws/install/training_interfaces/include/training_interfaces/training_interfaces/srv/detail
[2.682s] -- Installing: /home/ram/Downloads/trash/Gahan_AI/ros2_ws/install/training_interfaces/include/training_interfaces/training_interfaces/srv/detail/value__traits.hpp
[2.682s] -- Installing: /home/ram/Downloads/trash/Gahan_AI/ros2_ws/install/training_interfaces/include/training_interfaces/training_interfaces/srv/detail/value__struct.hpp
[2.682s] -- Installing: /home/ram/Downloads/trash/Gahan_AI/ros2_ws/install/training_interfaces/include/training_interfaces/training_interfaces/srv/detail/value__builder.hpp
[2.682s] -- Installing: /home/ram/Downloads/trash/Gahan_AI/ros2_ws/install/training_interfaces/include/training_interfaces/training_interfaces/srv/detail/value__type_support.hpp
[2.682s] -- Installing: /home/ram/Downloads/trash/Gahan_AI/ros2_ws/install/training_interfaces/include/training_interfaces/training_interfaces/srv/value.hpp
[2.682s] -- Up-to-date: /home/ram/Downloads/trash/Gahan_AI/ros2_ws/install/training_interfaces/include/training_interfaces/training_interfaces
[2.682s] -- Up-to-date: /home/ram/Downloads/trash/Gahan_AI/ros2_ws/install/training_interfaces/include/training_interfaces/training_interfaces/msg
[2.682s] -- Up-to-date: /home/ram/Downloads/trash/Gahan_AI/ros2_ws/install/training_interfaces/include/training_interfaces/training_interfaces/msg/detail
[2.682s] -- Installing: /home/ram/Downloads/trash/Gahan_AI/ros2_ws/install/training_interfaces/include/training_interfaces/training_interfaces/msg/detail/person__rosidl_typesupport_fastrtps_cpp.hpp
[2.682s] -- Installing: /home/ram/Downloads/trash/Gahan_AI/ros2_ws/install/training_interfaces/include/training_interfaces/training_interfaces/msg/detail/dds_fastrtps
[2.682s] -- Installing: /home/ram/Downloads/trash/Gahan_AI/ros2_ws/install/training_interfaces/include/training_interfaces/training_interfaces/msg/rosidl_typesupport_fastrtps_cpp__visibility_control.h
[2.682s] -- Up-to-date: /home/ram/Downloads/trash/Gahan_AI/ros2_ws/install/training_interfaces/include/training_interfaces/training_interfaces/srv
[2.682s] -- Up-to-date: /home/ram/Downloads/trash/Gahan_AI/ros2_ws/install/training_interfaces/include/training_interfaces/training_interfaces/srv/detail
[2.682s] -- Installing: /home/ram/Downloads/trash/Gahan_AI/ros2_ws/install/training_interfaces/include/training_interfaces/training_interfaces/srv/detail/dds_fastrtps
[2.683s] -- Installing: /home/ram/Downloads/trash/Gahan_AI/ros2_ws/install/training_interfaces/include/training_interfaces/training_interfaces/srv/detail/value__rosidl_typesupport_fastrtps_cpp.hpp
[2.683s] -- Installing: /home/ram/Downloads/trash/Gahan_AI/ros2_ws/install/training_interfaces/lib/libtraining_interfaces__rosidl_typesupport_fastrtps_cpp.so
[2.683s] -- Set runtime path of "/home/ram/Downloads/trash/Gahan_AI/ros2_ws/install/training_interfaces/lib/libtraining_interfaces__rosidl_typesupport_fastrtps_cpp.so" to ""
[2.683s] -- Up-to-date: /home/ram/Downloads/trash/Gahan_AI/ros2_ws/install/training_interfaces/include/training_interfaces/training_interfaces
[2.683s] -- Up-to-date: /home/ram/Downloads/trash/Gahan_AI/ros2_ws/install/training_interfaces/include/training_interfaces/training_interfaces/msg
[2.683s] -- Up-to-date: /home/ram/Downloads/trash/Gahan_AI/ros2_ws/install/training_interfaces/include/training_interfaces/training_interfaces/msg/detail
[2.683s] -- Installing: /home/ram/Downloads/trash/Gahan_AI/ros2_ws/install/training_interfaces/include/training_interfaces/training_interfaces/msg/detail/person__type_support.cpp
[2.683s] -- Installing: /home/ram/Downloads/trash/Gahan_AI/ros2_ws/install/training_interfaces/include/training_interfaces/training_interfaces/msg/detail/person__rosidl_typesupport_introspection_cpp.hpp
[2.683s] -- Up-to-date: /home/ram/Downloads/trash/Gahan_AI/ros2_ws/install/training_interfaces/include/training_interfaces/training_interfaces/srv
[2.683s] -- Up-to-date: /home/ram/Downloads/trash/Gahan_AI/ros2_ws/install/training_interfaces/include/training_interfaces/training_interfaces/srv/detail
[2.683s] -- Installing: /home/ram/Downloads/trash/Gahan_AI/ros2_ws/install/training_interfaces/include/training_interfaces/training_interfaces/srv/detail/value__type_support.cpp
[2.683s] -- Installing: /home/ram/Downloads/trash/Gahan_AI/ros2_ws/install/training_interfaces/include/training_interfaces/training_interfaces/srv/detail/value__rosidl_typesupport_introspection_cpp.hpp
[2.683s] -- Installing: /home/ram/Downloads/trash/Gahan_AI/ros2_ws/install/training_interfaces/lib/libtraining_interfaces__rosidl_typesupport_introspection_cpp.so
[2.683s] -- Set runtime path of "/home/ram/Downloads/trash/Gahan_AI/ros2_ws/install/training_interfaces/lib/libtraining_interfaces__rosidl_typesupport_introspection_cpp.so" to ""
[2.683s] -- Installing: /home/ram/Downloads/trash/Gahan_AI/ros2_ws/install/training_interfaces/lib/libtraining_interfaces__rosidl_typesupport_cpp.so
[2.683s] -- Set runtime path of "/home/ram/Downloads/trash/Gahan_AI/ros2_ws/install/training_interfaces/lib/libtraining_interfaces__rosidl_typesupport_cpp.so" to ""
[2.683s] -- Installing: /home/ram/Downloads/trash/Gahan_AI/ros2_ws/install/training_interfaces/share/training_interfaces/environment/pythonpath.sh
[2.683s] -- Installing: /home/ram/Downloads/trash/Gahan_AI/ros2_ws/install/training_interfaces/share/training_interfaces/environment/pythonpath.dsv
[2.684s] -- Installing: /home/ram/Downloads/trash/Gahan_AI/ros2_ws/install/training_interfaces/local/lib/python3.10/dist-packages/training_interfaces-0.0.0-py3.10.egg-info
[2.684s] -- Installing: /home/ram/Downloads/trash/Gahan_AI/ros2_ws/install/training_interfaces/local/lib/python3.10/dist-packages/training_interfaces-0.0.0-py3.10.egg-info/SOURCES.txt
[2.684s] -- Installing: /home/ram/Downloads/trash/Gahan_AI/ros2_ws/install/training_interfaces/local/lib/python3.10/dist-packages/training_interfaces-0.0.0-py3.10.egg-info/top_level.txt
[2.684s] -- Installing: /home/ram/Downloads/trash/Gahan_AI/ros2_ws/install/training_interfaces/local/lib/python3.10/dist-packages/training_interfaces-0.0.0-py3.10.egg-info/dependency_links.txt
[2.684s] -- Installing: /home/ram/Downloads/trash/Gahan_AI/ros2_ws/install/training_interfaces/local/lib/python3.10/dist-packages/training_interfaces-0.0.0-py3.10.egg-info/PKG-INFO
[2.684s] -- Installing: /home/ram/Downloads/trash/Gahan_AI/ros2_ws/install/training_interfaces/local/lib/python3.10/dist-packages/training_interfaces
[2.684s] -- Installing: /home/ram/Downloads/trash/Gahan_AI/ros2_ws/install/training_interfaces/local/lib/python3.10/dist-packages/training_interfaces/msg
[2.684s] -- Installing: /home/ram/Downloads/trash/Gahan_AI/ros2_ws/install/training_interfaces/local/lib/python3.10/dist-packages/training_interfaces/msg/_person.py
[2.684s] -- Installing: /home/ram/Downloads/trash/Gahan_AI/ros2_ws/install/training_interfaces/local/lib/python3.10/dist-packages/training_interfaces/msg/_person_s.c
[2.684s] -- Installing: /home/ram/Downloads/trash/Gahan_AI/ros2_ws/install/training_interfaces/local/lib/python3.10/dist-packages/training_interfaces/msg/__init__.py
[2.684s] -- Installing: /home/ram/Downloads/trash/Gahan_AI/ros2_ws/install/training_interfaces/local/lib/python3.10/dist-packages/training_interfaces/training_interfaces_s__rosidl_typesupport_fastrtps_c.cpython-310-x86_64-linux-gnu.so
[2.684s] -- Installing: /home/ram/Downloads/trash/Gahan_AI/ros2_ws/install/training_interfaces/local/lib/python3.10/dist-packages/training_interfaces/training_interfaces_s__rosidl_typesupport_c.cpython-310-x86_64-linux-gnu.so
[2.684s] -- Installing: /home/ram/Downloads/trash/Gahan_AI/ros2_ws/install/training_interfaces/local/lib/python3.10/dist-packages/training_interfaces/srv
[2.684s] -- Installing: /home/ram/Downloads/trash/Gahan_AI/ros2_ws/install/training_interfaces/local/lib/python3.10/dist-packages/training_interfaces/srv/_value_s.c
[2.684s] -- Installing: /home/ram/Downloads/trash/Gahan_AI/ros2_ws/install/training_interfaces/local/lib/python3.10/dist-packages/training_interfaces/srv/_value.py
[2.684s] -- Installing: /home/ram/Downloads/trash/Gahan_AI/ros2_ws/install/training_interfaces/local/lib/python3.10/dist-packages/training_interfaces/srv/__init__.py
[2.685s] -- Installing: /home/ram/Downloads/trash/Gahan_AI/ros2_ws/install/training_interfaces/local/lib/python3.10/dist-packages/training_interfaces/_training_interfaces_s.ep.rosidl_typesupport_c.c
[2.685s] -- Installing: /home/ram/Downloads/trash/Gahan_AI/ros2_ws/install/training_interfaces/local/lib/python3.10/dist-packages/training_interfaces/__init__.py
[2.685s] -- Installing: /home/ram/Downloads/trash/Gahan_AI/ros2_ws/install/training_interfaces/local/lib/python3.10/dist-packages/training_interfaces/_training_interfaces_s.ep.rosidl_typesupport_fastrtps_c.c
[2.685s] -- Installing: /home/ram/Downloads/trash/Gahan_AI/ros2_ws/install/training_interfaces/local/lib/python3.10/dist-packages/training_interfaces/training_interfaces_s__rosidl_typesupport_introspection_c.cpython-310-x86_64-linux-gnu.so
[2.685s] -- Installing: /home/ram/Downloads/trash/Gahan_AI/ros2_ws/install/training_interfaces/local/lib/python3.10/dist-packages/training_interfaces/libtraining_interfaces__rosidl_generator_py.so
[2.685s] -- Installing: /home/ram/Downloads/trash/Gahan_AI/ros2_ws/install/training_interfaces/local/lib/python3.10/dist-packages/training_interfaces/_training_interfaces_s.ep.rosidl_typesupport_introspection_c.c
[2.712s] Listing '/home/ram/Downloads/trash/Gahan_AI/ros2_ws/install/training_interfaces/local/lib/python3.10/dist-packages/training_interfaces'...
[2.713s] Compiling '/home/ram/Downloads/trash/Gahan_AI/ros2_ws/install/training_interfaces/local/lib/python3.10/dist-packages/training_interfaces/__init__.py'...
[2.713s] Listing '/home/ram/Downloads/trash/Gahan_AI/ros2_ws/install/training_interfaces/local/lib/python3.10/dist-packages/training_interfaces/msg'...
[2.713s] Compiling '/home/ram/Downloads/trash/Gahan_AI/ros2_ws/install/training_interfaces/local/lib/python3.10/dist-packages/training_interfaces/msg/__init__.py'...
[2.713s] Compiling '/home/ram/Downloads/trash/Gahan_AI/ros2_ws/install/training_interfaces/local/lib/python3.10/dist-packages/training_interfaces/msg/_person.py'...
[2.713s] Listing '/home/ram/Downloads/trash/Gahan_AI/ros2_ws/install/training_interfaces/local/lib/python3.10/dist-packages/training_interfaces/srv'...
[2.713s] Compiling '/home/ram/Downloads/trash/Gahan_AI/ros2_ws/install/training_interfaces/local/lib/python3.10/dist-packages/training_interfaces/srv/__init__.py'...
[2.713s] Compiling '/home/ram/Downloads/trash/Gahan_AI/ros2_ws/install/training_interfaces/local/lib/python3.10/dist-packages/training_interfaces/srv/_value.py'...
[2.717s] -- Installing: /home/ram/Downloads/trash/Gahan_AI/ros2_ws/install/training_interfaces/local/lib/python3.10/dist-packages/training_interfaces/training_interfaces_s__rosidl_typesupport_fastrtps_c.cpython-310-x86_64-linux-gnu.so
[2.717s] -- Set runtime path of "/home/ram/Downloads/trash/Gahan_AI/ros2_ws/install/training_interfaces/local/lib/python3.10/dist-packages/training_interfaces/training_interfaces_s__rosidl_typesupport_fastrtps_c.cpython-310-x86_64-linux-gnu.so" to ""
[2.717s] -- Installing: /home/ram/Downloads/trash/Gahan_AI/ros2_ws/install/training_interfaces/local/lib/python3.10/dist-packages/training_interfaces/training_interfaces_s__rosidl_typesupport_introspection_c.cpython-310-x86_64-linux-gnu.so
[2.717s] -- Set runtime path of "/home/ram/Downloads/trash/Gahan_AI/ros2_ws/install/training_interfaces/local/lib/python3.10/dist-packages/training_interfaces/training_interfaces_s__rosidl_typesupport_introspection_c.cpython-310-x86_64-linux-gnu.so" to ""
[2.717s] -- Installing: /home/ram/Downloads/trash/Gahan_AI/ros2_ws/install/training_interfaces/local/lib/python3.10/dist-packages/training_interfaces/training_interfaces_s__rosidl_typesupport_c.cpython-310-x86_64-linux-gnu.so
[2.717s] -- Set runtime path of "/home/ram/Downloads/trash/Gahan_AI/ros2_ws/install/training_interfaces/local/lib/python3.10/dist-packages/training_interfaces/training_interfaces_s__rosidl_typesupport_c.cpython-310-x86_64-linux-gnu.so" to ""
[2.717s] -- Installing: /home/ram/Downloads/trash/Gahan_AI/ros2_ws/install/training_interfaces/lib/libtraining_interfaces__rosidl_generator_py.so
[2.717s] -- Set runtime path of "/home/ram/Downloads/trash/Gahan_AI/ros2_ws/install/training_interfaces/lib/libtraining_interfaces__rosidl_generator_py.so" to ""
[2.717s] -- Installing: /home/ram/Downloads/trash/Gahan_AI/ros2_ws/install/training_interfaces/share/training_interfaces/msg/Person.idl
[2.717s] -- Installing: /home/ram/Downloads/trash/Gahan_AI/ros2_ws/install/training_interfaces/share/training_interfaces/srv/Value.idl
[2.717s] -- Installing: /home/ram/Downloads/trash/Gahan_AI/ros2_ws/install/training_interfaces/share/training_interfaces/msg/Person.msg
[2.718s] -- Installing: /home/ram/Downloads/trash/Gahan_AI/ros2_ws/install/training_interfaces/share/training_interfaces/srv/Value.srv
[2.718s] -- Installing: /home/ram/Downloads/trash/Gahan_AI/ros2_ws/install/training_interfaces/share/training_interfaces/srv/Value_Request.msg
[2.718s] -- Installing: /home/ram/Downloads/trash/Gahan_AI/ros2_ws/install/training_interfaces/share/training_interfaces/srv/Value_Response.msg
[2.718s] -- Installing: /home/ram/Downloads/trash/Gahan_AI/ros2_ws/install/training_interfaces/share/ament_index/resource_index/package_run_dependencies/training_interfaces
[2.718s] -- Installing: /home/ram/Downloads/trash/Gahan_AI/ros2_ws/install/training_interfaces/share/ament_index/resource_index/parent_prefix_path/training_interfaces
[2.718s] -- Installing: /home/ram/Downloads/trash/Gahan_AI/ros2_ws/install/training_interfaces/share/training_interfaces/environment/ament_prefix_path.sh
[2.718s] -- Installing: /home/ram/Downloads/trash/Gahan_AI/ros2_ws/install/training_interfaces/share/training_interfaces/environment/ament_prefix_path.dsv
[2.718s] -- Installing: /home/ram/Downloads/trash/Gahan_AI/ros2_ws/install/training_interfaces/share/training_interfaces/environment/path.sh
[2.718s] -- Installing: /home/ram/Downloads/trash/Gahan_AI/ros2_ws/install/training_interfaces/share/training_interfaces/environment/path.dsv
[2.718s] -- Installing: /home/ram/Downloads/trash/Gahan_AI/ros2_ws/install/training_interfaces/share/training_interfaces/local_setup.bash
[2.719s] -- Installing: /home/ram/Downloads/trash/Gahan_AI/ros2_ws/install/training_interfaces/share/training_interfaces/local_setup.sh
[2.719s] -- Installing: /home/ram/Downloads/trash/Gahan_AI/ros2_ws/install/training_interfaces/share/training_interfaces/local_setup.zsh
[2.719s] -- Installing: /home/ram/Downloads/trash/Gahan_AI/ros2_ws/install/training_interfaces/share/training_interfaces/local_setup.dsv
[2.719s] -- Installing: /home/ram/Downloads/trash/Gahan_AI/ros2_ws/install/training_interfaces/share/training_interfaces/package.dsv
[2.719s] -- Installing: /home/ram/Downloads/trash/Gahan_AI/ros2_ws/install/training_interfaces/share/ament_index/resource_index/packages/training_interfaces
[2.719s] -- Installing: /home/ram/Downloads/trash/Gahan_AI/ros2_ws/install/training_interfaces/share/training_interfaces/cmake/export_training_interfaces__rosidl_generator_cExport.cmake
[2.719s] -- Installing: /home/ram/Downloads/trash/Gahan_AI/ros2_ws/install/training_interfaces/share/training_interfaces/cmake/export_training_interfaces__rosidl_generator_cExport-noconfig.cmake
[2.719s] -- Installing: /home/ram/Downloads/trash/Gahan_AI/ros2_ws/install/training_interfaces/share/training_interfaces/cmake/export_training_interfaces__rosidl_typesupport_fastrtps_cExport.cmake
[2.719s] -- Installing: /home/ram/Downloads/trash/Gahan_AI/ros2_ws/install/training_interfaces/share/training_interfaces/cmake/export_training_interfaces__rosidl_typesupport_fastrtps_cExport-noconfig.cmake
[2.719s] -- Installing: /home/ram/Downloads/trash/Gahan_AI/ros2_ws/install/training_interfaces/share/training_interfaces/cmake/training_interfaces__rosidl_typesupport_introspection_cExport.cmake
[2.719s] -- Installing: /home/ram/Downloads/trash/Gahan_AI/ros2_ws/install/training_interfaces/share/training_interfaces/cmake/training_interfaces__rosidl_typesupport_introspection_cExport-noconfig.cmake
[2.719s] -- Installing: /home/ram/Downloads/trash/Gahan_AI/ros2_ws/install/training_interfaces/share/training_interfaces/cmake/training_interfaces__rosidl_typesupport_cExport.cmake
[2.719s] -- Installing: /home/ram/Downloads/trash/Gahan_AI/ros2_ws/install/training_interfaces/share/training_interfaces/cmake/training_interfaces__rosidl_typesupport_cExport-noconfig.cmake
[2.720s] -- Installing: /home/ram/Downloads/trash/Gahan_AI/ros2_ws/install/training_interfaces/share/training_interfaces/cmake/export_training_interfaces__rosidl_generator_cppExport.cmake
[2.720s] -- Installing: /home/ram/Downloads/trash/Gahan_AI/ros2_ws/install/training_interfaces/share/training_interfaces/cmake/export_training_interfaces__rosidl_typesupport_fastrtps_cppExport.cmake
[2.720s] -- Installing: /home/ram/Downloads/trash/Gahan_AI/ros2_ws/install/training_interfaces/share/training_interfaces/cmake/export_training_interfaces__rosidl_typesupport_fastrtps_cppExport-noconfig.cmake
[2.720s] -- Installing: /home/ram/Downloads/trash/Gahan_AI/ros2_ws/install/training_interfaces/share/training_interfaces/cmake/training_interfaces__rosidl_typesupport_introspection_cppExport.cmake
[2.720s] -- Installing: /home/ram/Downloads/trash/Gahan_AI/ros2_ws/install/training_interfaces/share/training_interfaces/cmake/training_interfaces__rosidl_typesupport_introspection_cppExport-noconfig.cmake
[2.720s] -- Installing: /home/ram/Downloads/trash/Gahan_AI/ros2_ws/install/training_interfaces/share/training_interfaces/cmake/training_interfaces__rosidl_typesupport_cppExport.cmake
[2.720s] -- Installing: /home/ram/Downloads/trash/Gahan_AI/ros2_ws/install/training_interfaces/share/training_interfaces/cmake/training_interfaces__rosidl_typesupport_cppExport-noconfig.cmake
[2.720s] -- Installing: /home/ram/Downloads/trash/Gahan_AI/ros2_ws/install/training_interfaces/share/training_interfaces/cmake/export_training_interfaces__rosidl_generator_pyExport.cmake
[2.720s] -- Installing: /home/ram/Downloads/trash/Gahan_AI/ros2_ws/install/training_interfaces/share/training_interfaces/cmake/export_training_interfaces__rosidl_generator_pyExport-noconfig.cmake
[2.720s] -- Installing: /home/ram/Downloads/trash/Gahan_AI/ros2_ws/install/training_interfaces/share/training_interfaces/cmake/rosidl_cmake-extras.cmake
[2.720s] -- Installing: /home/ram/Downloads/trash/Gahan_AI/ros2_ws/install/training_interfaces/share/training_interfaces/cmake/ament_cmake_export_include_directories-extras.cmake
[2.720s] -- Installing: /home/ram/Downloads/trash/Gahan_AI/ros2_ws/install/training_interfaces/share/training_interfaces/cmake/ament_cmake_export_libraries-extras.cmake
[2.720s] -- Installing: /home/ram/Downloads/trash/Gahan_AI/ros2_ws/install/training_interfaces/share/training_interfaces/cmake/ament_cmake_export_targets-extras.cmake
[2.720s] -- Installing: /home/ram/Downloads/trash/Gahan_AI/ros2_ws/install/training_interfaces/share/training_interfaces/cmake/rosidl_cmake_export_typesupport_targets-extras.cmake
[2.721s] -- Installing: /home/ram/Downloads/trash/Gahan_AI/ros2_ws/install/training_interfaces/share/training_interfaces/cmake/ament_cmake_export_dependencies-extras.cmake
[2.721s] -- Installing: /home/ram/Downloads/trash/Gahan_AI/ros2_ws/install/training_interfaces/share/training_interfaces/cmake/rosidl_cmake_export_typesupport_libraries-extras.cmake
[2.721s] -- Installing: /home/ram/Downloads/trash/Gahan_AI/ros2_ws/install/training_interfaces/share/training_interfaces/cmake/training_interfacesConfig.cmake
[2.721s] -- Installing: /home/ram/Downloads/trash/Gahan_AI/ros2_ws/install/training_interfaces/share/training_interfaces/cmake/training_interfacesConfig-version.cmake
[2.721s] -- Installing: /home/ram/Downloads/trash/Gahan_AI/ros2_ws/install/training_interfaces/share/training_interfaces/package.xml
[2.722s] Invoked command in '/home/ram/Downloads/trash/Gahan_AI/ros2_ws/build/training_interfaces' returned '0': CMAKE_PREFIX_PATH=${CMAKE_PREFIX_PATH}:/opt/ros/humble /usr/local/bin/cmake --install /home/ram/Downloads/trash/Gahan_AI/ros2_ws/build/training_interfaces
