[0.009s] Invoking command in '/home/ram/Downloads/trash/Gahan_AI/ros2_ws/build/articulate_one': CMAKE_PREFIX_PATH=${CMAKE_PREFIX_PATH}:/home/ram/Downloads/trash/Gahan_AI/ros2_ws/install/training:/opt/ros/humble /usr/local/bin/cmake --build /home/ram/Downloads/trash/Gahan_AI/ros2_ws/build/articulate_one -- -j8 -l8
[0.020s] Invoked command in '/home/ram/Downloads/trash/Gahan_AI/ros2_ws/build/articulate_one' returned '0': CMAKE_PREFIX_PATH=${CMAKE_PREFIX_PATH}:/home/ram/Downloads/trash/Gahan_AI/ros2_ws/install/training:/opt/ros/humble /usr/local/bin/cmake --build /home/ram/Downloads/trash/Gahan_AI/ros2_ws/build/articulate_one -- -j8 -l8
[0.024s] Invoking command in '/home/ram/Downloads/trash/Gahan_AI/ros2_ws/build/articulate_one': CMAKE_PREFIX_PATH=${CMAKE_PREFIX_PATH}:/home/ram/Downloads/trash/Gahan_AI/ros2_ws/install/training:/opt/ros/humble /usr/local/bin/cmake --install /home/ram/Downloads/trash/Gahan_AI/ros2_ws/build/articulate_one
[0.026s] -- Install configuration: ""
[0.028s] -- Execute custom install script
[0.028s] -- Up-to-date symlink: /home/ram/Downloads/trash/Gahan_AI/ros2_ws/install/articulate_one/share/articulate_one/config/empty.yaml
[0.030s] -- Up-to-date symlink: /home/ram/Downloads/trash/Gahan_AI/ros2_ws/install/articulate_one/share/articulate_one/description/gazebo_control.xacro
[0.030s] -- Up-to-date symlink: /home/ram/Downloads/trash/Gahan_AI/ros2_ws/install/articulate_one/share/articulate_one/description/inertial_macros.xacro
[0.031s] -- Symlinking: /home/ram/Downloads/trash/Gahan_AI/ros2_ws/install/articulate_one/share/articulate_one/description/lidar.xacro
[0.031s] -- Up-to-date symlink: /home/ram/Downloads/trash/Gahan_AI/ros2_ws/install/articulate_one/share/articulate_one/description/robot.urdf.xacro
[0.031s] -- Up-to-date symlink: /home/ram/Downloads/trash/Gahan_AI/ros2_ws/install/articulate_one/share/articulate_one/description/robot_core.xacro
[0.032s] -- Up-to-date symlink: /home/ram/Downloads/trash/Gahan_AI/ros2_ws/install/articulate_one/share/articulate_one/launch/launch_sim.launch.py
[0.032s] -- Up-to-date symlink: /home/ram/Downloads/trash/Gahan_AI/ros2_ws/install/articulate_one/share/articulate_one/launch/rsp.launch.py
[0.034s] -- Up-to-date symlink: /home/ram/Downloads/trash/Gahan_AI/ros2_ws/install/articulate_one/share/articulate_one/worlds/empty.world
[0.034s] -- Up-to-date symlink: /home/ram/Downloads/trash/Gahan_AI/ros2_ws/install/articulate_one/share/ament_index/resource_index/package_run_dependencies/articulate_one
[0.034s] -- Up-to-date symlink: /home/ram/Downloads/trash/Gahan_AI/ros2_ws/install/articulate_one/share/ament_index/resource_index/parent_prefix_path/articulate_one
[0.035s] -- Up-to-date symlink: /home/ram/Downloads/trash/Gahan_AI/ros2_ws/install/articulate_one/share/articulate_one/environment/ament_prefix_path.sh
[0.035s] -- Up-to-date symlink: /home/ram/Downloads/trash/Gahan_AI/ros2_ws/install/articulate_one/share/articulate_one/environment/ament_prefix_path.dsv
[0.035s] -- Up-to-date symlink: /home/ram/Downloads/trash/Gahan_AI/ros2_ws/install/articulate_one/share/articulate_one/environment/path.sh
[0.035s] -- Up-to-date symlink: /home/ram/Downloads/trash/Gahan_AI/ros2_ws/install/articulate_one/share/articulate_one/environment/path.dsv
[0.036s] -- Up-to-date symlink: /home/ram/Downloads/trash/Gahan_AI/ros2_ws/install/articulate_one/share/articulate_one/local_setup.bash
[0.036s] -- Up-to-date symlink: /home/ram/Downloads/trash/Gahan_AI/ros2_ws/install/articulate_one/share/articulate_one/local_setup.sh
[0.036s] -- Up-to-date symlink: /home/ram/Downloads/trash/Gahan_AI/ros2_ws/install/articulate_one/share/articulate_one/local_setup.zsh
[0.036s] -- Up-to-date symlink: /home/ram/Downloads/trash/Gahan_AI/ros2_ws/install/articulate_one/share/articulate_one/local_setup.dsv
[0.036s] -- Symlinking: /home/ram/Downloads/trash/Gahan_AI/ros2_ws/install/articulate_one/share/articulate_one/package.dsv
[0.040s] -- Up-to-date symlink: /home/ram/Downloads/trash/Gahan_AI/ros2_ws/install/articulate_one/share/ament_index/resource_index/packages/articulate_one
[0.040s] -- Up-to-date symlink: /home/ram/Downloads/trash/Gahan_AI/ros2_ws/install/articulate_one/share/articulate_one/cmake/articulate_oneConfig.cmake
[0.040s] -- Up-to-date symlink: /home/ram/Downloads/trash/Gahan_AI/ros2_ws/install/articulate_one/share/articulate_one/cmake/articulate_oneConfig-version.cmake
[0.041s] -- Up-to-date symlink: /home/ram/Downloads/trash/Gahan_AI/ros2_ws/install/articulate_one/share/articulate_one/package.xml
[0.043s] Invoked command in '/home/ram/Downloads/trash/Gahan_AI/ros2_ws/build/articulate_one' returned '0': CMAKE_PREFIX_PATH=${CMAKE_PREFIX_PATH}:/home/ram/Downloads/trash/Gahan_AI/ros2_ws/install/training:/opt/ros/humble /usr/local/bin/cmake --install /home/ram/Downloads/trash/Gahan_AI/ros2_ws/build/articulate_one
