[0.069s] DEBUG:colcon:Command line arguments: ['/usr/bin/colcon', 'build', '--symlink-install']
[0.069s] DEBUG:colcon:Parsed command line arguments: Namespace(log_base=None, log_level=None, verb_name='build', build_base='build', install_base='install', merge_install=False, symlink_install=True, test_result_base=None, continue_on_error=False, executor='parallel', parallel_workers=8, event_handlers=None, ignore_user_meta=False, metas=['./colcon.meta'], base_paths=['.'], packages_ignore=None, packages_ignore_regex=None, paths=None, packages_up_to=None, packages_up_to_regex=None, packages_above=None, packages_above_and_dependencies=None, packages_above_depth=None, packages_select_by_dep=None, packages_skip_by_dep=None, packages_skip_up_to=None, packages_select_build_failed=False, packages_skip_build_finished=False, packages_select_test_failures=False, packages_skip_test_passed=False, packages_select=None, packages_skip=None, packages_select_regex=None, packages_skip_regex=None, packages_start=None, packages_end=None, allow_overriding=[], cmake_args=None, cmake_target=None, cmake_target_skip_unavailable=False, cmake_clean_cache=False, cmake_clean_first=False, cmake_force_configure=False, ament_cmake_args=None, catkin_cmake_args=None, catkin_skip_building_tests=False, verb_parser=<colcon_defaults.argument_parser.defaults.DefaultArgumentsDecorator object at 0x7a9311b16110>, verb_extension=<colcon_core.verb.build.BuildVerb object at 0x7a9311b152d0>, main=<bound method BuildVerb.main of <colcon_core.verb.build.BuildVerb object at 0x7a9311b152d0>>)
[0.095s] Level 1:colcon.colcon_core.package_discovery:discover_packages(colcon_meta) check parameters
[0.095s] Level 1:colcon.colcon_core.package_discovery:discover_packages(recursive) check parameters
[0.095s] Level 1:colcon.colcon_core.package_discovery:discover_packages(ignore) check parameters
[0.095s] Level 1:colcon.colcon_core.package_discovery:discover_packages(path) check parameters
[0.096s] Level 1:colcon.colcon_core.package_discovery:discover_packages(colcon_meta) discover
[0.096s] Level 1:colcon.colcon_core.package_discovery:discover_packages(recursive) discover
[0.096s] INFO:colcon.colcon_core.package_discovery:Crawling recursively for packages in '/home/ram/Downloads/trash/Gahan_AI/ros2_ws'
[0.096s] Level 1:colcon.colcon_core.package_identification:_identify(.) by extensions ['ignore', 'ignore_ament_install']
[0.096s] Level 1:colcon.colcon_core.package_identification:_identify(.) by extension 'ignore'
[0.096s] Level 1:colcon.colcon_core.package_identification:_identify(.) by extension 'ignore_ament_install'
[0.096s] Level 1:colcon.colcon_core.package_identification:_identify(.) by extensions ['colcon_pkg']
[0.096s] Level 1:colcon.colcon_core.package_identification:_identify(.) by extension 'colcon_pkg'
[0.096s] Level 1:colcon.colcon_core.package_identification:_identify(.) by extensions ['colcon_meta']
[0.096s] Level 1:colcon.colcon_core.package_identification:_identify(.) by extension 'colcon_meta'
[0.096s] Level 1:colcon.colcon_core.package_identification:_identify(.) by extensions ['ros']
[0.096s] Level 1:colcon.colcon_core.package_identification:_identify(.) by extension 'ros'
[0.106s] Level 1:colcon.colcon_core.package_identification:_identify(.) by extensions ['cmake', 'python']
[0.106s] Level 1:colcon.colcon_core.package_identification:_identify(.) by extension 'cmake'
[0.106s] Level 1:colcon.colcon_core.package_identification:_identify(.) by extension 'python'
[0.106s] Level 1:colcon.colcon_core.package_identification:_identify(.) by extensions ['python_setup_py']
[0.106s] Level 1:colcon.colcon_core.package_identification:_identify(.) by extension 'python_setup_py'
[0.106s] Level 1:colcon.colcon_core.package_identification:_identify(build) by extensions ['ignore', 'ignore_ament_install']
[0.106s] Level 1:colcon.colcon_core.package_identification:_identify(build) by extension 'ignore'
[0.106s] Level 1:colcon.colcon_core.package_identification:_identify(build) ignored
[0.106s] Level 1:colcon.colcon_core.package_identification:_identify(install) by extensions ['ignore', 'ignore_ament_install']
[0.106s] Level 1:colcon.colcon_core.package_identification:_identify(install) by extension 'ignore'
[0.106s] Level 1:colcon.colcon_core.package_identification:_identify(install) ignored
[0.106s] Level 1:colcon.colcon_core.package_identification:_identify(log) by extensions ['ignore', 'ignore_ament_install']
[0.107s] Level 1:colcon.colcon_core.package_identification:_identify(log) by extension 'ignore'
[0.107s] Level 1:colcon.colcon_core.package_identification:_identify(log) ignored
[0.107s] Level 1:colcon.colcon_core.package_identification:_identify(src) by extensions ['ignore', 'ignore_ament_install']
[0.107s] Level 1:colcon.colcon_core.package_identification:_identify(src) by extension 'ignore'
[0.107s] Level 1:colcon.colcon_core.package_identification:_identify(src) by extension 'ignore_ament_install'
[0.107s] Level 1:colcon.colcon_core.package_identification:_identify(src) by extensions ['colcon_pkg']
[0.107s] Level 1:colcon.colcon_core.package_identification:_identify(src) by extension 'colcon_pkg'
[0.107s] Level 1:colcon.colcon_core.package_identification:_identify(src) by extensions ['colcon_meta']
[0.107s] Level 1:colcon.colcon_core.package_identification:_identify(src) by extension 'colcon_meta'
[0.107s] Level 1:colcon.colcon_core.package_identification:_identify(src) by extensions ['ros']
[0.107s] Level 1:colcon.colcon_core.package_identification:_identify(src) by extension 'ros'
[0.107s] Level 1:colcon.colcon_core.package_identification:_identify(src) by extensions ['cmake', 'python']
[0.107s] Level 1:colcon.colcon_core.package_identification:_identify(src) by extension 'cmake'
[0.107s] Level 1:colcon.colcon_core.package_identification:_identify(src) by extension 'python'
[0.107s] Level 1:colcon.colcon_core.package_identification:_identify(src) by extensions ['python_setup_py']
[0.107s] Level 1:colcon.colcon_core.package_identification:_identify(src) by extension 'python_setup_py'
[0.107s] Level 1:colcon.colcon_core.package_identification:_identify(src/articulate_one) by extensions ['ignore', 'ignore_ament_install']
[0.107s] Level 1:colcon.colcon_core.package_identification:_identify(src/articulate_one) by extension 'ignore'
[0.107s] Level 1:colcon.colcon_core.package_identification:_identify(src/articulate_one) by extension 'ignore_ament_install'
[0.107s] Level 1:colcon.colcon_core.package_identification:_identify(src/articulate_one) by extensions ['colcon_pkg']
[0.107s] Level 1:colcon.colcon_core.package_identification:_identify(src/articulate_one) by extension 'colcon_pkg'
[0.107s] Level 1:colcon.colcon_core.package_identification:_identify(src/articulate_one) by extensions ['colcon_meta']
[0.107s] Level 1:colcon.colcon_core.package_identification:_identify(src/articulate_one) by extension 'colcon_meta'
[0.107s] Level 1:colcon.colcon_core.package_identification:_identify(src/articulate_one) by extensions ['ros']
[0.107s] Level 1:colcon.colcon_core.package_identification:_identify(src/articulate_one) by extension 'ros'
[0.109s] DEBUG:colcon.colcon_core.package_identification:Package 'src/articulate_one' with type 'ros.ament_cmake' and name 'articulate_one'
[0.109s] Level 1:colcon.colcon_core.package_identification:_identify(src/training) by extensions ['ignore', 'ignore_ament_install']
[0.109s] Level 1:colcon.colcon_core.package_identification:_identify(src/training) by extension 'ignore'
[0.109s] Level 1:colcon.colcon_core.package_identification:_identify(src/training) by extension 'ignore_ament_install'
[0.109s] Level 1:colcon.colcon_core.package_identification:_identify(src/training) by extensions ['colcon_pkg']
[0.109s] Level 1:colcon.colcon_core.package_identification:_identify(src/training) by extension 'colcon_pkg'
[0.109s] Level 1:colcon.colcon_core.package_identification:_identify(src/training) by extensions ['colcon_meta']
[0.109s] Level 1:colcon.colcon_core.package_identification:_identify(src/training) by extension 'colcon_meta'
[0.109s] Level 1:colcon.colcon_core.package_identification:_identify(src/training) by extensions ['ros']
[0.109s] Level 1:colcon.colcon_core.package_identification:_identify(src/training) by extension 'ros'
[0.109s] DEBUG:colcon.colcon_core.package_identification:Package 'src/training' with type 'ros.ament_python' and name 'training'
[0.110s] Level 1:colcon.colcon_core.package_identification:_identify(src/training_interfaces) by extensions ['ignore', 'ignore_ament_install']
[0.110s] Level 1:colcon.colcon_core.package_identification:_identify(src/training_interfaces) by extension 'ignore'
[0.110s] Level 1:colcon.colcon_core.package_identification:_identify(src/training_interfaces) by extension 'ignore_ament_install'
[0.110s] Level 1:colcon.colcon_core.package_identification:_identify(src/training_interfaces) by extensions ['colcon_pkg']
[0.110s] Level 1:colcon.colcon_core.package_identification:_identify(src/training_interfaces) by extension 'colcon_pkg'
[0.110s] Level 1:colcon.colcon_core.package_identification:_identify(src/training_interfaces) by extensions ['colcon_meta']
[0.110s] Level 1:colcon.colcon_core.package_identification:_identify(src/training_interfaces) by extension 'colcon_meta'
[0.110s] Level 1:colcon.colcon_core.package_identification:_identify(src/training_interfaces) by extensions ['ros']
[0.110s] Level 1:colcon.colcon_core.package_identification:_identify(src/training_interfaces) by extension 'ros'
[0.110s] DEBUG:colcon.colcon_core.package_identification:Package 'src/training_interfaces' with type 'ros.ament_cmake' and name 'training_interfaces'
[0.110s] Level 1:colcon.colcon_core.package_discovery:discover_packages(recursive) using defaults
[0.110s] Level 1:colcon.colcon_core.package_discovery:discover_packages(ignore) discover
[0.110s] Level 1:colcon.colcon_core.package_discovery:discover_packages(ignore) using defaults
[0.110s] Level 1:colcon.colcon_core.package_discovery:discover_packages(path) discover
[0.110s] Level 1:colcon.colcon_core.package_discovery:discover_packages(path) using defaults
[0.124s] Level 1:colcon.colcon_core.package_discovery:discover_packages(prefix_path) check parameters
[0.124s] Level 1:colcon.colcon_core.package_discovery:discover_packages(prefix_path) discover
[0.125s] DEBUG:colcon.colcon_installed_package_information.package_discovery:Found 3 installed packages in /home/ram/Downloads/trash/Gahan_AI/ros2_ws/install
[0.125s] DEBUG:colcon.colcon_installed_package_information.package_discovery:Found 1 installed packages in /home/ram/ros2_ws/install
[0.126s] DEBUG:colcon.colcon_installed_package_information.package_discovery:Found 403 installed packages in /opt/ros/humble
[0.127s] Level 1:colcon.colcon_core.package_discovery:discover_packages(prefix_path) using defaults
[0.159s] Level 5:colcon.colcon_core.verb:set package 'articulate_one' build argument 'cmake_args' from command line to 'None'
[0.159s] Level 5:colcon.colcon_core.verb:set package 'articulate_one' build argument 'cmake_target' from command line to 'None'
[0.160s] Level 5:colcon.colcon_core.verb:set package 'articulate_one' build argument 'cmake_target_skip_unavailable' from command line to 'False'
[0.160s] Level 5:colcon.colcon_core.verb:set package 'articulate_one' build argument 'cmake_clean_cache' from command line to 'False'
[0.160s] Level 5:colcon.colcon_core.verb:set package 'articulate_one' build argument 'cmake_clean_first' from command line to 'False'
[0.160s] Level 5:colcon.colcon_core.verb:set package 'articulate_one' build argument 'cmake_force_configure' from command line to 'False'
[0.160s] Level 5:colcon.colcon_core.verb:set package 'articulate_one' build argument 'ament_cmake_args' from command line to 'None'
[0.160s] Level 5:colcon.colcon_core.verb:set package 'articulate_one' build argument 'catkin_cmake_args' from command line to 'None'
[0.160s] Level 5:colcon.colcon_core.verb:set package 'articulate_one' build argument 'catkin_skip_building_tests' from command line to 'False'
[0.160s] DEBUG:colcon.colcon_core.verb:Building package 'articulate_one' with the following arguments: {'ament_cmake_args': None, 'build_base': '/home/ram/Downloads/trash/Gahan_AI/ros2_ws/build/articulate_one', 'catkin_cmake_args': None, 'catkin_skip_building_tests': False, 'cmake_args': None, 'cmake_clean_cache': False, 'cmake_clean_first': False, 'cmake_force_configure': False, 'cmake_target': None, 'cmake_target_skip_unavailable': False, 'install_base': '/home/ram/Downloads/trash/Gahan_AI/ros2_ws/install/articulate_one', 'merge_install': False, 'path': '/home/ram/Downloads/trash/Gahan_AI/ros2_ws/src/articulate_one', 'symlink_install': True, 'test_result_base': None}
[0.160s] Level 5:colcon.colcon_core.verb:set package 'training_interfaces' build argument 'cmake_args' from command line to 'None'
[0.160s] Level 5:colcon.colcon_core.verb:set package 'training_interfaces' build argument 'cmake_target' from command line to 'None'
[0.160s] Level 5:colcon.colcon_core.verb:set package 'training_interfaces' build argument 'cmake_target_skip_unavailable' from command line to 'False'
[0.160s] Level 5:colcon.colcon_core.verb:set package 'training_interfaces' build argument 'cmake_clean_cache' from command line to 'False'
[0.160s] Level 5:colcon.colcon_core.verb:set package 'training_interfaces' build argument 'cmake_clean_first' from command line to 'False'
[0.160s] Level 5:colcon.colcon_core.verb:set package 'training_interfaces' build argument 'cmake_force_configure' from command line to 'False'
[0.160s] Level 5:colcon.colcon_core.verb:set package 'training_interfaces' build argument 'ament_cmake_args' from command line to 'None'
[0.160s] Level 5:colcon.colcon_core.verb:set package 'training_interfaces' build argument 'catkin_cmake_args' from command line to 'None'
[0.160s] Level 5:colcon.colcon_core.verb:set package 'training_interfaces' build argument 'catkin_skip_building_tests' from command line to 'False'
[0.160s] DEBUG:colcon.colcon_core.verb:Building package 'training_interfaces' with the following arguments: {'ament_cmake_args': None, 'build_base': '/home/ram/Downloads/trash/Gahan_AI/ros2_ws/build/training_interfaces', 'catkin_cmake_args': None, 'catkin_skip_building_tests': False, 'cmake_args': None, 'cmake_clean_cache': False, 'cmake_clean_first': False, 'cmake_force_configure': False, 'cmake_target': None, 'cmake_target_skip_unavailable': False, 'install_base': '/home/ram/Downloads/trash/Gahan_AI/ros2_ws/install/training_interfaces', 'merge_install': False, 'path': '/home/ram/Downloads/trash/Gahan_AI/ros2_ws/src/training_interfaces', 'symlink_install': True, 'test_result_base': None}
[0.160s] Level 5:colcon.colcon_core.verb:set package 'training' build argument 'cmake_args' from command line to 'None'
[0.160s] Level 5:colcon.colcon_core.verb:set package 'training' build argument 'cmake_target' from command line to 'None'
[0.160s] Level 5:colcon.colcon_core.verb:set package 'training' build argument 'cmake_target_skip_unavailable' from command line to 'False'
[0.160s] Level 5:colcon.colcon_core.verb:set package 'training' build argument 'cmake_clean_cache' from command line to 'False'
[0.160s] Level 5:colcon.colcon_core.verb:set package 'training' build argument 'cmake_clean_first' from command line to 'False'
[0.160s] Level 5:colcon.colcon_core.verb:set package 'training' build argument 'cmake_force_configure' from command line to 'False'
[0.160s] Level 5:colcon.colcon_core.verb:set package 'training' build argument 'ament_cmake_args' from command line to 'None'
[0.160s] Level 5:colcon.colcon_core.verb:set package 'training' build argument 'catkin_cmake_args' from command line to 'None'
[0.160s] Level 5:colcon.colcon_core.verb:set package 'training' build argument 'catkin_skip_building_tests' from command line to 'False'
[0.160s] DEBUG:colcon.colcon_core.verb:Building package 'training' with the following arguments: {'ament_cmake_args': None, 'build_base': '/home/ram/Downloads/trash/Gahan_AI/ros2_ws/build/training', 'catkin_cmake_args': None, 'catkin_skip_building_tests': False, 'cmake_args': None, 'cmake_clean_cache': False, 'cmake_clean_first': False, 'cmake_force_configure': False, 'cmake_target': None, 'cmake_target_skip_unavailable': False, 'install_base': '/home/ram/Downloads/trash/Gahan_AI/ros2_ws/install/training', 'merge_install': False, 'path': '/home/ram/Downloads/trash/Gahan_AI/ros2_ws/src/training', 'symlink_install': True, 'test_result_base': None}
[0.160s] INFO:colcon.colcon_core.executor:Executing jobs using 'parallel' executor
[0.161s] DEBUG:colcon.colcon_parallel_executor.executor.parallel:run_until_complete
[0.161s] INFO:colcon.colcon_ros.task.ament_cmake.build:Building ROS package in '/home/ram/Downloads/trash/Gahan_AI/ros2_ws/src/training_interfaces' with build type 'ament_cmake'
[0.162s] INFO:colcon.colcon_cmake.task.cmake.build:Building CMake package in '/home/ram/Downloads/trash/Gahan_AI/ros2_ws/src/training_interfaces'
[0.163s] INFO:colcon.colcon_core.plugin_system:Skipping extension 'colcon_core.shell.bat': Not used on non-Windows systems
[0.163s] INFO:colcon.colcon_core.shell:Skip shell extension 'powershell' for command environment: Not usable outside of PowerShell
[0.163s] DEBUG:colcon.colcon_core.shell:Skip shell extension 'dsv' for command environment
[0.166s] INFO:colcon.colcon_ros.task.ament_cmake.build:Building ROS package in '/home/ram/Downloads/trash/Gahan_AI/ros2_ws/src/articulate_one' with build type 'ament_cmake'
[0.166s] INFO:colcon.colcon_cmake.task.cmake.build:Building CMake package in '/home/ram/Downloads/trash/Gahan_AI/ros2_ws/src/articulate_one'
[0.167s] INFO:colcon.colcon_core.shell:Skip shell extension 'powershell' for command environment: Not usable outside of PowerShell
[0.167s] DEBUG:colcon.colcon_core.shell:Skip shell extension 'dsv' for command environment
[0.175s] DEBUG:colcon.colcon_core.event_handler.log_command:Invoking command in '/home/ram/Downloads/trash/Gahan_AI/ros2_ws/build/training_interfaces': CMAKE_PREFIX_PATH=${CMAKE_PREFIX_PATH}:/home/ram/Downloads/trash/Gahan_AI/ros2_ws/install/training:/opt/ros/humble /usr/local/bin/cmake --build /home/ram/Downloads/trash/Gahan_AI/ros2_ws/build/training_interfaces -- -j8 -l8
[0.179s] DEBUG:colcon.colcon_core.event_handler.log_command:Invoking command in '/home/ram/Downloads/trash/Gahan_AI/ros2_ws/build/articulate_one': CMAKE_PREFIX_PATH=${CMAKE_PREFIX_PATH}:/home/ram/Downloads/trash/Gahan_AI/ros2_ws/install/training:/opt/ros/humble /usr/local/bin/cmake --build /home/ram/Downloads/trash/Gahan_AI/ros2_ws/build/articulate_one -- -j8 -l8
[0.191s] DEBUG:colcon.colcon_core.event_handler.log_command:Invoked command in '/home/ram/Downloads/trash/Gahan_AI/ros2_ws/build/articulate_one' returned '0': CMAKE_PREFIX_PATH=${CMAKE_PREFIX_PATH}:/home/ram/Downloads/trash/Gahan_AI/ros2_ws/install/training:/opt/ros/humble /usr/local/bin/cmake --build /home/ram/Downloads/trash/Gahan_AI/ros2_ws/build/articulate_one -- -j8 -l8
[0.197s] DEBUG:colcon.colcon_core.event_handler.log_command:Invoking command in '/home/ram/Downloads/trash/Gahan_AI/ros2_ws/build/articulate_one': CMAKE_PREFIX_PATH=${CMAKE_PREFIX_PATH}:/home/ram/Downloads/trash/Gahan_AI/ros2_ws/install/training:/opt/ros/humble /usr/local/bin/cmake --install /home/ram/Downloads/trash/Gahan_AI/ros2_ws/build/articulate_one
[0.213s] Level 1:colcon.colcon_core.environment:create_environment_scripts_only(articulate_one)
[0.214s] DEBUG:colcon.colcon_core.event_handler.log_command:Invoked command in '/home/ram/Downloads/trash/Gahan_AI/ros2_ws/build/articulate_one' returned '0': CMAKE_PREFIX_PATH=${CMAKE_PREFIX_PATH}:/home/ram/Downloads/trash/Gahan_AI/ros2_ws/install/training:/opt/ros/humble /usr/local/bin/cmake --install /home/ram/Downloads/trash/Gahan_AI/ros2_ws/build/articulate_one
[0.217s] Level 1:colcon.colcon_core.environment:checking '/home/ram/Downloads/trash/Gahan_AI/ros2_ws/install/articulate_one' for CMake module files
[0.217s] Level 1:colcon.colcon_core.environment:checking '/home/ram/Downloads/trash/Gahan_AI/ros2_ws/install/articulate_one' for CMake config files
[0.218s] Level 1:colcon.colcon_core.shell:create_environment_hook('articulate_one', 'cmake_prefix_path')
[0.218s] INFO:colcon.colcon_core.shell:Creating environment hook '/home/ram/Downloads/trash/Gahan_AI/ros2_ws/install/articulate_one/share/articulate_one/hook/cmake_prefix_path.ps1'
[0.219s] INFO:colcon.colcon_core.shell:Creating environment descriptor '/home/ram/Downloads/trash/Gahan_AI/ros2_ws/install/articulate_one/share/articulate_one/hook/cmake_prefix_path.dsv'
[0.219s] INFO:colcon.colcon_core.shell:Creating environment hook '/home/ram/Downloads/trash/Gahan_AI/ros2_ws/install/articulate_one/share/articulate_one/hook/cmake_prefix_path.sh'
[0.220s] Level 1:colcon.colcon_core.environment:checking '/home/ram/Downloads/trash/Gahan_AI/ros2_ws/install/articulate_one/bin'
[0.220s] Level 1:colcon.colcon_core.environment:checking '/home/ram/Downloads/trash/Gahan_AI/ros2_ws/install/articulate_one/lib/pkgconfig/articulate_one.pc'
[0.220s] Level 1:colcon.colcon_core.environment:checking '/home/ram/Downloads/trash/Gahan_AI/ros2_ws/install/articulate_one/lib/python3.10/site-packages'
[0.221s] Level 1:colcon.colcon_core.environment:checking '/home/ram/Downloads/trash/Gahan_AI/ros2_ws/install/articulate_one/bin'
[0.221s] INFO:colcon.colcon_core.shell:Creating package script '/home/ram/Downloads/trash/Gahan_AI/ros2_ws/install/articulate_one/share/articulate_one/package.ps1'
[0.222s] INFO:colcon.colcon_core.shell:Creating package descriptor '/home/ram/Downloads/trash/Gahan_AI/ros2_ws/install/articulate_one/share/articulate_one/package.dsv'
[0.223s] INFO:colcon.colcon_core.shell:Creating package script '/home/ram/Downloads/trash/Gahan_AI/ros2_ws/install/articulate_one/share/articulate_one/package.sh'
[0.223s] INFO:colcon.colcon_core.shell:Creating package script '/home/ram/Downloads/trash/Gahan_AI/ros2_ws/install/articulate_one/share/articulate_one/package.bash'
[0.224s] INFO:colcon.colcon_core.shell:Creating package script '/home/ram/Downloads/trash/Gahan_AI/ros2_ws/install/articulate_one/share/articulate_one/package.zsh'
[0.225s] Level 1:colcon.colcon_core.environment:create_file_with_runtime_dependencies(/home/ram/Downloads/trash/Gahan_AI/ros2_ws/install/articulate_one/share/colcon-core/packages/articulate_one)
[0.226s] Level 1:colcon.colcon_core.environment:create_environment_scripts_only(articulate_one)
[0.226s] Level 1:colcon.colcon_core.environment:checking '/home/ram/Downloads/trash/Gahan_AI/ros2_ws/install/articulate_one' for CMake module files
[0.226s] Level 1:colcon.colcon_core.environment:checking '/home/ram/Downloads/trash/Gahan_AI/ros2_ws/install/articulate_one' for CMake config files
[0.227s] Level 1:colcon.colcon_core.shell:create_environment_hook('articulate_one', 'cmake_prefix_path')
[0.227s] INFO:colcon.colcon_core.shell:Creating environment hook '/home/ram/Downloads/trash/Gahan_AI/ros2_ws/install/articulate_one/share/articulate_one/hook/cmake_prefix_path.ps1'
[0.227s] INFO:colcon.colcon_core.shell:Creating environment descriptor '/home/ram/Downloads/trash/Gahan_AI/ros2_ws/install/articulate_one/share/articulate_one/hook/cmake_prefix_path.dsv'
[0.228s] INFO:colcon.colcon_core.shell:Creating environment hook '/home/ram/Downloads/trash/Gahan_AI/ros2_ws/install/articulate_one/share/articulate_one/hook/cmake_prefix_path.sh'
[0.228s] Level 1:colcon.colcon_core.environment:checking '/home/ram/Downloads/trash/Gahan_AI/ros2_ws/install/articulate_one/bin'
[0.228s] Level 1:colcon.colcon_core.environment:checking '/home/ram/Downloads/trash/Gahan_AI/ros2_ws/install/articulate_one/lib/pkgconfig/articulate_one.pc'
[0.228s] Level 1:colcon.colcon_core.environment:checking '/home/ram/Downloads/trash/Gahan_AI/ros2_ws/install/articulate_one/lib/python3.10/site-packages'
[0.229s] Level 1:colcon.colcon_core.environment:checking '/home/ram/Downloads/trash/Gahan_AI/ros2_ws/install/articulate_one/bin'
[0.229s] INFO:colcon.colcon_core.shell:Creating package script '/home/ram/Downloads/trash/Gahan_AI/ros2_ws/install/articulate_one/share/articulate_one/package.ps1'
[0.229s] INFO:colcon.colcon_core.shell:Creating package descriptor '/home/ram/Downloads/trash/Gahan_AI/ros2_ws/install/articulate_one/share/articulate_one/package.dsv'
[0.230s] INFO:colcon.colcon_core.shell:Creating package script '/home/ram/Downloads/trash/Gahan_AI/ros2_ws/install/articulate_one/share/articulate_one/package.sh'
[0.231s] INFO:colcon.colcon_core.shell:Creating package script '/home/ram/Downloads/trash/Gahan_AI/ros2_ws/install/articulate_one/share/articulate_one/package.bash'
[0.231s] INFO:colcon.colcon_core.shell:Creating package script '/home/ram/Downloads/trash/Gahan_AI/ros2_ws/install/articulate_one/share/articulate_one/package.zsh'
[0.231s] Level 1:colcon.colcon_core.environment:create_file_with_runtime_dependencies(/home/ram/Downloads/trash/Gahan_AI/ros2_ws/install/articulate_one/share/colcon-core/packages/articulate_one)
[0.437s] DEBUG:colcon.colcon_core.event_handler.log_command:Invoked command in '/home/ram/Downloads/trash/Gahan_AI/ros2_ws/build/training_interfaces' returned '0': CMAKE_PREFIX_PATH=${CMAKE_PREFIX_PATH}:/home/ram/Downloads/trash/Gahan_AI/ros2_ws/install/training:/opt/ros/humble /usr/local/bin/cmake --build /home/ram/Downloads/trash/Gahan_AI/ros2_ws/build/training_interfaces -- -j8 -l8
[0.438s] DEBUG:colcon.colcon_core.event_handler.log_command:Invoking command in '/home/ram/Downloads/trash/Gahan_AI/ros2_ws/build/training_interfaces': CMAKE_PREFIX_PATH=${CMAKE_PREFIX_PATH}:/home/ram/Downloads/trash/Gahan_AI/ros2_ws/install/training:/opt/ros/humble /usr/local/bin/cmake --install /home/ram/Downloads/trash/Gahan_AI/ros2_ws/build/training_interfaces
[0.482s] Level 1:colcon.colcon_core.environment:create_environment_scripts_only(training_interfaces)
[0.482s] Level 1:colcon.colcon_core.environment:checking '/home/ram/Downloads/trash/Gahan_AI/ros2_ws/install/training_interfaces' for CMake module files
[0.482s] DEBUG:colcon.colcon_core.event_handler.log_command:Invoked command in '/home/ram/Downloads/trash/Gahan_AI/ros2_ws/build/training_interfaces' returned '0': CMAKE_PREFIX_PATH=${CMAKE_PREFIX_PATH}:/home/ram/Downloads/trash/Gahan_AI/ros2_ws/install/training:/opt/ros/humble /usr/local/bin/cmake --install /home/ram/Downloads/trash/Gahan_AI/ros2_ws/build/training_interfaces
[0.483s] Level 1:colcon.colcon_core.environment:checking '/home/ram/Downloads/trash/Gahan_AI/ros2_ws/install/training_interfaces' for CMake config files
[0.483s] Level 1:colcon.colcon_core.shell:create_environment_hook('training_interfaces', 'cmake_prefix_path')
[0.483s] INFO:colcon.colcon_core.shell:Creating environment hook '/home/ram/Downloads/trash/Gahan_AI/ros2_ws/install/training_interfaces/share/training_interfaces/hook/cmake_prefix_path.ps1'
[0.484s] INFO:colcon.colcon_core.shell:Creating environment descriptor '/home/ram/Downloads/trash/Gahan_AI/ros2_ws/install/training_interfaces/share/training_interfaces/hook/cmake_prefix_path.dsv'
[0.484s] INFO:colcon.colcon_core.shell:Creating environment hook '/home/ram/Downloads/trash/Gahan_AI/ros2_ws/install/training_interfaces/share/training_interfaces/hook/cmake_prefix_path.sh'
[0.484s] Level 1:colcon.colcon_core.environment:checking '/home/ram/Downloads/trash/Gahan_AI/ros2_ws/install/training_interfaces/lib'
[0.485s] Level 1:colcon.colcon_core.shell:create_environment_hook('training_interfaces', 'ld_library_path_lib')
[0.485s] INFO:colcon.colcon_core.shell:Creating environment hook '/home/ram/Downloads/trash/Gahan_AI/ros2_ws/install/training_interfaces/share/training_interfaces/hook/ld_library_path_lib.ps1'
[0.485s] INFO:colcon.colcon_core.shell:Creating environment descriptor '/home/ram/Downloads/trash/Gahan_AI/ros2_ws/install/training_interfaces/share/training_interfaces/hook/ld_library_path_lib.dsv'
[0.485s] INFO:colcon.colcon_core.shell:Creating environment hook '/home/ram/Downloads/trash/Gahan_AI/ros2_ws/install/training_interfaces/share/training_interfaces/hook/ld_library_path_lib.sh'
[0.485s] Level 1:colcon.colcon_core.environment:checking '/home/ram/Downloads/trash/Gahan_AI/ros2_ws/install/training_interfaces/bin'
[0.485s] Level 1:colcon.colcon_core.environment:checking '/home/ram/Downloads/trash/Gahan_AI/ros2_ws/install/training_interfaces/lib/pkgconfig/training_interfaces.pc'
[0.486s] Level 1:colcon.colcon_core.environment:checking '/home/ram/Downloads/trash/Gahan_AI/ros2_ws/install/training_interfaces/lib/python3.10/site-packages'
[0.486s] Level 1:colcon.colcon_core.environment:checking '/home/ram/Downloads/trash/Gahan_AI/ros2_ws/install/training_interfaces/bin'
[0.486s] INFO:colcon.colcon_core.shell:Creating package script '/home/ram/Downloads/trash/Gahan_AI/ros2_ws/install/training_interfaces/share/training_interfaces/package.ps1'
[0.486s] INFO:colcon.colcon_core.shell:Creating package descriptor '/home/ram/Downloads/trash/Gahan_AI/ros2_ws/install/training_interfaces/share/training_interfaces/package.dsv'
[0.487s] INFO:colcon.colcon_core.shell:Creating package script '/home/ram/Downloads/trash/Gahan_AI/ros2_ws/install/training_interfaces/share/training_interfaces/package.sh'
[0.487s] INFO:colcon.colcon_core.shell:Creating package script '/home/ram/Downloads/trash/Gahan_AI/ros2_ws/install/training_interfaces/share/training_interfaces/package.bash'
[0.487s] INFO:colcon.colcon_core.shell:Creating package script '/home/ram/Downloads/trash/Gahan_AI/ros2_ws/install/training_interfaces/share/training_interfaces/package.zsh'
[0.487s] Level 1:colcon.colcon_core.environment:create_file_with_runtime_dependencies(/home/ram/Downloads/trash/Gahan_AI/ros2_ws/install/training_interfaces/share/colcon-core/packages/training_interfaces)
[0.488s] Level 1:colcon.colcon_core.environment:create_environment_scripts_only(training_interfaces)
[0.488s] Level 1:colcon.colcon_core.environment:checking '/home/ram/Downloads/trash/Gahan_AI/ros2_ws/install/training_interfaces' for CMake module files
[0.488s] Level 1:colcon.colcon_core.environment:checking '/home/ram/Downloads/trash/Gahan_AI/ros2_ws/install/training_interfaces' for CMake config files
[0.489s] Level 1:colcon.colcon_core.shell:create_environment_hook('training_interfaces', 'cmake_prefix_path')
[0.489s] INFO:colcon.colcon_core.shell:Creating environment hook '/home/ram/Downloads/trash/Gahan_AI/ros2_ws/install/training_interfaces/share/training_interfaces/hook/cmake_prefix_path.ps1'
[0.490s] INFO:colcon.colcon_core.shell:Creating environment descriptor '/home/ram/Downloads/trash/Gahan_AI/ros2_ws/install/training_interfaces/share/training_interfaces/hook/cmake_prefix_path.dsv'
[0.490s] INFO:colcon.colcon_core.shell:Creating environment hook '/home/ram/Downloads/trash/Gahan_AI/ros2_ws/install/training_interfaces/share/training_interfaces/hook/cmake_prefix_path.sh'
[0.490s] Level 1:colcon.colcon_core.environment:checking '/home/ram/Downloads/trash/Gahan_AI/ros2_ws/install/training_interfaces/lib'
[0.490s] Level 1:colcon.colcon_core.shell:create_environment_hook('training_interfaces', 'ld_library_path_lib')
[0.491s] INFO:colcon.colcon_core.shell:Creating environment hook '/home/ram/Downloads/trash/Gahan_AI/ros2_ws/install/training_interfaces/share/training_interfaces/hook/ld_library_path_lib.ps1'
[0.491s] INFO:colcon.colcon_core.shell:Creating environment descriptor '/home/ram/Downloads/trash/Gahan_AI/ros2_ws/install/training_interfaces/share/training_interfaces/hook/ld_library_path_lib.dsv'
[0.491s] INFO:colcon.colcon_core.shell:Creating environment hook '/home/ram/Downloads/trash/Gahan_AI/ros2_ws/install/training_interfaces/share/training_interfaces/hook/ld_library_path_lib.sh'
[0.491s] Level 1:colcon.colcon_core.environment:checking '/home/ram/Downloads/trash/Gahan_AI/ros2_ws/install/training_interfaces/bin'
[0.491s] Level 1:colcon.colcon_core.environment:checking '/home/ram/Downloads/trash/Gahan_AI/ros2_ws/install/training_interfaces/lib/pkgconfig/training_interfaces.pc'
[0.492s] Level 1:colcon.colcon_core.environment:checking '/home/ram/Downloads/trash/Gahan_AI/ros2_ws/install/training_interfaces/lib/python3.10/site-packages'
[0.492s] Level 1:colcon.colcon_core.environment:checking '/home/ram/Downloads/trash/Gahan_AI/ros2_ws/install/training_interfaces/bin'
[0.492s] INFO:colcon.colcon_core.shell:Creating package script '/home/ram/Downloads/trash/Gahan_AI/ros2_ws/install/training_interfaces/share/training_interfaces/package.ps1'
[0.493s] INFO:colcon.colcon_core.shell:Creating package descriptor '/home/ram/Downloads/trash/Gahan_AI/ros2_ws/install/training_interfaces/share/training_interfaces/package.dsv'
[0.493s] INFO:colcon.colcon_core.shell:Creating package script '/home/ram/Downloads/trash/Gahan_AI/ros2_ws/install/training_interfaces/share/training_interfaces/package.sh'
[0.494s] INFO:colcon.colcon_core.shell:Creating package script '/home/ram/Downloads/trash/Gahan_AI/ros2_ws/install/training_interfaces/share/training_interfaces/package.bash'
[0.494s] INFO:colcon.colcon_core.shell:Creating package script '/home/ram/Downloads/trash/Gahan_AI/ros2_ws/install/training_interfaces/share/training_interfaces/package.zsh'
[0.494s] Level 1:colcon.colcon_core.environment:create_file_with_runtime_dependencies(/home/ram/Downloads/trash/Gahan_AI/ros2_ws/install/training_interfaces/share/colcon-core/packages/training_interfaces)
[0.495s] INFO:colcon.colcon_ros.task.ament_python.build:Building ROS package in '/home/ram/Downloads/trash/Gahan_AI/ros2_ws/src/training' with build type 'ament_python'
[0.495s] Level 1:colcon.colcon_core.shell:create_environment_hook('training', 'ament_prefix_path')
[0.495s] INFO:colcon.colcon_core.shell:Creating environment hook '/home/ram/Downloads/trash/Gahan_AI/ros2_ws/install/training/share/training/hook/ament_prefix_path.ps1'
[0.495s] INFO:colcon.colcon_core.shell:Creating environment descriptor '/home/ram/Downloads/trash/Gahan_AI/ros2_ws/install/training/share/training/hook/ament_prefix_path.dsv'
[0.496s] INFO:colcon.colcon_core.shell:Creating environment hook '/home/ram/Downloads/trash/Gahan_AI/ros2_ws/install/training/share/training/hook/ament_prefix_path.sh'
[0.496s] INFO:colcon.colcon_core.shell:Skip shell extension 'powershell' for command environment: Not usable outside of PowerShell
[0.496s] DEBUG:colcon.colcon_core.shell:Skip shell extension 'dsv' for command environment
[0.651s] INFO:colcon.colcon_core.task.python.build:Building Python package in '/home/ram/Downloads/trash/Gahan_AI/ros2_ws/src/training'
[0.651s] INFO:colcon.colcon_core.shell:Skip shell extension 'powershell' for command environment: Not usable outside of PowerShell
[0.651s] DEBUG:colcon.colcon_core.shell:Skip shell extension 'dsv' for command environment
[1.011s] DEBUG:colcon.colcon_core.event_handler.log_command:Invoking command in '/home/ram/Downloads/trash/Gahan_AI/ros2_ws/build/training': CMAKE_PREFIX_PATH=/home/ram/Downloads/trash/Gahan_AI/ros2_ws/install/training_interfaces:/home/ram/Downloads/trash/Gahan_AI/ros2_ws/install/articulate_one:/home/ram/ros2_ws/install/my_robot_description PYTHONPATH=/home/ram/Downloads/trash/Gahan_AI/ros2_ws/build/training/prefix_override:/usr/lib/python3/dist-packages/colcon_core/task/python/colcon_distutils_commands:/home/ram/Downloads/trash/Gahan_AI/ros2_ws/install/training/lib/python3.10/site-packages:${PYTHONPATH} /usr/bin/python3 -W ignore:setup.py install is deprecated -W ignore:easy_install command is deprecated setup.py develop --editable --build-directory /home/ram/Downloads/trash/Gahan_AI/ros2_ws/build/training/build --no-deps symlink_data
[1.433s] Level 1:colcon.colcon_core.shell:create_environment_hook('training', 'pythonpath_develop')
[1.433s] INFO:colcon.colcon_core.shell:Creating environment hook '/home/ram/Downloads/trash/Gahan_AI/ros2_ws/build/training/share/training/hook/pythonpath_develop.ps1'
[1.434s] DEBUG:colcon.colcon_core.event_handler.log_command:Invoked command in '/home/ram/Downloads/trash/Gahan_AI/ros2_ws/build/training' returned '0': CMAKE_PREFIX_PATH=/home/ram/Downloads/trash/Gahan_AI/ros2_ws/install/training_interfaces:/home/ram/Downloads/trash/Gahan_AI/ros2_ws/install/articulate_one:/home/ram/ros2_ws/install/my_robot_description PYTHONPATH=/home/ram/Downloads/trash/Gahan_AI/ros2_ws/build/training/prefix_override:/usr/lib/python3/dist-packages/colcon_core/task/python/colcon_distutils_commands:/home/ram/Downloads/trash/Gahan_AI/ros2_ws/install/training/lib/python3.10/site-packages:${PYTHONPATH} /usr/bin/python3 -W ignore:setup.py install is deprecated -W ignore:easy_install command is deprecated setup.py develop --editable --build-directory /home/ram/Downloads/trash/Gahan_AI/ros2_ws/build/training/build --no-deps symlink_data
[1.434s] INFO:colcon.colcon_core.shell:Creating environment descriptor '/home/ram/Downloads/trash/Gahan_AI/ros2_ws/build/training/share/training/hook/pythonpath_develop.dsv'
[1.434s] INFO:colcon.colcon_core.shell:Creating environment hook '/home/ram/Downloads/trash/Gahan_AI/ros2_ws/build/training/share/training/hook/pythonpath_develop.sh'
[1.435s] Level 1:colcon.colcon_core.environment:checking '/home/ram/Downloads/trash/Gahan_AI/ros2_ws/install/training' for CMake module files
[1.435s] Level 1:colcon.colcon_core.environment:checking '/home/ram/Downloads/trash/Gahan_AI/ros2_ws/install/training' for CMake config files
[1.435s] Level 1:colcon.colcon_core.environment:checking '/home/ram/Downloads/trash/Gahan_AI/ros2_ws/install/training/lib'
[1.435s] Level 1:colcon.colcon_core.environment:checking '/home/ram/Downloads/trash/Gahan_AI/ros2_ws/install/training/bin'
[1.435s] Level 1:colcon.colcon_core.environment:checking '/home/ram/Downloads/trash/Gahan_AI/ros2_ws/install/training/lib/pkgconfig/training.pc'
[1.436s] Level 1:colcon.colcon_core.environment:checking '/home/ram/Downloads/trash/Gahan_AI/ros2_ws/install/training/lib/python3.10/site-packages'
[1.436s] Level 1:colcon.colcon_core.shell:create_environment_hook('training', 'pythonpath')
[1.436s] INFO:colcon.colcon_core.shell:Creating environment hook '/home/ram/Downloads/trash/Gahan_AI/ros2_ws/install/training/share/training/hook/pythonpath.ps1'
[1.436s] INFO:colcon.colcon_core.shell:Creating environment descriptor '/home/ram/Downloads/trash/Gahan_AI/ros2_ws/install/training/share/training/hook/pythonpath.dsv'
[1.436s] INFO:colcon.colcon_core.shell:Creating environment hook '/home/ram/Downloads/trash/Gahan_AI/ros2_ws/install/training/share/training/hook/pythonpath.sh'
[1.437s] Level 1:colcon.colcon_core.environment:checking '/home/ram/Downloads/trash/Gahan_AI/ros2_ws/install/training/bin'
[1.437s] Level 1:colcon.colcon_core.environment:create_environment_scripts_only(training)
[1.437s] INFO:colcon.colcon_core.shell:Creating package script '/home/ram/Downloads/trash/Gahan_AI/ros2_ws/install/training/share/training/package.ps1'
[1.437s] INFO:colcon.colcon_core.shell:Creating package descriptor '/home/ram/Downloads/trash/Gahan_AI/ros2_ws/install/training/share/training/package.dsv'
[1.438s] INFO:colcon.colcon_core.shell:Creating package script '/home/ram/Downloads/trash/Gahan_AI/ros2_ws/install/training/share/training/package.sh'
[1.438s] INFO:colcon.colcon_core.shell:Creating package script '/home/ram/Downloads/trash/Gahan_AI/ros2_ws/install/training/share/training/package.bash'
[1.438s] INFO:colcon.colcon_core.shell:Creating package script '/home/ram/Downloads/trash/Gahan_AI/ros2_ws/install/training/share/training/package.zsh'
[1.438s] Level 1:colcon.colcon_core.environment:create_file_with_runtime_dependencies(/home/ram/Downloads/trash/Gahan_AI/ros2_ws/install/training/share/colcon-core/packages/training)
[1.439s] DEBUG:colcon.colcon_parallel_executor.executor.parallel:closing loop
[1.439s] DEBUG:colcon.colcon_parallel_executor.executor.parallel:loop closed
[1.439s] DEBUG:colcon.colcon_parallel_executor.executor.parallel:run_until_complete finished with '0'
[1.439s] DEBUG:colcon.colcon_core.event_reactor:joining thread
[1.442s] INFO:colcon.colcon_core.plugin_system:Skipping extension 'colcon_notification.desktop_notification.terminal_notifier': Not used on non-Darwin systems
[1.442s] INFO:colcon.colcon_core.plugin_system:Skipping extension 'colcon_notification.desktop_notification.win32': Not used on non-Windows systems
[1.442s] INFO:colcon.colcon_notification.desktop_notification:Sending desktop notification using 'notify2'
[1.450s] DEBUG:colcon.colcon_core.event_reactor:joined thread
[1.451s] INFO:colcon.colcon_core.shell:Creating prefix script '/home/ram/Downloads/trash/Gahan_AI/ros2_ws/install/local_setup.ps1'
[1.452s] INFO:colcon.colcon_core.shell:Creating prefix util module '/home/ram/Downloads/trash/Gahan_AI/ros2_ws/install/_local_setup_util_ps1.py'
[1.453s] INFO:colcon.colcon_core.shell:Creating prefix chain script '/home/ram/Downloads/trash/Gahan_AI/ros2_ws/install/setup.ps1'
[1.454s] INFO:colcon.colcon_core.shell:Creating prefix script '/home/ram/Downloads/trash/Gahan_AI/ros2_ws/install/local_setup.sh'
[1.455s] INFO:colcon.colcon_core.shell:Creating prefix util module '/home/ram/Downloads/trash/Gahan_AI/ros2_ws/install/_local_setup_util_sh.py'
[1.455s] INFO:colcon.colcon_core.shell:Creating prefix chain script '/home/ram/Downloads/trash/Gahan_AI/ros2_ws/install/setup.sh'
[1.456s] INFO:colcon.colcon_core.shell:Creating prefix script '/home/ram/Downloads/trash/Gahan_AI/ros2_ws/install/local_setup.bash'
[1.457s] INFO:colcon.colcon_core.shell:Creating prefix chain script '/home/ram/Downloads/trash/Gahan_AI/ros2_ws/install/setup.bash'
[1.457s] INFO:colcon.colcon_core.shell:Creating prefix script '/home/ram/Downloads/trash/Gahan_AI/ros2_ws/install/local_setup.zsh'
[1.458s] INFO:colcon.colcon_core.shell:Creating prefix chain script '/home/ram/Downloads/trash/Gahan_AI/ros2_ws/install/setup.zsh'
