[0.008s] Invoking command in '/home/ram/Downloads/trash/Gahan_AI/ros2_ws/build/articulate_one': CMAKE_PREFIX_PATH=${CMAKE_PREFIX_PATH}:/home/ram/Downloads/trash/Gahan_AI/ros2_ws/install/training:/opt/ros/humble /usr/local/bin/cmake /home/ram/Downloads/trash/Gahan_AI/ros2_ws/src/articulate_one -DAMENT_CMAKE_SYMLINK_INSTALL=1 -DCMAKE_INSTALL_PREFIX=/home/ram/Downloads/trash/Gahan_AI/ros2_ws/install/articulate_one
[0.085s] -- The C compiler identification is GNU 11.4.0
[0.133s] -- The CXX compiler identification is GNU 11.4.0
[0.141s] -- Detecting C compiler ABI info
[0.184s] -- Detecting C compiler ABI info - done
[0.194s] -- Check for working C compiler: /usr/bin/cc - skipped
[0.194s] -- Detecting C compile features
[0.194s] -- Detecting C compile features - done
[0.197s] -- Detecting CXX compiler ABI info
[0.251s] -- Detecting CXX compiler ABI info - done
[0.261s] -- Check for working CXX compiler: /usr/bin/c++ - skipped
[0.262s] -- Detecting CXX compile features
[0.262s] -- Detecting CXX compile features - done
[0.264s] -- Found ament_cmake: 1.3.11 (/opt/ros/humble/share/ament_cmake/cmake)
[0.559s] -- Found Python3: /usr/bin/python3 (found version "3.10.12") found components: Interpreter 
[0.612s] -- Override CMake install command with custom implementation using symlinks instead of copying resources
[0.640s] -- Found ament_lint_auto: 0.12.12 (/opt/ros/humble/share/ament_lint_auto/cmake)
[0.705s] -- Added test 'copyright' to check source files copyright and LICENSE
[0.710s] -- Added test 'flake8' to check Python code syntax and style conventions
[0.711s] -- Added test 'lint_cmake' to check CMake code style
[0.711s] -- Added test 'pep257' to check Python code against some of the docstring style conventions in PEP 257
[0.714s] -- Added test 'xmllint' to check XML markup files
[0.715s] -- Configuring done (0.7s)
[0.718s] -- Generating done (0.0s)
[0.719s] -- Build files have been written to: /home/ram/Downloads/trash/Gahan_AI/ros2_ws/build/articulate_one
[0.722s] Invoked command in '/home/ram/Downloads/trash/Gahan_AI/ros2_ws/build/articulate_one' returned '0': CMAKE_PREFIX_PATH=${CMAKE_PREFIX_PATH}:/home/ram/Downloads/trash/Gahan_AI/ros2_ws/install/training:/opt/ros/humble /usr/local/bin/cmake /home/ram/Downloads/trash/Gahan_AI/ros2_ws/src/articulate_one -DAMENT_CMAKE_SYMLINK_INSTALL=1 -DCMAKE_INSTALL_PREFIX=/home/ram/Downloads/trash/Gahan_AI/ros2_ws/install/articulate_one
[0.724s] Invoking command in '/home/ram/Downloads/trash/Gahan_AI/ros2_ws/build/articulate_one': CMAKE_PREFIX_PATH=${CMAKE_PREFIX_PATH}:/home/ram/Downloads/trash/Gahan_AI/ros2_ws/install/training:/opt/ros/humble /usr/local/bin/cmake --build /home/ram/Downloads/trash/Gahan_AI/ros2_ws/build/articulate_one -- -j8 -l8
[0.735s] Invoked command in '/home/ram/Downloads/trash/Gahan_AI/ros2_ws/build/articulate_one' returned '0': CMAKE_PREFIX_PATH=${CMAKE_PREFIX_PATH}:/home/ram/Downloads/trash/Gahan_AI/ros2_ws/install/training:/opt/ros/humble /usr/local/bin/cmake --build /home/ram/Downloads/trash/Gahan_AI/ros2_ws/build/articulate_one -- -j8 -l8
[0.737s] Invoking command in '/home/ram/Downloads/trash/Gahan_AI/ros2_ws/build/articulate_one': CMAKE_PREFIX_PATH=${CMAKE_PREFIX_PATH}:/home/ram/Downloads/trash/Gahan_AI/ros2_ws/install/training:/opt/ros/humble /usr/local/bin/cmake --install /home/ram/Downloads/trash/Gahan_AI/ros2_ws/build/articulate_one
[0.739s] -- Install configuration: ""
[0.739s] -- Execute custom install script
[0.740s] -- Symlinking: /home/ram/Downloads/trash/Gahan_AI/ros2_ws/install/articulate_one/share/articulate_one/config/empty.yaml
[0.742s] -- Symlinking: /home/ram/Downloads/trash/Gahan_AI/ros2_ws/install/articulate_one/share/articulate_one/description/robot.urdf.xacro
[0.744s] -- Symlinking: /home/ram/Downloads/trash/Gahan_AI/ros2_ws/install/articulate_one/share/articulate_one/launch/rsp.launch.py
[0.745s] -- Symlinking: /home/ram/Downloads/trash/Gahan_AI/ros2_ws/install/articulate_one/share/articulate_one/worlds/empty.world
[0.747s] -- Symlinking: /home/ram/Downloads/trash/Gahan_AI/ros2_ws/install/articulate_one/share/ament_index/resource_index/package_run_dependencies/articulate_one
[0.749s] -- Symlinking: /home/ram/Downloads/trash/Gahan_AI/ros2_ws/install/articulate_one/share/ament_index/resource_index/parent_prefix_path/articulate_one
[0.750s] -- Symlinking: /home/ram/Downloads/trash/Gahan_AI/ros2_ws/install/articulate_one/share/articulate_one/environment/ament_prefix_path.sh
[0.752s] -- Symlinking: /home/ram/Downloads/trash/Gahan_AI/ros2_ws/install/articulate_one/share/articulate_one/environment/ament_prefix_path.dsv
[0.753s] -- Symlinking: /home/ram/Downloads/trash/Gahan_AI/ros2_ws/install/articulate_one/share/articulate_one/environment/path.sh
[0.755s] -- Symlinking: /home/ram/Downloads/trash/Gahan_AI/ros2_ws/install/articulate_one/share/articulate_one/environment/path.dsv
[0.756s] -- Symlinking: /home/ram/Downloads/trash/Gahan_AI/ros2_ws/install/articulate_one/share/articulate_one/local_setup.bash
[0.758s] -- Symlinking: /home/ram/Downloads/trash/Gahan_AI/ros2_ws/install/articulate_one/share/articulate_one/local_setup.sh
[0.759s] -- Symlinking: /home/ram/Downloads/trash/Gahan_AI/ros2_ws/install/articulate_one/share/articulate_one/local_setup.zsh
[0.761s] -- Symlinking: /home/ram/Downloads/trash/Gahan_AI/ros2_ws/install/articulate_one/share/articulate_one/local_setup.dsv
[0.762s] -- Symlinking: /home/ram/Downloads/trash/Gahan_AI/ros2_ws/install/articulate_one/share/articulate_one/package.dsv
[0.764s] -- Symlinking: /home/ram/Downloads/trash/Gahan_AI/ros2_ws/install/articulate_one/share/ament_index/resource_index/packages/articulate_one
[0.766s] -- Symlinking: /home/ram/Downloads/trash/Gahan_AI/ros2_ws/install/articulate_one/share/articulate_one/cmake/articulate_oneConfig.cmake
[0.767s] -- Symlinking: /home/ram/Downloads/trash/Gahan_AI/ros2_ws/install/articulate_one/share/articulate_one/cmake/articulate_oneConfig-version.cmake
[0.768s] -- Symlinking: /home/ram/Downloads/trash/Gahan_AI/ros2_ws/install/articulate_one/share/articulate_one/package.xml
[0.771s] Invoked command in '/home/ram/Downloads/trash/Gahan_AI/ros2_ws/build/articulate_one' returned '0': CMAKE_PREFIX_PATH=${CMAKE_PREFIX_PATH}:/home/ram/Downloads/trash/Gahan_AI/ros2_ws/install/training:/opt/ros/humble /usr/local/bin/cmake --install /home/ram/Downloads/trash/Gahan_AI/ros2_ws/build/articulate_one
