[0.509s] Invoking command in '/home/ram/Downloads/trash/Gahan_AI/ros2_ws/build/training': CMAKE_PREFIX_PATH=/home/ram/Downloads/trash/Gahan_AI/ros2_ws/install/training_interfaces:/home/ram/Downloads/trash/Gahan_AI/ros2_ws/install/articulate_one:/home/ram/ros2_ws/install/my_robot_description PYTHONPATH=/home/ram/Downloads/trash/Gahan_AI/ros2_ws/build/training/prefix_override:/usr/lib/python3/dist-packages/colcon_core/task/python/colcon_distutils_commands:/home/ram/Downloads/trash/Gahan_AI/ros2_ws/install/training/lib/python3.10/site-packages:${PYTHONPATH} /usr/bin/python3 -W ignore:setup.py install is deprecated -W ignore:easy_install command is deprecated setup.py develop --editable --build-directory /home/ram/Downloads/trash/Gahan_AI/ros2_ws/build/training/build --no-deps symlink_data
[0.633s] /home/ram/.local/lib/python3.10/site-packages/setuptools/_distutils/dist.py:270: UserWarning: Unknown distribution option: 'tests_require'
[0.633s]   warnings.warn(msg)
[0.749s] running develop
[0.892s] running egg_info
[0.904s] writing training.egg-info/PKG-INFO
[0.904s] writing dependency_links to training.egg-info/dependency_links.txt
[0.905s] writing entry points to training.egg-info/entry_points.txt
[0.905s] writing requirements to training.egg-info/requires.txt
[0.905s] writing top-level names to training.egg-info/top_level.txt
[0.928s] reading manifest file 'training.egg-info/SOURCES.txt'
[0.929s] writing manifest file 'training.egg-info/SOURCES.txt'
[0.940s] running build_ext
[0.940s] Creating /home/ram/Downloads/trash/Gahan_AI/ros2_ws/install/training/lib/python3.10/site-packages/training.egg-link (link to .)
[0.941s] Installing client script to /home/ram/Downloads/trash/Gahan_AI/ros2_ws/install/training/lib/training
[0.941s] Installing listener script to /home/ram/Downloads/trash/Gahan_AI/ros2_ws/install/training/lib/training
[0.941s] Installing service script to /home/ram/Downloads/trash/Gahan_AI/ros2_ws/install/training/lib/training
[0.941s] Installing talker script to /home/ram/Downloads/trash/Gahan_AI/ros2_ws/install/training/lib/training
[0.941s] 
[0.941s] Installed /home/ram/Downloads/trash/Gahan_AI/ros2_ws/build/training
[0.941s] running symlink_data
[0.965s] Invoked command in '/home/ram/Downloads/trash/Gahan_AI/ros2_ws/build/training' returned '0': CMAKE_PREFIX_PATH=/home/ram/Downloads/trash/Gahan_AI/ros2_ws/install/training_interfaces:/home/ram/Downloads/trash/Gahan_AI/ros2_ws/install/articulate_one:/home/ram/ros2_ws/install/my_robot_description PYTHONPATH=/home/ram/Downloads/trash/Gahan_AI/ros2_ws/build/training/prefix_override:/usr/lib/python3/dist-packages/colcon_core/task/python/colcon_distutils_commands:/home/ram/Downloads/trash/Gahan_AI/ros2_ws/install/training/lib/python3.10/site-packages:${PYTHONPATH} /usr/bin/python3 -W ignore:setup.py install is deprecated -W ignore:easy_install command is deprecated setup.py develop --editable --build-directory /home/ram/Downloads/trash/Gahan_AI/ros2_ws/build/training/build --no-deps symlink_data
