-- The C compiler identification is GNU 11.4.0
-- The CXX compiler identification is GNU 11.4.0
-- Detecting C compiler ABI info
-- Detecting C compiler ABI info - done
-- Check for working C compiler: /usr/bin/cc - skipped
-- Detecting C compile features
-- Detecting C compile features - done
-- Detecting CXX compiler ABI info
-- Detecting CXX compiler ABI info - done
-- Check for working CXX compiler: /usr/bin/c++ - skipped
-- Detecting CXX compile features
-- Detecting CXX compile features - done
-- Found ament_cmake: 1.3.11 (/opt/ros/humble/share/ament_cmake/cmake)
-- Found Python3: /usr/bin/python3 (found version "3.10.12") found components: Interpreter 
-- Override CMake install command with custom implementation using symlinks instead of copying resources
-- Found rosidl_default_generators: 1.2.0 (/opt/ros/humble/share/rosidl_default_generators/cmake)
-- Using all available rosidl_typesupport_c: rosidl_typesupport_fastrtps_c;rosidl_typesupport_introspection_c
-- Found rosidl_adapter: 3.1.6 (/opt/ros/humble/share/rosidl_adapter/cmake)
-- Using all available rosidl_typesupport_cpp: rosidl_typesupport_fastrtps_cpp;rosidl_typesupport_introspection_cpp
-- Found ament_cmake_ros: 0.10.0 (/opt/ros/humble/share/ament_cmake_ros/cmake)
-- Using all available rosidl_typesupport_c: rosidl_typesupport_fastrtps_c;rosidl_typesupport_introspection_c
-- Using all available rosidl_typesupport_cpp: rosidl_typesupport_fastrtps_cpp;rosidl_typesupport_introspection_cpp
-- Found PythonInterp: /usr/bin/python3 (found suitable version "3.10.12", minimum required is "3.6") 
-- Found python_cmake_module: 0.10.0 (/opt/ros/humble/share/python_cmake_module/cmake)
-- Found PythonLibs: /usr/lib/x86_64-linux-gnu/libpython3.10.so (found suitable version "3.10.12", minimum required is "3.5") 
-- Using PYTHON_EXECUTABLE: /usr/bin/python3
-- Using PYTHON_INCLUDE_DIRS: /usr/include/python3.10
-- Using PYTHON_LIBRARIES: /usr/lib/x86_64-linux-gnu/libpython3.10.so
-- Found PythonExtra: .so  
-- Found ament_lint_auto: 0.12.12 (/opt/ros/humble/share/ament_lint_auto/cmake)
-- Added test 'lint_cmake' to check CMake code style
-- Added test 'xmllint' to check XML markup files
-- Configuring done (1.1s)
-- Generating done (0.0s)
-- Build files have been written to: /home/ram/Downloads/trash/Gahan_AI/ros2_ws/build/training_interfaces
[  2%] [34m[1mGenerating C code for ROS interfaces[0m
[  5%] [34m[1mGenerating C++ code for ROS interfaces[0m
[  5%] Built target ament_cmake_python_symlink_training_interfaces
running egg_info
creating training_interfaces.egg-info
writing training_interfaces.egg-info/PKG-INFO
writing dependency_links to training_interfaces.egg-info/dependency_links.txt
writing top-level names to training_interfaces.egg-info/top_level.txt
writing manifest file 'training_interfaces.egg-info/SOURCES.txt'
reading manifest file 'training_interfaces.egg-info/SOURCES.txt'
writing manifest file 'training_interfaces.egg-info/SOURCES.txt'
[  5%] Built target ament_cmake_python_build_training_interfaces_egg
[  5%] Built target training_interfaces__cpp
[ 10%] [34m[1mGenerating C++ type support dispatch for ROS interfaces[0m
[ 10%] [34m[1mGenerating C++ introspection for ROS interfaces[0m
[ 12%] [34m[1mGenerating C++ type support for eProsima Fast-RTPS[0m
[ 15%] [32mBuilding C object CMakeFiles/training_interfaces__rosidl_generator_c.dir/rosidl_generator_c/training_interfaces/msg/detail/person__functions.c.o[0m
[ 17%] [32mBuilding C object CMakeFiles/training_interfaces__rosidl_generator_c.dir/rosidl_generator_c/training_interfaces/srv/detail/value__functions.c.o[0m
[ 20%] [32m[1mLinking C shared library libtraining_interfaces__rosidl_generator_c.so[0m
[ 20%] Built target training_interfaces__rosidl_generator_c
[ 23%] [34m[1mGenerating C type support for eProsima Fast-RTPS[0m
[ 25%] [34m[1mGenerating C introspection for ROS interfaces[0m
[ 28%] [34m[1mGenerating C type support dispatch for ROS interfaces[0m
[ 30%] [32mBuilding CXX object CMakeFiles/training_interfaces__rosidl_typesupport_introspection_cpp.dir/rosidl_typesupport_introspection_cpp/training_interfaces/msg/detail/person__type_support.cpp.o[0m
[ 33%] [32mBuilding CXX object CMakeFiles/training_interfaces__rosidl_typesupport_introspection_cpp.dir/rosidl_typesupport_introspection_cpp/training_interfaces/srv/detail/value__type_support.cpp.o[0m
[ 35%] [32mBuilding CXX object CMakeFiles/training_interfaces__rosidl_typesupport_fastrtps_cpp.dir/rosidl_typesupport_fastrtps_cpp/training_interfaces/msg/detail/dds_fastrtps/person__type_support.cpp.o[0m
[ 38%] [32mBuilding CXX object CMakeFiles/training_interfaces__rosidl_typesupport_fastrtps_cpp.dir/rosidl_typesupport_fastrtps_cpp/training_interfaces/srv/detail/dds_fastrtps/value__type_support.cpp.o[0m
[ 41%] [32mBuilding CXX object CMakeFiles/training_interfaces__rosidl_typesupport_cpp.dir/rosidl_typesupport_cpp/training_interfaces/msg/person__type_support.cpp.o[0m
[ 43%] [32mBuilding CXX object CMakeFiles/training_interfaces__rosidl_typesupport_c.dir/rosidl_typesupport_c/training_interfaces/msg/person__type_support.cpp.o[0m
[ 46%] [32mBuilding CXX object CMakeFiles/training_interfaces__rosidl_typesupport_c.dir/rosidl_typesupport_c/training_interfaces/srv/value__type_support.cpp.o[0m
[ 48%] [32mBuilding C object CMakeFiles/training_interfaces__rosidl_typesupport_introspection_c.dir/rosidl_typesupport_introspection_c/training_interfaces/msg/detail/person__type_support.c.o[0m
[ 51%] [32m[1mLinking CXX shared library libtraining_interfaces__rosidl_typesupport_c.so[0m
[ 53%] [32mBuilding CXX object CMakeFiles/training_interfaces__rosidl_typesupport_fastrtps_c.dir/rosidl_typesupport_fastrtps_c/training_interfaces/msg/detail/person__type_support_c.cpp.o[0m
[ 56%] [32mBuilding C object CMakeFiles/training_interfaces__rosidl_typesupport_introspection_c.dir/rosidl_typesupport_introspection_c/training_interfaces/srv/detail/value__type_support.c.o[0m
[ 56%] Built target training_interfaces__rosidl_typesupport_c
[ 58%] [32mBuilding CXX object CMakeFiles/training_interfaces__rosidl_typesupport_fastrtps_c.dir/rosidl_typesupport_fastrtps_c/training_interfaces/srv/detail/value__type_support_c.cpp.o[0m
[ 61%] [32m[1mLinking C shared library libtraining_interfaces__rosidl_typesupport_introspection_c.so[0m
[ 61%] Built target training_interfaces__rosidl_typesupport_introspection_c
[ 64%] [32mBuilding CXX object CMakeFiles/training_interfaces__rosidl_typesupport_cpp.dir/rosidl_typesupport_cpp/training_interfaces/srv/value__type_support.cpp.o[0m
[ 66%] [32m[1mLinking CXX shared library libtraining_interfaces__rosidl_typesupport_introspection_cpp.so[0m
[ 69%] [32m[1mLinking CXX shared library libtraining_interfaces__rosidl_typesupport_fastrtps_cpp.so[0m
[ 69%] Built target training_interfaces__rosidl_typesupport_introspection_cpp
[ 69%] Built target training_interfaces__rosidl_typesupport_fastrtps_cpp
[ 71%] [32m[1mLinking CXX shared library libtraining_interfaces__rosidl_typesupport_cpp.so[0m
[ 71%] Built target training_interfaces__rosidl_typesupport_cpp
[ 74%] [32m[1mLinking CXX shared library libtraining_interfaces__rosidl_typesupport_fastrtps_c.so[0m
[ 74%] Built target training_interfaces__rosidl_typesupport_fastrtps_c
[ 74%] Built target training_interfaces
[ 76%] [34m[1mGenerating Python code for ROS interfaces[0m
[ 76%] Built target training_interfaces__py
[ 79%] [32mBuilding C object CMakeFiles/training_interfaces__rosidl_generator_py.dir/rosidl_generator_py/training_interfaces/msg/_person_s.c.o[0m
[ 82%] [32mBuilding C object CMakeFiles/training_interfaces__rosidl_generator_py.dir/rosidl_generator_py/training_interfaces/srv/_value_s.c.o[0m
[ 84%] [32m[1mLinking C shared library rosidl_generator_py/training_interfaces/libtraining_interfaces__rosidl_generator_py.so[0m
[ 84%] Built target training_interfaces__rosidl_generator_py
[ 89%] [32mBuilding C object CMakeFiles/training_interfaces__rosidl_typesupport_fastrtps_c__pyext.dir/rosidl_generator_py/training_interfaces/_training_interfaces_s.ep.rosidl_typesupport_fastrtps_c.c.o[0m
[ 89%] [32mBuilding C object CMakeFiles/training_interfaces__rosidl_typesupport_introspection_c__pyext.dir/rosidl_generator_py/training_interfaces/_training_interfaces_s.ep.rosidl_typesupport_introspection_c.c.o[0m
[ 92%] [32mBuilding C object CMakeFiles/training_interfaces__rosidl_typesupport_c__pyext.dir/rosidl_generator_py/training_interfaces/_training_interfaces_s.ep.rosidl_typesupport_c.c.o[0m
[ 97%] [32m[1mLinking C shared library rosidl_generator_py/training_interfaces/training_interfaces_s__rosidl_typesupport_c.cpython-310-x86_64-linux-gnu.so[0m
[ 97%] [32m[1mLinking C shared library rosidl_generator_py/training_interfaces/training_interfaces_s__rosidl_typesupport_introspection_c.cpython-310-x86_64-linux-gnu.so[0m
[100%] [32m[1mLinking C shared library rosidl_generator_py/training_interfaces/training_interfaces_s__rosidl_typesupport_fastrtps_c.cpython-310-x86_64-linux-gnu.so[0m
[100%] Built target training_interfaces__rosidl_typesupport_c__pyext
[100%] Built target training_interfaces__rosidl_typesupport_introspection_c__pyext
[100%] Built target training_interfaces__rosidl_typesupport_fastrtps_c__pyext
-- Install configuration: ""
-- Execute custom install script
-- Symlinking: /home/ram/Downloads/trash/Gahan_AI/ros2_ws/install/training_interfaces/share/ament_index/resource_index/rosidl_interfaces/training_interfaces
-- Symlinking: /home/ram/Downloads/trash/Gahan_AI/ros2_ws/install/training_interfaces/include/training_interfaces/training_interfaces/msg/detail/person__functions.h
-- Symlinking: /home/ram/Downloads/trash/Gahan_AI/ros2_ws/install/training_interfaces/include/training_interfaces/training_interfaces/msg/detail/person__struct.h
-- Symlinking: /home/ram/Downloads/trash/Gahan_AI/ros2_ws/install/training_interfaces/include/training_interfaces/training_interfaces/msg/detail/person__type_support.h
-- Symlinking: /home/ram/Downloads/trash/Gahan_AI/ros2_ws/install/training_interfaces/include/training_interfaces/training_interfaces/msg/person.h
-- Symlinking: /home/ram/Downloads/trash/Gahan_AI/ros2_ws/install/training_interfaces/include/training_interfaces/training_interfaces/msg/rosidl_generator_c__visibility_control.h
-- Symlinking: /home/ram/Downloads/trash/Gahan_AI/ros2_ws/install/training_interfaces/include/training_interfaces/training_interfaces/srv/detail/value__functions.h
-- Symlinking: /home/ram/Downloads/trash/Gahan_AI/ros2_ws/install/training_interfaces/include/training_interfaces/training_interfaces/srv/detail/value__struct.h
-- Symlinking: /home/ram/Downloads/trash/Gahan_AI/ros2_ws/install/training_interfaces/include/training_interfaces/training_interfaces/srv/detail/value__type_support.h
-- Symlinking: /home/ram/Downloads/trash/Gahan_AI/ros2_ws/install/training_interfaces/include/training_interfaces/training_interfaces/srv/value.h
-- Symlinking: /home/ram/Downloads/trash/Gahan_AI/ros2_ws/install/training_interfaces/share/training_interfaces/environment/library_path.sh
-- Symlinking: /home/ram/Downloads/trash/Gahan_AI/ros2_ws/install/training_interfaces/share/training_interfaces/environment/library_path.dsv
-- Symlinking: /home/ram/Downloads/trash/Gahan_AI/ros2_ws/install/training_interfaces/include/training_interfaces/training_interfaces/msg/detail/person__rosidl_typesupport_fastrtps_c.h
-- Symlinking: /home/ram/Downloads/trash/Gahan_AI/ros2_ws/install/training_interfaces/include/training_interfaces/training_interfaces/msg/rosidl_typesupport_fastrtps_c__visibility_control.h
-- Symlinking: /home/ram/Downloads/trash/Gahan_AI/ros2_ws/install/training_interfaces/include/training_interfaces/training_interfaces/srv/detail/value__rosidl_typesupport_fastrtps_c.h
-- Symlinking: /home/ram/Downloads/trash/Gahan_AI/ros2_ws/install/training_interfaces/include/training_interfaces/training_interfaces/msg/detail/person__rosidl_typesupport_introspection_c.h
-- Symlinking: /home/ram/Downloads/trash/Gahan_AI/ros2_ws/install/training_interfaces/include/training_interfaces/training_interfaces/msg/rosidl_typesupport_introspection_c__visibility_control.h
-- Symlinking: /home/ram/Downloads/trash/Gahan_AI/ros2_ws/install/training_interfaces/include/training_interfaces/training_interfaces/srv/detail/value__rosidl_typesupport_introspection_c.h
-- Symlinking: /home/ram/Downloads/trash/Gahan_AI/ros2_ws/install/training_interfaces/include/training_interfaces/training_interfaces/msg/detail/person__builder.hpp
-- Symlinking: /home/ram/Downloads/trash/Gahan_AI/ros2_ws/install/training_interfaces/include/training_interfaces/training_interfaces/msg/detail/person__struct.hpp
-- Symlinking: /home/ram/Downloads/trash/Gahan_AI/ros2_ws/install/training_interfaces/include/training_interfaces/training_interfaces/msg/detail/person__traits.hpp
-- Symlinking: /home/ram/Downloads/trash/Gahan_AI/ros2_ws/install/training_interfaces/include/training_interfaces/training_interfaces/msg/detail/person__type_support.hpp
-- Symlinking: /home/ram/Downloads/trash/Gahan_AI/ros2_ws/install/training_interfaces/include/training_interfaces/training_interfaces/msg/person.hpp
-- Symlinking: /home/ram/Downloads/trash/Gahan_AI/ros2_ws/install/training_interfaces/include/training_interfaces/training_interfaces/msg/rosidl_generator_cpp__visibility_control.hpp
-- Symlinking: /home/ram/Downloads/trash/Gahan_AI/ros2_ws/install/training_interfaces/include/training_interfaces/training_interfaces/srv/detail/value__builder.hpp
-- Symlinking: /home/ram/Downloads/trash/Gahan_AI/ros2_ws/install/training_interfaces/include/training_interfaces/training_interfaces/srv/detail/value__struct.hpp
-- Symlinking: /home/ram/Downloads/trash/Gahan_AI/ros2_ws/install/training_interfaces/include/training_interfaces/training_interfaces/srv/detail/value__traits.hpp
-- Symlinking: /home/ram/Downloads/trash/Gahan_AI/ros2_ws/install/training_interfaces/include/training_interfaces/training_interfaces/srv/detail/value__type_support.hpp
-- Symlinking: /home/ram/Downloads/trash/Gahan_AI/ros2_ws/install/training_interfaces/include/training_interfaces/training_interfaces/srv/value.hpp
-- Symlinking: /home/ram/Downloads/trash/Gahan_AI/ros2_ws/install/training_interfaces/include/training_interfaces/training_interfaces/msg/detail/person__rosidl_typesupport_fastrtps_cpp.hpp
-- Symlinking: /home/ram/Downloads/trash/Gahan_AI/ros2_ws/install/training_interfaces/include/training_interfaces/training_interfaces/msg/rosidl_typesupport_fastrtps_cpp__visibility_control.h
-- Symlinking: /home/ram/Downloads/trash/Gahan_AI/ros2_ws/install/training_interfaces/include/training_interfaces/training_interfaces/srv/detail/value__rosidl_typesupport_fastrtps_cpp.hpp
-- Symlinking: /home/ram/Downloads/trash/Gahan_AI/ros2_ws/install/training_interfaces/include/training_interfaces/training_interfaces/msg/detail/person__rosidl_typesupport_introspection_cpp.hpp
-- Symlinking: /home/ram/Downloads/trash/Gahan_AI/ros2_ws/install/training_interfaces/include/training_interfaces/training_interfaces/srv/detail/value__rosidl_typesupport_introspection_cpp.hpp
-- Symlinking: /home/ram/Downloads/trash/Gahan_AI/ros2_ws/install/training_interfaces/share/training_interfaces/environment/pythonpath.sh
-- Symlinking: /home/ram/Downloads/trash/Gahan_AI/ros2_ws/install/training_interfaces/share/training_interfaces/environment/pythonpath.dsv
-- Symlinking: /home/ram/Downloads/trash/Gahan_AI/ros2_ws/install/training_interfaces/local/lib/python3.10/dist-packages/training_interfaces-0.0.0-py3.10.egg-info/PKG-INFO
-- Symlinking: /home/ram/Downloads/trash/Gahan_AI/ros2_ws/install/training_interfaces/local/lib/python3.10/dist-packages/training_interfaces-0.0.0-py3.10.egg-info/SOURCES.txt
-- Symlinking: /home/ram/Downloads/trash/Gahan_AI/ros2_ws/install/training_interfaces/local/lib/python3.10/dist-packages/training_interfaces-0.0.0-py3.10.egg-info/dependency_links.txt
-- Symlinking: /home/ram/Downloads/trash/Gahan_AI/ros2_ws/install/training_interfaces/local/lib/python3.10/dist-packages/training_interfaces-0.0.0-py3.10.egg-info/top_level.txt
-- Symlinking: /home/ram/Downloads/trash/Gahan_AI/ros2_ws/install/training_interfaces/local/lib/python3.10/dist-packages/training_interfaces/__init__.py
-- Symlinking: /home/ram/Downloads/trash/Gahan_AI/ros2_ws/install/training_interfaces/local/lib/python3.10/dist-packages/training_interfaces/_training_interfaces_s.ep.rosidl_typesupport_c.c
-- Symlinking: /home/ram/Downloads/trash/Gahan_AI/ros2_ws/install/training_interfaces/local/lib/python3.10/dist-packages/training_interfaces/_training_interfaces_s.ep.rosidl_typesupport_fastrtps_c.c
-- Symlinking: /home/ram/Downloads/trash/Gahan_AI/ros2_ws/install/training_interfaces/local/lib/python3.10/dist-packages/training_interfaces/_training_interfaces_s.ep.rosidl_typesupport_introspection_c.c
-- Symlinking: /home/ram/Downloads/trash/Gahan_AI/ros2_ws/install/training_interfaces/local/lib/python3.10/dist-packages/training_interfaces/libtraining_interfaces__rosidl_generator_py.so
-- Symlinking: /home/ram/Downloads/trash/Gahan_AI/ros2_ws/install/training_interfaces/local/lib/python3.10/dist-packages/training_interfaces/msg/__init__.py
-- Symlinking: /home/ram/Downloads/trash/Gahan_AI/ros2_ws/install/training_interfaces/local/lib/python3.10/dist-packages/training_interfaces/msg/_person.py
-- Symlinking: /home/ram/Downloads/trash/Gahan_AI/ros2_ws/install/training_interfaces/local/lib/python3.10/dist-packages/training_interfaces/msg/_person_s.c
-- Symlinking: /home/ram/Downloads/trash/Gahan_AI/ros2_ws/install/training_interfaces/local/lib/python3.10/dist-packages/training_interfaces/srv/__init__.py
-- Symlinking: /home/ram/Downloads/trash/Gahan_AI/ros2_ws/install/training_interfaces/local/lib/python3.10/dist-packages/training_interfaces/srv/_value.py
-- Symlinking: /home/ram/Downloads/trash/Gahan_AI/ros2_ws/install/training_interfaces/local/lib/python3.10/dist-packages/training_interfaces/srv/_value_s.c
-- Symlinking: /home/ram/Downloads/trash/Gahan_AI/ros2_ws/install/training_interfaces/local/lib/python3.10/dist-packages/training_interfaces/training_interfaces_s__rosidl_typesupport_c.cpython-310-x86_64-linux-gnu.so
-- Symlinking: /home/ram/Downloads/trash/Gahan_AI/ros2_ws/install/training_interfaces/local/lib/python3.10/dist-packages/training_interfaces/training_interfaces_s__rosidl_typesupport_fastrtps_c.cpython-310-x86_64-linux-gnu.so
-- Symlinking: /home/ram/Downloads/trash/Gahan_AI/ros2_ws/install/training_interfaces/local/lib/python3.10/dist-packages/training_interfaces/training_interfaces_s__rosidl_typesupport_introspection_c.cpython-310-x86_64-linux-gnu.so
-- Up-to-date symlink: /home/ram/Downloads/trash/Gahan_AI/ros2_ws/install/training_interfaces/local/lib/python3.10/dist-packages/training_interfaces/training_interfaces_s__rosidl_typesupport_fastrtps_c.cpython-310-x86_64-linux-gnu.so
-- Up-to-date symlink: /home/ram/Downloads/trash/Gahan_AI/ros2_ws/install/training_interfaces/local/lib/python3.10/dist-packages/training_interfaces/training_interfaces_s__rosidl_typesupport_introspection_c.cpython-310-x86_64-linux-gnu.so
-- Up-to-date symlink: /home/ram/Downloads/trash/Gahan_AI/ros2_ws/install/training_interfaces/local/lib/python3.10/dist-packages/training_interfaces/training_interfaces_s__rosidl_typesupport_c.cpython-310-x86_64-linux-gnu.so
-- Symlinking: /home/ram/Downloads/trash/Gahan_AI/ros2_ws/install/training_interfaces/share/training_interfaces/msg/Person.idl
-- Symlinking: /home/ram/Downloads/trash/Gahan_AI/ros2_ws/install/training_interfaces/share/training_interfaces/srv/Value.idl
-- Symlinking: /home/ram/Downloads/trash/Gahan_AI/ros2_ws/install/training_interfaces/share/training_interfaces/msg/Person.msg
-- Symlinking: /home/ram/Downloads/trash/Gahan_AI/ros2_ws/install/training_interfaces/share/training_interfaces/srv/Value.srv
-- Symlinking: /home/ram/Downloads/trash/Gahan_AI/ros2_ws/install/training_interfaces/share/training_interfaces/srv/Value_Request.msg
-- Symlinking: /home/ram/Downloads/trash/Gahan_AI/ros2_ws/install/training_interfaces/share/training_interfaces/srv/Value_Response.msg
-- Symlinking: /home/ram/Downloads/trash/Gahan_AI/ros2_ws/install/training_interfaces/share/ament_index/resource_index/package_run_dependencies/training_interfaces
-- Symlinking: /home/ram/Downloads/trash/Gahan_AI/ros2_ws/install/training_interfaces/share/ament_index/resource_index/parent_prefix_path/training_interfaces
-- Symlinking: /home/ram/Downloads/trash/Gahan_AI/ros2_ws/install/training_interfaces/share/training_interfaces/environment/ament_prefix_path.sh
-- Symlinking: /home/ram/Downloads/trash/Gahan_AI/ros2_ws/install/training_interfaces/share/training_interfaces/environment/ament_prefix_path.dsv
-- Symlinking: /home/ram/Downloads/trash/Gahan_AI/ros2_ws/install/training_interfaces/share/training_interfaces/environment/path.sh
-- Symlinking: /home/ram/Downloads/trash/Gahan_AI/ros2_ws/install/training_interfaces/share/training_interfaces/environment/path.dsv
-- Symlinking: /home/ram/Downloads/trash/Gahan_AI/ros2_ws/install/training_interfaces/share/training_interfaces/local_setup.bash
-- Symlinking: /home/ram/Downloads/trash/Gahan_AI/ros2_ws/install/training_interfaces/share/training_interfaces/local_setup.sh
-- Symlinking: /home/ram/Downloads/trash/Gahan_AI/ros2_ws/install/training_interfaces/share/training_interfaces/local_setup.zsh
-- Symlinking: /home/ram/Downloads/trash/Gahan_AI/ros2_ws/install/training_interfaces/share/training_interfaces/local_setup.dsv
-- Symlinking: /home/ram/Downloads/trash/Gahan_AI/ros2_ws/install/training_interfaces/share/training_interfaces/package.dsv
-- Symlinking: /home/ram/Downloads/trash/Gahan_AI/ros2_ws/install/training_interfaces/share/ament_index/resource_index/packages/training_interfaces
-- Symlinking: /home/ram/Downloads/trash/Gahan_AI/ros2_ws/install/training_interfaces/share/training_interfaces/cmake/rosidl_cmake-extras.cmake
-- Symlinking: /home/ram/Downloads/trash/Gahan_AI/ros2_ws/install/training_interfaces/share/training_interfaces/cmake/ament_cmake_export_include_directories-extras.cmake
-- Symlinking: /home/ram/Downloads/trash/Gahan_AI/ros2_ws/install/training_interfaces/share/training_interfaces/cmake/ament_cmake_export_libraries-extras.cmake
-- Symlinking: /home/ram/Downloads/trash/Gahan_AI/ros2_ws/install/training_interfaces/share/training_interfaces/cmake/ament_cmake_export_targets-extras.cmake
-- Symlinking: /home/ram/Downloads/trash/Gahan_AI/ros2_ws/install/training_interfaces/share/training_interfaces/cmake/rosidl_cmake_export_typesupport_targets-extras.cmake
-- Symlinking: /home/ram/Downloads/trash/Gahan_AI/ros2_ws/install/training_interfaces/share/training_interfaces/cmake/ament_cmake_export_dependencies-extras.cmake
-- Symlinking: /home/ram/Downloads/trash/Gahan_AI/ros2_ws/install/training_interfaces/share/training_interfaces/cmake/rosidl_cmake_export_typesupport_libraries-extras.cmake
-- Symlinking: /home/ram/Downloads/trash/Gahan_AI/ros2_ws/install/training_interfaces/share/training_interfaces/cmake/training_interfacesConfig.cmake
-- Symlinking: /home/ram/Downloads/trash/Gahan_AI/ros2_ws/install/training_interfaces/share/training_interfaces/cmake/training_interfacesConfig-version.cmake
-- Symlinking: /home/ram/Downloads/trash/Gahan_AI/ros2_ws/install/training_interfaces/share/training_interfaces/package.xml
-- Installing: /home/ram/Downloads/trash/Gahan_AI/ros2_ws/install/training_interfaces/lib/libtraining_interfaces__rosidl_generator_c.so
-- Set runtime path of "/home/ram/Downloads/trash/Gahan_AI/ros2_ws/install/training_interfaces/lib/libtraining_interfaces__rosidl_generator_c.so" to ""
-- Installing: /home/ram/Downloads/trash/Gahan_AI/ros2_ws/install/training_interfaces/lib/libtraining_interfaces__rosidl_typesupport_fastrtps_c.so
-- Set runtime path of "/home/ram/Downloads/trash/Gahan_AI/ros2_ws/install/training_interfaces/lib/libtraining_interfaces__rosidl_typesupport_fastrtps_c.so" to ""
-- Installing: /home/ram/Downloads/trash/Gahan_AI/ros2_ws/install/training_interfaces/lib/libtraining_interfaces__rosidl_typesupport_introspection_c.so
-- Set runtime path of "/home/ram/Downloads/trash/Gahan_AI/ros2_ws/install/training_interfaces/lib/libtraining_interfaces__rosidl_typesupport_introspection_c.so" to ""
-- Installing: /home/ram/Downloads/trash/Gahan_AI/ros2_ws/install/training_interfaces/lib/libtraining_interfaces__rosidl_typesupport_c.so
-- Set runtime path of "/home/ram/Downloads/trash/Gahan_AI/ros2_ws/install/training_interfaces/lib/libtraining_interfaces__rosidl_typesupport_c.so" to ""
-- Installing: /home/ram/Downloads/trash/Gahan_AI/ros2_ws/install/training_interfaces/lib/libtraining_interfaces__rosidl_typesupport_fastrtps_cpp.so
-- Set runtime path of "/home/ram/Downloads/trash/Gahan_AI/ros2_ws/install/training_interfaces/lib/libtraining_interfaces__rosidl_typesupport_fastrtps_cpp.so" to ""
-- Installing: /home/ram/Downloads/trash/Gahan_AI/ros2_ws/install/training_interfaces/lib/libtraining_interfaces__rosidl_typesupport_introspection_cpp.so
-- Set runtime path of "/home/ram/Downloads/trash/Gahan_AI/ros2_ws/install/training_interfaces/lib/libtraining_interfaces__rosidl_typesupport_introspection_cpp.so" to ""
-- Installing: /home/ram/Downloads/trash/Gahan_AI/ros2_ws/install/training_interfaces/lib/libtraining_interfaces__rosidl_typesupport_cpp.so
-- Set runtime path of "/home/ram/Downloads/trash/Gahan_AI/ros2_ws/install/training_interfaces/lib/libtraining_interfaces__rosidl_typesupport_cpp.so" to ""
Listing '/home/ram/Downloads/trash/Gahan_AI/ros2_ws/install/training_interfaces/local/lib/python3.10/dist-packages/training_interfaces'...
Compiling '/home/ram/Downloads/trash/Gahan_AI/ros2_ws/install/training_interfaces/local/lib/python3.10/dist-packages/training_interfaces/__init__.py'...
Listing '/home/ram/Downloads/trash/Gahan_AI/ros2_ws/install/training_interfaces/local/lib/python3.10/dist-packages/training_interfaces/msg'...
Compiling '/home/ram/Downloads/trash/Gahan_AI/ros2_ws/install/training_interfaces/local/lib/python3.10/dist-packages/training_interfaces/msg/__init__.py'...
Compiling '/home/ram/Downloads/trash/Gahan_AI/ros2_ws/install/training_interfaces/local/lib/python3.10/dist-packages/training_interfaces/msg/_person.py'...
Listing '/home/ram/Downloads/trash/Gahan_AI/ros2_ws/install/training_interfaces/local/lib/python3.10/dist-packages/training_interfaces/srv'...
Compiling '/home/ram/Downloads/trash/Gahan_AI/ros2_ws/install/training_interfaces/local/lib/python3.10/dist-packages/training_interfaces/srv/__init__.py'...
Compiling '/home/ram/Downloads/trash/Gahan_AI/ros2_ws/install/training_interfaces/local/lib/python3.10/dist-packages/training_interfaces/srv/_value.py'...
-- Installing: /home/ram/Downloads/trash/Gahan_AI/ros2_ws/install/training_interfaces/lib/libtraining_interfaces__rosidl_generator_py.so
-- Set runtime path of "/home/ram/Downloads/trash/Gahan_AI/ros2_ws/install/training_interfaces/lib/libtraining_interfaces__rosidl_generator_py.so" to ""
-- Installing: /home/ram/Downloads/trash/Gahan_AI/ros2_ws/install/training_interfaces/share/training_interfaces/cmake/export_training_interfaces__rosidl_generator_cExport.cmake
-- Installing: /home/ram/Downloads/trash/Gahan_AI/ros2_ws/install/training_interfaces/share/training_interfaces/cmake/export_training_interfaces__rosidl_generator_cExport-noconfig.cmake
-- Installing: /home/ram/Downloads/trash/Gahan_AI/ros2_ws/install/training_interfaces/share/training_interfaces/cmake/export_training_interfaces__rosidl_typesupport_fastrtps_cExport.cmake
-- Installing: /home/ram/Downloads/trash/Gahan_AI/ros2_ws/install/training_interfaces/share/training_interfaces/cmake/export_training_interfaces__rosidl_typesupport_fastrtps_cExport-noconfig.cmake
-- Installing: /home/ram/Downloads/trash/Gahan_AI/ros2_ws/install/training_interfaces/share/training_interfaces/cmake/training_interfaces__rosidl_typesupport_introspection_cExport.cmake
-- Installing: /home/ram/Downloads/trash/Gahan_AI/ros2_ws/install/training_interfaces/share/training_interfaces/cmake/training_interfaces__rosidl_typesupport_introspection_cExport-noconfig.cmake
-- Installing: /home/ram/Downloads/trash/Gahan_AI/ros2_ws/install/training_interfaces/share/training_interfaces/cmake/training_interfaces__rosidl_typesupport_cExport.cmake
-- Installing: /home/ram/Downloads/trash/Gahan_AI/ros2_ws/install/training_interfaces/share/training_interfaces/cmake/training_interfaces__rosidl_typesupport_cExport-noconfig.cmake
-- Installing: /home/ram/Downloads/trash/Gahan_AI/ros2_ws/install/training_interfaces/share/training_interfaces/cmake/export_training_interfaces__rosidl_generator_cppExport.cmake
-- Installing: /home/ram/Downloads/trash/Gahan_AI/ros2_ws/install/training_interfaces/share/training_interfaces/cmake/export_training_interfaces__rosidl_typesupport_fastrtps_cppExport.cmake
-- Installing: /home/ram/Downloads/trash/Gahan_AI/ros2_ws/install/training_interfaces/share/training_interfaces/cmake/export_training_interfaces__rosidl_typesupport_fastrtps_cppExport-noconfig.cmake
-- Installing: /home/ram/Downloads/trash/Gahan_AI/ros2_ws/install/training_interfaces/share/training_interfaces/cmake/training_interfaces__rosidl_typesupport_introspection_cppExport.cmake
-- Installing: /home/ram/Downloads/trash/Gahan_AI/ros2_ws/install/training_interfaces/share/training_interfaces/cmake/training_interfaces__rosidl_typesupport_introspection_cppExport-noconfig.cmake
-- Installing: /home/ram/Downloads/trash/Gahan_AI/ros2_ws/install/training_interfaces/share/training_interfaces/cmake/training_interfaces__rosidl_typesupport_cppExport.cmake
-- Installing: /home/ram/Downloads/trash/Gahan_AI/ros2_ws/install/training_interfaces/share/training_interfaces/cmake/training_interfaces__rosidl_typesupport_cppExport-noconfig.cmake
-- Installing: /home/ram/Downloads/trash/Gahan_AI/ros2_ws/install/training_interfaces/share/training_interfaces/cmake/export_training_interfaces__rosidl_generator_pyExport.cmake
-- Installing: /home/ram/Downloads/trash/Gahan_AI/ros2_ws/install/training_interfaces/share/training_interfaces/cmake/export_training_interfaces__rosidl_generator_pyExport-noconfig.cmake
