[0.009s] Invoking command in '/home/ram/Downloads/trash/Gahan_AI/ros2_ws/build/training_interfaces': CMAKE_PREFIX_PATH=${CMAKE_PREFIX_PATH}:/home/ram/Downloads/trash/Gahan_AI/ros2_ws/install/training:/opt/ros/humble /usr/local/bin/cmake /home/ram/Downloads/trash/Gahan_AI/ros2_ws/src/training_interfaces -DAMENT_CMAKE_SYMLINK_INSTALL=1 -DCMAKE_INSTALL_PREFIX=/home/ram/Downloads/trash/Gahan_AI/ros2_ws/install/training_interfaces
[0.089s] -- The C compiler identification is GNU 11.4.0
[0.136s] -- The CXX compiler identification is GNU 11.4.0
[0.145s] -- Detecting C compiler ABI info
[0.188s] -- Detecting C compiler ABI info - done
[0.198s] -- Check for working C compiler: /usr/bin/cc - skipped
[0.198s] -- Detecting C compile features
[0.198s] -- Detecting C compile features - done
[0.201s] -- Detecting CXX compiler ABI info
[0.255s] -- Detecting CXX compiler ABI info - done
[0.265s] -- Check for working CXX compiler: /usr/bin/c++ - skipped
[0.266s] -- Detecting CXX compile features
[0.266s] -- Detecting CXX compile features - done
[0.268s] -- Found ament_cmake: 1.3.11 (/opt/ros/humble/share/ament_cmake/cmake)
[0.563s] -- Found Python3: /usr/bin/python3 (found version "3.10.12") found components: Interpreter 
[0.616s] -- Override CMake install command with custom implementation using symlinks instead of copying resources
[0.643s] -- Found rosidl_default_generators: 1.2.0 (/opt/ros/humble/share/rosidl_default_generators/cmake)
[0.646s] -- Using all available rosidl_typesupport_c: rosidl_typesupport_fastrtps_c;rosidl_typesupport_introspection_c
[0.662s] -- Found rosidl_adapter: 3.1.6 (/opt/ros/humble/share/rosidl_adapter/cmake)
[0.702s] -- Using all available rosidl_typesupport_cpp: rosidl_typesupport_fastrtps_cpp;rosidl_typesupport_introspection_cpp
[0.886s] -- Found ament_cmake_ros: 0.10.0 (/opt/ros/humble/share/ament_cmake_ros/cmake)
[0.952s] -- Using all available rosidl_typesupport_c: rosidl_typesupport_fastrtps_c;rosidl_typesupport_introspection_c
[1.032s] -- Using all available rosidl_typesupport_cpp: rosidl_typesupport_fastrtps_cpp;rosidl_typesupport_introspection_cpp
[1.051s] -- Found PythonInterp: /usr/bin/python3 (found suitable version "3.10.12", minimum required is "3.6") 
[1.053s] -- Found python_cmake_module: 0.10.0 (/opt/ros/humble/share/python_cmake_module/cmake)
[1.072s] -- Found PythonLibs: /usr/lib/x86_64-linux-gnu/libpython3.10.so (found suitable version "3.10.12", minimum required is "3.5") 
[1.072s] -- Using PYTHON_EXECUTABLE: /usr/bin/python3
[1.072s] -- Using PYTHON_INCLUDE_DIRS: /usr/include/python3.10
[1.072s] -- Using PYTHON_LIBRARIES: /usr/lib/x86_64-linux-gnu/libpython3.10.so
[1.086s] -- Found PythonExtra: .so  
[1.111s] -- Found ament_lint_auto: 0.12.12 (/opt/ros/humble/share/ament_lint_auto/cmake)
[1.125s] -- Added test 'lint_cmake' to check CMake code style
[1.126s] -- Added test 'xmllint' to check XML markup files
[1.128s] -- Configuring done (1.1s)
[1.149s] -- Generating done (0.0s)
[1.156s] -- Build files have been written to: /home/ram/Downloads/trash/Gahan_AI/ros2_ws/build/training_interfaces
[1.161s] Invoked command in '/home/ram/Downloads/trash/Gahan_AI/ros2_ws/build/training_interfaces' returned '0': CMAKE_PREFIX_PATH=${CMAKE_PREFIX_PATH}:/home/ram/Downloads/trash/Gahan_AI/ros2_ws/install/training:/opt/ros/humble /usr/local/bin/cmake /home/ram/Downloads/trash/Gahan_AI/ros2_ws/src/training_interfaces -DAMENT_CMAKE_SYMLINK_INSTALL=1 -DCMAKE_INSTALL_PREFIX=/home/ram/Downloads/trash/Gahan_AI/ros2_ws/install/training_interfaces
[1.162s] Invoking command in '/home/ram/Downloads/trash/Gahan_AI/ros2_ws/build/training_interfaces': CMAKE_PREFIX_PATH=${CMAKE_PREFIX_PATH}:/home/ram/Downloads/trash/Gahan_AI/ros2_ws/install/training:/opt/ros/humble /usr/local/bin/cmake --build /home/ram/Downloads/trash/Gahan_AI/ros2_ws/build/training_interfaces -- -j8 -l8
[1.173s] [  2%] [34m[1mGenerating C code for ROS interfaces[0m
[1.176s] [  5%] [34m[1mGenerating C++ code for ROS interfaces[0m
[1.178s] [  5%] Built target ament_cmake_python_symlink_training_interfaces
[1.378s] running egg_info
[1.395s] creating training_interfaces.egg-info
[1.395s] writing training_interfaces.egg-info/PKG-INFO
[1.395s] writing dependency_links to training_interfaces.egg-info/dependency_links.txt
[1.395s] writing top-level names to training_interfaces.egg-info/top_level.txt
[1.396s] writing manifest file 'training_interfaces.egg-info/SOURCES.txt'
[1.446s] reading manifest file 'training_interfaces.egg-info/SOURCES.txt'
[1.447s] writing manifest file 'training_interfaces.egg-info/SOURCES.txt'
[1.470s] [  5%] Built target ament_cmake_python_build_training_interfaces_egg
[1.490s] [  5%] Built target training_interfaces__cpp
[1.494s] [ 10%] [34m[1mGenerating C++ type support dispatch for ROS interfaces[0m
[1.495s] [ 10%] [34m[1mGenerating C++ introspection for ROS interfaces[0m
[1.495s] [ 12%] [34m[1mGenerating C++ type support for eProsima Fast-RTPS[0m
[1.502s] [ 15%] [32mBuilding C object CMakeFiles/training_interfaces__rosidl_generator_c.dir/rosidl_generator_c/training_interfaces/msg/detail/person__functions.c.o[0m
[1.503s] [ 17%] [32mBuilding C object CMakeFiles/training_interfaces__rosidl_generator_c.dir/rosidl_generator_c/training_interfaces/srv/detail/value__functions.c.o[0m
[1.572s] [ 20%] [32m[1mLinking C shared library libtraining_interfaces__rosidl_generator_c.so[0m
[1.597s] [ 20%] Built target training_interfaces__rosidl_generator_c
[1.601s] [ 23%] [34m[1mGenerating C type support for eProsima Fast-RTPS[0m
[1.603s] [ 25%] [34m[1mGenerating C introspection for ROS interfaces[0m
[1.603s] [ 28%] [34m[1mGenerating C type support dispatch for ROS interfaces[0m
[1.815s] [ 30%] [32mBuilding CXX object CMakeFiles/training_interfaces__rosidl_typesupport_introspection_cpp.dir/rosidl_typesupport_introspection_cpp/training_interfaces/msg/detail/person__type_support.cpp.o[0m
[1.816s] [ 33%] [32mBuilding CXX object CMakeFiles/training_interfaces__rosidl_typesupport_introspection_cpp.dir/rosidl_typesupport_introspection_cpp/training_interfaces/srv/detail/value__type_support.cpp.o[0m
[1.833s] [ 35%] [32mBuilding CXX object CMakeFiles/training_interfaces__rosidl_typesupport_fastrtps_cpp.dir/rosidl_typesupport_fastrtps_cpp/training_interfaces/msg/detail/dds_fastrtps/person__type_support.cpp.o[0m
[1.834s] [ 38%] [32mBuilding CXX object CMakeFiles/training_interfaces__rosidl_typesupport_fastrtps_cpp.dir/rosidl_typesupport_fastrtps_cpp/training_interfaces/srv/detail/dds_fastrtps/value__type_support.cpp.o[0m
[1.904s] [ 41%] [32mBuilding CXX object CMakeFiles/training_interfaces__rosidl_typesupport_cpp.dir/rosidl_typesupport_cpp/training_interfaces/msg/person__type_support.cpp.o[0m
[2.095s] [ 43%] [32mBuilding CXX object CMakeFiles/training_interfaces__rosidl_typesupport_c.dir/rosidl_typesupport_c/training_interfaces/msg/person__type_support.cpp.o[0m
[2.134s] [ 46%] [32mBuilding CXX object CMakeFiles/training_interfaces__rosidl_typesupport_c.dir/rosidl_typesupport_c/training_interfaces/srv/value__type_support.cpp.o[0m
[2.155s] [ 48%] [32mBuilding C object CMakeFiles/training_interfaces__rosidl_typesupport_introspection_c.dir/rosidl_typesupport_introspection_c/training_interfaces/msg/detail/person__type_support.c.o[0m
[2.176s] [ 51%] [32m[1mLinking CXX shared library libtraining_interfaces__rosidl_typesupport_c.so[0m
[2.176s] [ 53%] [32mBuilding CXX object CMakeFiles/training_interfaces__rosidl_typesupport_fastrtps_c.dir/rosidl_typesupport_fastrtps_c/training_interfaces/msg/detail/person__type_support_c.cpp.o[0m
[2.200s] [ 56%] [32mBuilding C object CMakeFiles/training_interfaces__rosidl_typesupport_introspection_c.dir/rosidl_typesupport_introspection_c/training_interfaces/srv/detail/value__type_support.c.o[0m
[2.219s] [ 56%] Built target training_interfaces__rosidl_typesupport_c
[2.223s] [ 58%] [32mBuilding CXX object CMakeFiles/training_interfaces__rosidl_typesupport_fastrtps_c.dir/rosidl_typesupport_fastrtps_c/training_interfaces/srv/detail/value__type_support_c.cpp.o[0m
[2.245s] [ 61%] [32m[1mLinking C shared library libtraining_interfaces__rosidl_typesupport_introspection_c.so[0m
[2.272s] [ 61%] Built target training_interfaces__rosidl_typesupport_introspection_c
[2.276s] [ 64%] [32mBuilding CXX object CMakeFiles/training_interfaces__rosidl_typesupport_cpp.dir/rosidl_typesupport_cpp/training_interfaces/srv/value__type_support.cpp.o[0m
[2.476s] [ 66%] [32m[1mLinking CXX shared library libtraining_interfaces__rosidl_typesupport_introspection_cpp.so[0m
[2.514s] [ 69%] [32m[1mLinking CXX shared library libtraining_interfaces__rosidl_typesupport_fastrtps_cpp.so[0m
[2.544s] [ 69%] Built target training_interfaces__rosidl_typesupport_introspection_cpp
[2.581s] [ 69%] Built target training_interfaces__rosidl_typesupport_fastrtps_cpp
[2.659s] [ 71%] [32m[1mLinking CXX shared library libtraining_interfaces__rosidl_typesupport_cpp.so[0m
[2.681s] [ 71%] Built target training_interfaces__rosidl_typesupport_cpp
[2.691s] [ 74%] [32m[1mLinking CXX shared library libtraining_interfaces__rosidl_typesupport_fastrtps_c.so[0m
[2.734s] [ 74%] Built target training_interfaces__rosidl_typesupport_fastrtps_c
[2.740s] [ 74%] Built target training_interfaces
[2.746s] [ 76%] [34m[1mGenerating Python code for ROS interfaces[0m
[3.038s] [ 76%] Built target training_interfaces__py
[3.044s] [ 79%] [32mBuilding C object CMakeFiles/training_interfaces__rosidl_generator_py.dir/rosidl_generator_py/training_interfaces/msg/_person_s.c.o[0m
[3.044s] [ 82%] [32mBuilding C object CMakeFiles/training_interfaces__rosidl_generator_py.dir/rosidl_generator_py/training_interfaces/srv/_value_s.c.o[0m
[3.141s] [ 84%] [32m[1mLinking C shared library rosidl_generator_py/training_interfaces/libtraining_interfaces__rosidl_generator_py.so[0m
[3.160s] [ 84%] Built target training_interfaces__rosidl_generator_py
[3.166s] [ 89%] [32mBuilding C object CMakeFiles/training_interfaces__rosidl_typesupport_fastrtps_c__pyext.dir/rosidl_generator_py/training_interfaces/_training_interfaces_s.ep.rosidl_typesupport_fastrtps_c.c.o[0m
[3.166s] [ 89%] [32mBuilding C object CMakeFiles/training_interfaces__rosidl_typesupport_introspection_c__pyext.dir/rosidl_generator_py/training_interfaces/_training_interfaces_s.ep.rosidl_typesupport_introspection_c.c.o[0m
[3.167s] [ 92%] [32mBuilding C object CMakeFiles/training_interfaces__rosidl_typesupport_c__pyext.dir/rosidl_generator_py/training_interfaces/_training_interfaces_s.ep.rosidl_typesupport_c.c.o[0m
[3.253s] [ 97%] [32m[1mLinking C shared library rosidl_generator_py/training_interfaces/training_interfaces_s__rosidl_typesupport_c.cpython-310-x86_64-linux-gnu.so[0m
[3.253s] [ 97%] [32m[1mLinking C shared library rosidl_generator_py/training_interfaces/training_interfaces_s__rosidl_typesupport_introspection_c.cpython-310-x86_64-linux-gnu.so[0m
[3.255s] [100%] [32m[1mLinking C shared library rosidl_generator_py/training_interfaces/training_interfaces_s__rosidl_typesupport_fastrtps_c.cpython-310-x86_64-linux-gnu.so[0m
[3.271s] [100%] Built target training_interfaces__rosidl_typesupport_c__pyext
[3.271s] [100%] Built target training_interfaces__rosidl_typesupport_introspection_c__pyext
[3.273s] [100%] Built target training_interfaces__rosidl_typesupport_fastrtps_c__pyext
[3.276s] Invoked command in '/home/ram/Downloads/trash/Gahan_AI/ros2_ws/build/training_interfaces' returned '0': CMAKE_PREFIX_PATH=${CMAKE_PREFIX_PATH}:/home/ram/Downloads/trash/Gahan_AI/ros2_ws/install/training:/opt/ros/humble /usr/local/bin/cmake --build /home/ram/Downloads/trash/Gahan_AI/ros2_ws/build/training_interfaces -- -j8 -l8
[3.277s] Invoking command in '/home/ram/Downloads/trash/Gahan_AI/ros2_ws/build/training_interfaces': CMAKE_PREFIX_PATH=${CMAKE_PREFIX_PATH}:/home/ram/Downloads/trash/Gahan_AI/ros2_ws/install/training:/opt/ros/humble /usr/local/bin/cmake --install /home/ram/Downloads/trash/Gahan_AI/ros2_ws/build/training_interfaces
[3.278s] -- Install configuration: ""
[3.279s] -- Execute custom install script
[3.279s] -- Symlinking: /home/ram/Downloads/trash/Gahan_AI/ros2_ws/install/training_interfaces/share/ament_index/resource_index/rosidl_interfaces/training_interfaces
[3.281s] -- Symlinking: /home/ram/Downloads/trash/Gahan_AI/ros2_ws/install/training_interfaces/include/training_interfaces/training_interfaces/msg/detail/person__functions.h
[3.282s] -- Symlinking: /home/ram/Downloads/trash/Gahan_AI/ros2_ws/install/training_interfaces/include/training_interfaces/training_interfaces/msg/detail/person__struct.h
[3.283s] -- Symlinking: /home/ram/Downloads/trash/Gahan_AI/ros2_ws/install/training_interfaces/include/training_interfaces/training_interfaces/msg/detail/person__type_support.h
[3.285s] -- Symlinking: /home/ram/Downloads/trash/Gahan_AI/ros2_ws/install/training_interfaces/include/training_interfaces/training_interfaces/msg/person.h
[3.286s] -- Symlinking: /home/ram/Downloads/trash/Gahan_AI/ros2_ws/install/training_interfaces/include/training_interfaces/training_interfaces/msg/rosidl_generator_c__visibility_control.h
[3.287s] -- Symlinking: /home/ram/Downloads/trash/Gahan_AI/ros2_ws/install/training_interfaces/include/training_interfaces/training_interfaces/srv/detail/value__functions.h
[3.288s] -- Symlinking: /home/ram/Downloads/trash/Gahan_AI/ros2_ws/install/training_interfaces/include/training_interfaces/training_interfaces/srv/detail/value__struct.h
[3.289s] -- Symlinking: /home/ram/Downloads/trash/Gahan_AI/ros2_ws/install/training_interfaces/include/training_interfaces/training_interfaces/srv/detail/value__type_support.h
[3.290s] -- Symlinking: /home/ram/Downloads/trash/Gahan_AI/ros2_ws/install/training_interfaces/include/training_interfaces/training_interfaces/srv/value.h
[3.292s] -- Symlinking: /home/ram/Downloads/trash/Gahan_AI/ros2_ws/install/training_interfaces/share/training_interfaces/environment/library_path.sh
[3.293s] -- Symlinking: /home/ram/Downloads/trash/Gahan_AI/ros2_ws/install/training_interfaces/share/training_interfaces/environment/library_path.dsv
[3.295s] -- Symlinking: /home/ram/Downloads/trash/Gahan_AI/ros2_ws/install/training_interfaces/include/training_interfaces/training_interfaces/msg/detail/person__rosidl_typesupport_fastrtps_c.h
[3.296s] -- Symlinking: /home/ram/Downloads/trash/Gahan_AI/ros2_ws/install/training_interfaces/include/training_interfaces/training_interfaces/msg/rosidl_typesupport_fastrtps_c__visibility_control.h
[3.297s] -- Symlinking: /home/ram/Downloads/trash/Gahan_AI/ros2_ws/install/training_interfaces/include/training_interfaces/training_interfaces/srv/detail/value__rosidl_typesupport_fastrtps_c.h
[3.298s] -- Symlinking: /home/ram/Downloads/trash/Gahan_AI/ros2_ws/install/training_interfaces/include/training_interfaces/training_interfaces/msg/detail/person__rosidl_typesupport_introspection_c.h
[3.300s] -- Symlinking: /home/ram/Downloads/trash/Gahan_AI/ros2_ws/install/training_interfaces/include/training_interfaces/training_interfaces/msg/rosidl_typesupport_introspection_c__visibility_control.h
[3.301s] -- Symlinking: /home/ram/Downloads/trash/Gahan_AI/ros2_ws/install/training_interfaces/include/training_interfaces/training_interfaces/srv/detail/value__rosidl_typesupport_introspection_c.h
[3.302s] -- Symlinking: /home/ram/Downloads/trash/Gahan_AI/ros2_ws/install/training_interfaces/include/training_interfaces/training_interfaces/msg/detail/person__builder.hpp
[3.303s] -- Symlinking: /home/ram/Downloads/trash/Gahan_AI/ros2_ws/install/training_interfaces/include/training_interfaces/training_interfaces/msg/detail/person__struct.hpp
[3.305s] -- Symlinking: /home/ram/Downloads/trash/Gahan_AI/ros2_ws/install/training_interfaces/include/training_interfaces/training_interfaces/msg/detail/person__traits.hpp
[3.306s] -- Symlinking: /home/ram/Downloads/trash/Gahan_AI/ros2_ws/install/training_interfaces/include/training_interfaces/training_interfaces/msg/detail/person__type_support.hpp
[3.307s] -- Symlinking: /home/ram/Downloads/trash/Gahan_AI/ros2_ws/install/training_interfaces/include/training_interfaces/training_interfaces/msg/person.hpp
[3.308s] -- Symlinking: /home/ram/Downloads/trash/Gahan_AI/ros2_ws/install/training_interfaces/include/training_interfaces/training_interfaces/msg/rosidl_generator_cpp__visibility_control.hpp
[3.309s] -- Symlinking: /home/ram/Downloads/trash/Gahan_AI/ros2_ws/install/training_interfaces/include/training_interfaces/training_interfaces/srv/detail/value__builder.hpp
[3.310s] -- Symlinking: /home/ram/Downloads/trash/Gahan_AI/ros2_ws/install/training_interfaces/include/training_interfaces/training_interfaces/srv/detail/value__struct.hpp
[3.312s] -- Symlinking: /home/ram/Downloads/trash/Gahan_AI/ros2_ws/install/training_interfaces/include/training_interfaces/training_interfaces/srv/detail/value__traits.hpp
[3.313s] -- Symlinking: /home/ram/Downloads/trash/Gahan_AI/ros2_ws/install/training_interfaces/include/training_interfaces/training_interfaces/srv/detail/value__type_support.hpp
[3.314s] -- Symlinking: /home/ram/Downloads/trash/Gahan_AI/ros2_ws/install/training_interfaces/include/training_interfaces/training_interfaces/srv/value.hpp
[3.315s] -- Symlinking: /home/ram/Downloads/trash/Gahan_AI/ros2_ws/install/training_interfaces/include/training_interfaces/training_interfaces/msg/detail/person__rosidl_typesupport_fastrtps_cpp.hpp
[3.317s] -- Symlinking: /home/ram/Downloads/trash/Gahan_AI/ros2_ws/install/training_interfaces/include/training_interfaces/training_interfaces/msg/rosidl_typesupport_fastrtps_cpp__visibility_control.h
[3.318s] -- Symlinking: /home/ram/Downloads/trash/Gahan_AI/ros2_ws/install/training_interfaces/include/training_interfaces/training_interfaces/srv/detail/value__rosidl_typesupport_fastrtps_cpp.hpp
[3.319s] -- Symlinking: /home/ram/Downloads/trash/Gahan_AI/ros2_ws/install/training_interfaces/include/training_interfaces/training_interfaces/msg/detail/person__rosidl_typesupport_introspection_cpp.hpp
[3.320s] -- Symlinking: /home/ram/Downloads/trash/Gahan_AI/ros2_ws/install/training_interfaces/include/training_interfaces/training_interfaces/srv/detail/value__rosidl_typesupport_introspection_cpp.hpp
[3.322s] -- Symlinking: /home/ram/Downloads/trash/Gahan_AI/ros2_ws/install/training_interfaces/share/training_interfaces/environment/pythonpath.sh
[3.323s] -- Symlinking: /home/ram/Downloads/trash/Gahan_AI/ros2_ws/install/training_interfaces/share/training_interfaces/environment/pythonpath.dsv
[3.324s] -- Symlinking: /home/ram/Downloads/trash/Gahan_AI/ros2_ws/install/training_interfaces/local/lib/python3.10/dist-packages/training_interfaces-0.0.0-py3.10.egg-info/PKG-INFO
[3.326s] -- Symlinking: /home/ram/Downloads/trash/Gahan_AI/ros2_ws/install/training_interfaces/local/lib/python3.10/dist-packages/training_interfaces-0.0.0-py3.10.egg-info/SOURCES.txt
[3.327s] -- Symlinking: /home/ram/Downloads/trash/Gahan_AI/ros2_ws/install/training_interfaces/local/lib/python3.10/dist-packages/training_interfaces-0.0.0-py3.10.egg-info/dependency_links.txt
[3.328s] -- Symlinking: /home/ram/Downloads/trash/Gahan_AI/ros2_ws/install/training_interfaces/local/lib/python3.10/dist-packages/training_interfaces-0.0.0-py3.10.egg-info/top_level.txt
[3.330s] -- Symlinking: /home/ram/Downloads/trash/Gahan_AI/ros2_ws/install/training_interfaces/local/lib/python3.10/dist-packages/training_interfaces/__init__.py
[3.331s] -- Symlinking: /home/ram/Downloads/trash/Gahan_AI/ros2_ws/install/training_interfaces/local/lib/python3.10/dist-packages/training_interfaces/_training_interfaces_s.ep.rosidl_typesupport_c.c
[3.332s] -- Symlinking: /home/ram/Downloads/trash/Gahan_AI/ros2_ws/install/training_interfaces/local/lib/python3.10/dist-packages/training_interfaces/_training_interfaces_s.ep.rosidl_typesupport_fastrtps_c.c
[3.334s] -- Symlinking: /home/ram/Downloads/trash/Gahan_AI/ros2_ws/install/training_interfaces/local/lib/python3.10/dist-packages/training_interfaces/_training_interfaces_s.ep.rosidl_typesupport_introspection_c.c
[3.335s] -- Symlinking: /home/ram/Downloads/trash/Gahan_AI/ros2_ws/install/training_interfaces/local/lib/python3.10/dist-packages/training_interfaces/libtraining_interfaces__rosidl_generator_py.so
[3.336s] -- Symlinking: /home/ram/Downloads/trash/Gahan_AI/ros2_ws/install/training_interfaces/local/lib/python3.10/dist-packages/training_interfaces/msg/__init__.py
[3.338s] -- Symlinking: /home/ram/Downloads/trash/Gahan_AI/ros2_ws/install/training_interfaces/local/lib/python3.10/dist-packages/training_interfaces/msg/_person.py
[3.340s] -- Symlinking: /home/ram/Downloads/trash/Gahan_AI/ros2_ws/install/training_interfaces/local/lib/python3.10/dist-packages/training_interfaces/msg/_person_s.c
[3.341s] -- Symlinking: /home/ram/Downloads/trash/Gahan_AI/ros2_ws/install/training_interfaces/local/lib/python3.10/dist-packages/training_interfaces/srv/__init__.py
[3.342s] -- Symlinking: /home/ram/Downloads/trash/Gahan_AI/ros2_ws/install/training_interfaces/local/lib/python3.10/dist-packages/training_interfaces/srv/_value.py
[3.343s] -- Symlinking: /home/ram/Downloads/trash/Gahan_AI/ros2_ws/install/training_interfaces/local/lib/python3.10/dist-packages/training_interfaces/srv/_value_s.c
[3.345s] -- Symlinking: /home/ram/Downloads/trash/Gahan_AI/ros2_ws/install/training_interfaces/local/lib/python3.10/dist-packages/training_interfaces/training_interfaces_s__rosidl_typesupport_c.cpython-310-x86_64-linux-gnu.so
[3.346s] -- Symlinking: /home/ram/Downloads/trash/Gahan_AI/ros2_ws/install/training_interfaces/local/lib/python3.10/dist-packages/training_interfaces/training_interfaces_s__rosidl_typesupport_fastrtps_c.cpython-310-x86_64-linux-gnu.so
[3.348s] -- Symlinking: /home/ram/Downloads/trash/Gahan_AI/ros2_ws/install/training_interfaces/local/lib/python3.10/dist-packages/training_interfaces/training_interfaces_s__rosidl_typesupport_introspection_c.cpython-310-x86_64-linux-gnu.so
[3.349s] -- Up-to-date symlink: /home/ram/Downloads/trash/Gahan_AI/ros2_ws/install/training_interfaces/local/lib/python3.10/dist-packages/training_interfaces/training_interfaces_s__rosidl_typesupport_fastrtps_c.cpython-310-x86_64-linux-gnu.so
[3.349s] -- Up-to-date symlink: /home/ram/Downloads/trash/Gahan_AI/ros2_ws/install/training_interfaces/local/lib/python3.10/dist-packages/training_interfaces/training_interfaces_s__rosidl_typesupport_introspection_c.cpython-310-x86_64-linux-gnu.so
[3.350s] -- Up-to-date symlink: /home/ram/Downloads/trash/Gahan_AI/ros2_ws/install/training_interfaces/local/lib/python3.10/dist-packages/training_interfaces/training_interfaces_s__rosidl_typesupport_c.cpython-310-x86_64-linux-gnu.so
[3.350s] -- Symlinking: /home/ram/Downloads/trash/Gahan_AI/ros2_ws/install/training_interfaces/share/training_interfaces/msg/Person.idl
[3.351s] -- Symlinking: /home/ram/Downloads/trash/Gahan_AI/ros2_ws/install/training_interfaces/share/training_interfaces/srv/Value.idl
[3.352s] -- Symlinking: /home/ram/Downloads/trash/Gahan_AI/ros2_ws/install/training_interfaces/share/training_interfaces/msg/Person.msg
[3.354s] -- Symlinking: /home/ram/Downloads/trash/Gahan_AI/ros2_ws/install/training_interfaces/share/training_interfaces/srv/Value.srv
[3.355s] -- Symlinking: /home/ram/Downloads/trash/Gahan_AI/ros2_ws/install/training_interfaces/share/training_interfaces/srv/Value_Request.msg
[3.356s] -- Symlinking: /home/ram/Downloads/trash/Gahan_AI/ros2_ws/install/training_interfaces/share/training_interfaces/srv/Value_Response.msg
[3.357s] -- Symlinking: /home/ram/Downloads/trash/Gahan_AI/ros2_ws/install/training_interfaces/share/ament_index/resource_index/package_run_dependencies/training_interfaces
[3.358s] -- Symlinking: /home/ram/Downloads/trash/Gahan_AI/ros2_ws/install/training_interfaces/share/ament_index/resource_index/parent_prefix_path/training_interfaces
[3.359s] -- Symlinking: /home/ram/Downloads/trash/Gahan_AI/ros2_ws/install/training_interfaces/share/training_interfaces/environment/ament_prefix_path.sh
[3.361s] -- Symlinking: /home/ram/Downloads/trash/Gahan_AI/ros2_ws/install/training_interfaces/share/training_interfaces/environment/ament_prefix_path.dsv
[3.362s] -- Symlinking: /home/ram/Downloads/trash/Gahan_AI/ros2_ws/install/training_interfaces/share/training_interfaces/environment/path.sh
[3.363s] -- Symlinking: /home/ram/Downloads/trash/Gahan_AI/ros2_ws/install/training_interfaces/share/training_interfaces/environment/path.dsv
[3.364s] -- Symlinking: /home/ram/Downloads/trash/Gahan_AI/ros2_ws/install/training_interfaces/share/training_interfaces/local_setup.bash
[3.365s] -- Symlinking: /home/ram/Downloads/trash/Gahan_AI/ros2_ws/install/training_interfaces/share/training_interfaces/local_setup.sh
[3.367s] -- Symlinking: /home/ram/Downloads/trash/Gahan_AI/ros2_ws/install/training_interfaces/share/training_interfaces/local_setup.zsh
[3.368s] -- Symlinking: /home/ram/Downloads/trash/Gahan_AI/ros2_ws/install/training_interfaces/share/training_interfaces/local_setup.dsv
[3.369s] -- Symlinking: /home/ram/Downloads/trash/Gahan_AI/ros2_ws/install/training_interfaces/share/training_interfaces/package.dsv
[3.370s] -- Symlinking: /home/ram/Downloads/trash/Gahan_AI/ros2_ws/install/training_interfaces/share/ament_index/resource_index/packages/training_interfaces
[3.371s] -- Symlinking: /home/ram/Downloads/trash/Gahan_AI/ros2_ws/install/training_interfaces/share/training_interfaces/cmake/rosidl_cmake-extras.cmake
[3.372s] -- Symlinking: /home/ram/Downloads/trash/Gahan_AI/ros2_ws/install/training_interfaces/share/training_interfaces/cmake/ament_cmake_export_include_directories-extras.cmake
[3.374s] -- Symlinking: /home/ram/Downloads/trash/Gahan_AI/ros2_ws/install/training_interfaces/share/training_interfaces/cmake/ament_cmake_export_libraries-extras.cmake
[3.375s] -- Symlinking: /home/ram/Downloads/trash/Gahan_AI/ros2_ws/install/training_interfaces/share/training_interfaces/cmake/ament_cmake_export_targets-extras.cmake
[3.376s] -- Symlinking: /home/ram/Downloads/trash/Gahan_AI/ros2_ws/install/training_interfaces/share/training_interfaces/cmake/rosidl_cmake_export_typesupport_targets-extras.cmake
[3.377s] -- Symlinking: /home/ram/Downloads/trash/Gahan_AI/ros2_ws/install/training_interfaces/share/training_interfaces/cmake/ament_cmake_export_dependencies-extras.cmake
[3.378s] -- Symlinking: /home/ram/Downloads/trash/Gahan_AI/ros2_ws/install/training_interfaces/share/training_interfaces/cmake/rosidl_cmake_export_typesupport_libraries-extras.cmake
[3.379s] -- Symlinking: /home/ram/Downloads/trash/Gahan_AI/ros2_ws/install/training_interfaces/share/training_interfaces/cmake/training_interfacesConfig.cmake
[3.381s] -- Symlinking: /home/ram/Downloads/trash/Gahan_AI/ros2_ws/install/training_interfaces/share/training_interfaces/cmake/training_interfacesConfig-version.cmake
[3.382s] -- Symlinking: /home/ram/Downloads/trash/Gahan_AI/ros2_ws/install/training_interfaces/share/training_interfaces/package.xml
[3.383s] -- Installing: /home/ram/Downloads/trash/Gahan_AI/ros2_ws/install/training_interfaces/lib/libtraining_interfaces__rosidl_generator_c.so
[3.383s] -- Set runtime path of "/home/ram/Downloads/trash/Gahan_AI/ros2_ws/install/training_interfaces/lib/libtraining_interfaces__rosidl_generator_c.so" to ""
[3.383s] -- Installing: /home/ram/Downloads/trash/Gahan_AI/ros2_ws/install/training_interfaces/lib/libtraining_interfaces__rosidl_typesupport_fastrtps_c.so
[3.383s] -- Set runtime path of "/home/ram/Downloads/trash/Gahan_AI/ros2_ws/install/training_interfaces/lib/libtraining_interfaces__rosidl_typesupport_fastrtps_c.so" to ""
[3.383s] -- Installing: /home/ram/Downloads/trash/Gahan_AI/ros2_ws/install/training_interfaces/lib/libtraining_interfaces__rosidl_typesupport_introspection_c.so
[3.384s] -- Set runtime path of "/home/ram/Downloads/trash/Gahan_AI/ros2_ws/install/training_interfaces/lib/libtraining_interfaces__rosidl_typesupport_introspection_c.so" to ""
[3.384s] -- Installing: /home/ram/Downloads/trash/Gahan_AI/ros2_ws/install/training_interfaces/lib/libtraining_interfaces__rosidl_typesupport_c.so
[3.384s] -- Set runtime path of "/home/ram/Downloads/trash/Gahan_AI/ros2_ws/install/training_interfaces/lib/libtraining_interfaces__rosidl_typesupport_c.so" to ""
[3.384s] -- Installing: /home/ram/Downloads/trash/Gahan_AI/ros2_ws/install/training_interfaces/lib/libtraining_interfaces__rosidl_typesupport_fastrtps_cpp.so
[3.384s] -- Set runtime path of "/home/ram/Downloads/trash/Gahan_AI/ros2_ws/install/training_interfaces/lib/libtraining_interfaces__rosidl_typesupport_fastrtps_cpp.so" to ""
[3.384s] -- Installing: /home/ram/Downloads/trash/Gahan_AI/ros2_ws/install/training_interfaces/lib/libtraining_interfaces__rosidl_typesupport_introspection_cpp.so
[3.384s] -- Set runtime path of "/home/ram/Downloads/trash/Gahan_AI/ros2_ws/install/training_interfaces/lib/libtraining_interfaces__rosidl_typesupport_introspection_cpp.so" to ""
[3.384s] -- Installing: /home/ram/Downloads/trash/Gahan_AI/ros2_ws/install/training_interfaces/lib/libtraining_interfaces__rosidl_typesupport_cpp.so
[3.384s] -- Set runtime path of "/home/ram/Downloads/trash/Gahan_AI/ros2_ws/install/training_interfaces/lib/libtraining_interfaces__rosidl_typesupport_cpp.so" to ""
[3.419s] Listing '/home/ram/Downloads/trash/Gahan_AI/ros2_ws/install/training_interfaces/local/lib/python3.10/dist-packages/training_interfaces'...
[3.420s] Compiling '/home/ram/Downloads/trash/Gahan_AI/ros2_ws/install/training_interfaces/local/lib/python3.10/dist-packages/training_interfaces/__init__.py'...
[3.420s] Listing '/home/ram/Downloads/trash/Gahan_AI/ros2_ws/install/training_interfaces/local/lib/python3.10/dist-packages/training_interfaces/msg'...
[3.420s] Compiling '/home/ram/Downloads/trash/Gahan_AI/ros2_ws/install/training_interfaces/local/lib/python3.10/dist-packages/training_interfaces/msg/__init__.py'...
[3.420s] Compiling '/home/ram/Downloads/trash/Gahan_AI/ros2_ws/install/training_interfaces/local/lib/python3.10/dist-packages/training_interfaces/msg/_person.py'...
[3.420s] Listing '/home/ram/Downloads/trash/Gahan_AI/ros2_ws/install/training_interfaces/local/lib/python3.10/dist-packages/training_interfaces/srv'...
[3.420s] Compiling '/home/ram/Downloads/trash/Gahan_AI/ros2_ws/install/training_interfaces/local/lib/python3.10/dist-packages/training_interfaces/srv/__init__.py'...
[3.420s] Compiling '/home/ram/Downloads/trash/Gahan_AI/ros2_ws/install/training_interfaces/local/lib/python3.10/dist-packages/training_interfaces/srv/_value.py'...
[3.423s] -- Installing: /home/ram/Downloads/trash/Gahan_AI/ros2_ws/install/training_interfaces/lib/libtraining_interfaces__rosidl_generator_py.so
[3.423s] -- Set runtime path of "/home/ram/Downloads/trash/Gahan_AI/ros2_ws/install/training_interfaces/lib/libtraining_interfaces__rosidl_generator_py.so" to ""
[3.423s] -- Installing: /home/ram/Downloads/trash/Gahan_AI/ros2_ws/install/training_interfaces/share/training_interfaces/cmake/export_training_interfaces__rosidl_generator_cExport.cmake
[3.423s] -- Installing: /home/ram/Downloads/trash/Gahan_AI/ros2_ws/install/training_interfaces/share/training_interfaces/cmake/export_training_interfaces__rosidl_generator_cExport-noconfig.cmake
[3.423s] -- Installing: /home/ram/Downloads/trash/Gahan_AI/ros2_ws/install/training_interfaces/share/training_interfaces/cmake/export_training_interfaces__rosidl_typesupport_fastrtps_cExport.cmake
[3.423s] -- Installing: /home/ram/Downloads/trash/Gahan_AI/ros2_ws/install/training_interfaces/share/training_interfaces/cmake/export_training_interfaces__rosidl_typesupport_fastrtps_cExport-noconfig.cmake
[3.423s] -- Installing: /home/ram/Downloads/trash/Gahan_AI/ros2_ws/install/training_interfaces/share/training_interfaces/cmake/training_interfaces__rosidl_typesupport_introspection_cExport.cmake
[3.423s] -- Installing: /home/ram/Downloads/trash/Gahan_AI/ros2_ws/install/training_interfaces/share/training_interfaces/cmake/training_interfaces__rosidl_typesupport_introspection_cExport-noconfig.cmake
[3.423s] -- Installing: /home/ram/Downloads/trash/Gahan_AI/ros2_ws/install/training_interfaces/share/training_interfaces/cmake/training_interfaces__rosidl_typesupport_cExport.cmake
[3.423s] -- Installing: /home/ram/Downloads/trash/Gahan_AI/ros2_ws/install/training_interfaces/share/training_interfaces/cmake/training_interfaces__rosidl_typesupport_cExport-noconfig.cmake
[3.423s] -- Installing: /home/ram/Downloads/trash/Gahan_AI/ros2_ws/install/training_interfaces/share/training_interfaces/cmake/export_training_interfaces__rosidl_generator_cppExport.cmake
[3.423s] -- Installing: /home/ram/Downloads/trash/Gahan_AI/ros2_ws/install/training_interfaces/share/training_interfaces/cmake/export_training_interfaces__rosidl_typesupport_fastrtps_cppExport.cmake
[3.423s] -- Installing: /home/ram/Downloads/trash/Gahan_AI/ros2_ws/install/training_interfaces/share/training_interfaces/cmake/export_training_interfaces__rosidl_typesupport_fastrtps_cppExport-noconfig.cmake
[3.423s] -- Installing: /home/ram/Downloads/trash/Gahan_AI/ros2_ws/install/training_interfaces/share/training_interfaces/cmake/training_interfaces__rosidl_typesupport_introspection_cppExport.cmake
[3.423s] -- Installing: /home/ram/Downloads/trash/Gahan_AI/ros2_ws/install/training_interfaces/share/training_interfaces/cmake/training_interfaces__rosidl_typesupport_introspection_cppExport-noconfig.cmake
[3.423s] -- Installing: /home/ram/Downloads/trash/Gahan_AI/ros2_ws/install/training_interfaces/share/training_interfaces/cmake/training_interfaces__rosidl_typesupport_cppExport.cmake
[3.424s] -- Installing: /home/ram/Downloads/trash/Gahan_AI/ros2_ws/install/training_interfaces/share/training_interfaces/cmake/training_interfaces__rosidl_typesupport_cppExport-noconfig.cmake
[3.424s] -- Installing: /home/ram/Downloads/trash/Gahan_AI/ros2_ws/install/training_interfaces/share/training_interfaces/cmake/export_training_interfaces__rosidl_generator_pyExport.cmake
[3.424s] -- Installing: /home/ram/Downloads/trash/Gahan_AI/ros2_ws/install/training_interfaces/share/training_interfaces/cmake/export_training_interfaces__rosidl_generator_pyExport-noconfig.cmake
[3.425s] Invoked command in '/home/ram/Downloads/trash/Gahan_AI/ros2_ws/build/training_interfaces' returned '0': CMAKE_PREFIX_PATH=${CMAKE_PREFIX_PATH}:/home/ram/Downloads/trash/Gahan_AI/ros2_ws/install/training:/opt/ros/humble /usr/local/bin/cmake --install /home/ram/Downloads/trash/Gahan_AI/ros2_ws/build/training_interfaces
