[0.068s] DEBUG:colcon:Command line arguments: ['/usr/bin/colcon', 'build']
[0.069s] DEBUG:colcon:Parsed command line arguments: Namespace(log_base=None, log_level=None, verb_name='build', build_base='build', install_base='install', merge_install=False, symlink_install=False, test_result_base=None, continue_on_error=False, executor='parallel', parallel_workers=8, event_handlers=None, ignore_user_meta=False, metas=['./colcon.meta'], base_paths=['.'], packages_ignore=None, packages_ignore_regex=None, paths=None, packages_up_to=None, packages_up_to_regex=None, packages_above=None, packages_above_and_dependencies=None, packages_above_depth=None, packages_select_by_dep=None, packages_skip_by_dep=None, packages_skip_up_to=None, packages_select_build_failed=False, packages_skip_build_finished=False, packages_select_test_failures=False, packages_skip_test_passed=False, packages_select=None, packages_skip=None, packages_select_regex=None, packages_skip_regex=None, packages_start=None, packages_end=None, allow_overriding=[], cmake_args=None, cmake_target=None, cmake_target_skip_unavailable=False, cmake_clean_cache=False, cmake_clean_first=False, cmake_force_configure=False, ament_cmake_args=None, catkin_cmake_args=None, catkin_skip_building_tests=False, verb_parser=<colcon_defaults.argument_parser.defaults.DefaultArgumentsDecorator object at 0x7903a9c691b0>, verb_extension=<colcon_core.verb.build.BuildVerb object at 0x7903a9c68370>, main=<bound method BuildVerb.main of <colcon_core.verb.build.BuildVerb object at 0x7903a9c68370>>)
[0.093s] Level 1:colcon.colcon_core.package_discovery:discover_packages(colcon_meta) check parameters
[0.093s] Level 1:colcon.colcon_core.package_discovery:discover_packages(recursive) check parameters
[0.093s] Level 1:colcon.colcon_core.package_discovery:discover_packages(ignore) check parameters
[0.093s] Level 1:colcon.colcon_core.package_discovery:discover_packages(path) check parameters
[0.093s] Level 1:colcon.colcon_core.package_discovery:discover_packages(colcon_meta) discover
[0.094s] Level 1:colcon.colcon_core.package_discovery:discover_packages(recursive) discover
[0.094s] INFO:colcon.colcon_core.package_discovery:Crawling recursively for packages in '/home/ram/Downloads/trash/Gahan_AI/ros2_ws'
[0.094s] Level 1:colcon.colcon_core.package_identification:_identify(.) by extensions ['ignore', 'ignore_ament_install']
[0.094s] Level 1:colcon.colcon_core.package_identification:_identify(.) by extension 'ignore'
[0.094s] Level 1:colcon.colcon_core.package_identification:_identify(.) by extension 'ignore_ament_install'
[0.094s] Level 1:colcon.colcon_core.package_identification:_identify(.) by extensions ['colcon_pkg']
[0.094s] Level 1:colcon.colcon_core.package_identification:_identify(.) by extension 'colcon_pkg'
[0.094s] Level 1:colcon.colcon_core.package_identification:_identify(.) by extensions ['colcon_meta']
[0.094s] Level 1:colcon.colcon_core.package_identification:_identify(.) by extension 'colcon_meta'
[0.094s] Level 1:colcon.colcon_core.package_identification:_identify(.) by extensions ['ros']
[0.094s] Level 1:colcon.colcon_core.package_identification:_identify(.) by extension 'ros'
[0.104s] Level 1:colcon.colcon_core.package_identification:_identify(.) by extensions ['cmake', 'python']
[0.104s] Level 1:colcon.colcon_core.package_identification:_identify(.) by extension 'cmake'
[0.104s] Level 1:colcon.colcon_core.package_identification:_identify(.) by extension 'python'
[0.104s] Level 1:colcon.colcon_core.package_identification:_identify(.) by extensions ['python_setup_py']
[0.104s] Level 1:colcon.colcon_core.package_identification:_identify(.) by extension 'python_setup_py'
[0.104s] Level 1:colcon.colcon_core.package_identification:_identify(build) by extensions ['ignore', 'ignore_ament_install']
[0.104s] Level 1:colcon.colcon_core.package_identification:_identify(build) by extension 'ignore'
[0.104s] Level 1:colcon.colcon_core.package_identification:_identify(build) ignored
[0.104s] Level 1:colcon.colcon_core.package_identification:_identify(install) by extensions ['ignore', 'ignore_ament_install']
[0.104s] Level 1:colcon.colcon_core.package_identification:_identify(install) by extension 'ignore'
[0.104s] Level 1:colcon.colcon_core.package_identification:_identify(install) ignored
[0.104s] Level 1:colcon.colcon_core.package_identification:_identify(log) by extensions ['ignore', 'ignore_ament_install']
[0.104s] Level 1:colcon.colcon_core.package_identification:_identify(log) by extension 'ignore'
[0.104s] Level 1:colcon.colcon_core.package_identification:_identify(log) ignored
[0.104s] Level 1:colcon.colcon_core.package_identification:_identify(src) by extensions ['ignore', 'ignore_ament_install']
[0.104s] Level 1:colcon.colcon_core.package_identification:_identify(src) by extension 'ignore'
[0.104s] Level 1:colcon.colcon_core.package_identification:_identify(src) by extension 'ignore_ament_install'
[0.104s] Level 1:colcon.colcon_core.package_identification:_identify(src) by extensions ['colcon_pkg']
[0.104s] Level 1:colcon.colcon_core.package_identification:_identify(src) by extension 'colcon_pkg'
[0.104s] Level 1:colcon.colcon_core.package_identification:_identify(src) by extensions ['colcon_meta']
[0.104s] Level 1:colcon.colcon_core.package_identification:_identify(src) by extension 'colcon_meta'
[0.105s] Level 1:colcon.colcon_core.package_identification:_identify(src) by extensions ['ros']
[0.105s] Level 1:colcon.colcon_core.package_identification:_identify(src) by extension 'ros'
[0.105s] Level 1:colcon.colcon_core.package_identification:_identify(src) by extensions ['cmake', 'python']
[0.105s] Level 1:colcon.colcon_core.package_identification:_identify(src) by extension 'cmake'
[0.105s] Level 1:colcon.colcon_core.package_identification:_identify(src) by extension 'python'
[0.105s] Level 1:colcon.colcon_core.package_identification:_identify(src) by extensions ['python_setup_py']
[0.105s] Level 1:colcon.colcon_core.package_identification:_identify(src) by extension 'python_setup_py'
[0.105s] Level 1:colcon.colcon_core.package_identification:_identify(src/training) by extensions ['ignore', 'ignore_ament_install']
[0.105s] Level 1:colcon.colcon_core.package_identification:_identify(src/training) by extension 'ignore'
[0.105s] Level 1:colcon.colcon_core.package_identification:_identify(src/training) by extension 'ignore_ament_install'
[0.105s] Level 1:colcon.colcon_core.package_identification:_identify(src/training) by extensions ['colcon_pkg']
[0.105s] Level 1:colcon.colcon_core.package_identification:_identify(src/training) by extension 'colcon_pkg'
[0.105s] Level 1:colcon.colcon_core.package_identification:_identify(src/training) by extensions ['colcon_meta']
[0.105s] Level 1:colcon.colcon_core.package_identification:_identify(src/training) by extension 'colcon_meta'
[0.105s] Level 1:colcon.colcon_core.package_identification:_identify(src/training) by extensions ['ros']
[0.105s] Level 1:colcon.colcon_core.package_identification:_identify(src/training) by extension 'ros'
[0.106s] DEBUG:colcon.colcon_core.package_identification:Package 'src/training' with type 'ros.ament_python' and name 'training'
[0.107s] Level 1:colcon.colcon_core.package_identification:_identify(src/training_interfaces) by extensions ['ignore', 'ignore_ament_install']
[0.107s] Level 1:colcon.colcon_core.package_identification:_identify(src/training_interfaces) by extension 'ignore'
[0.107s] Level 1:colcon.colcon_core.package_identification:_identify(src/training_interfaces) by extension 'ignore_ament_install'
[0.107s] Level 1:colcon.colcon_core.package_identification:_identify(src/training_interfaces) by extensions ['colcon_pkg']
[0.107s] Level 1:colcon.colcon_core.package_identification:_identify(src/training_interfaces) by extension 'colcon_pkg'
[0.107s] Level 1:colcon.colcon_core.package_identification:_identify(src/training_interfaces) by extensions ['colcon_meta']
[0.107s] Level 1:colcon.colcon_core.package_identification:_identify(src/training_interfaces) by extension 'colcon_meta'
[0.107s] Level 1:colcon.colcon_core.package_identification:_identify(src/training_interfaces) by extensions ['ros']
[0.107s] Level 1:colcon.colcon_core.package_identification:_identify(src/training_interfaces) by extension 'ros'
[0.107s] DEBUG:colcon.colcon_core.package_identification:Package 'src/training_interfaces' with type 'ros.ament_cmake' and name 'training_interfaces'
[0.107s] Level 1:colcon.colcon_core.package_discovery:discover_packages(recursive) using defaults
[0.107s] Level 1:colcon.colcon_core.package_discovery:discover_packages(ignore) discover
[0.107s] Level 1:colcon.colcon_core.package_discovery:discover_packages(ignore) using defaults
[0.107s] Level 1:colcon.colcon_core.package_discovery:discover_packages(path) discover
[0.107s] Level 1:colcon.colcon_core.package_discovery:discover_packages(path) using defaults
[0.121s] Level 1:colcon.colcon_core.package_discovery:discover_packages(prefix_path) check parameters
[0.121s] Level 1:colcon.colcon_core.package_discovery:discover_packages(prefix_path) discover
[0.121s] WARNING:colcon.colcon_ros.prefix_path.ament:The path '/home/ram/Downloads/trash/Gahan_AI/ros2_ws/install/training_interfaces' in the environment variable AMENT_PREFIX_PATH doesn't exist
[0.121s] WARNING:colcon.colcon_ros.prefix_path.catkin:The path '/home/ram/Downloads/trash/Gahan_AI/ros2_ws/install/training_interfaces' in the environment variable CMAKE_PREFIX_PATH doesn't exist
[0.122s] DEBUG:colcon.colcon_installed_package_information.package_discovery:Found 0 installed packages in /home/ram/Downloads/trash/Gahan_AI/ros2_ws/install
[0.122s] DEBUG:colcon.colcon_installed_package_information.package_discovery:Found 1 installed packages in /home/ram/ros2_ws/install
[0.123s] DEBUG:colcon.colcon_installed_package_information.package_discovery:Found 302 installed packages in /opt/ros/humble
[0.124s] Level 1:colcon.colcon_core.package_discovery:discover_packages(prefix_path) using defaults
[0.152s] Level 5:colcon.colcon_core.verb:set package 'training_interfaces' build argument 'cmake_args' from command line to 'None'
[0.152s] Level 5:colcon.colcon_core.verb:set package 'training_interfaces' build argument 'cmake_target' from command line to 'None'
[0.152s] Level 5:colcon.colcon_core.verb:set package 'training_interfaces' build argument 'cmake_target_skip_unavailable' from command line to 'False'
[0.152s] Level 5:colcon.colcon_core.verb:set package 'training_interfaces' build argument 'cmake_clean_cache' from command line to 'False'
[0.152s] Level 5:colcon.colcon_core.verb:set package 'training_interfaces' build argument 'cmake_clean_first' from command line to 'False'
[0.152s] Level 5:colcon.colcon_core.verb:set package 'training_interfaces' build argument 'cmake_force_configure' from command line to 'False'
[0.152s] Level 5:colcon.colcon_core.verb:set package 'training_interfaces' build argument 'ament_cmake_args' from command line to 'None'
[0.152s] Level 5:colcon.colcon_core.verb:set package 'training_interfaces' build argument 'catkin_cmake_args' from command line to 'None'
[0.152s] Level 5:colcon.colcon_core.verb:set package 'training_interfaces' build argument 'catkin_skip_building_tests' from command line to 'False'
[0.152s] DEBUG:colcon.colcon_core.verb:Building package 'training_interfaces' with the following arguments: {'ament_cmake_args': None, 'build_base': '/home/ram/Downloads/trash/Gahan_AI/ros2_ws/build/training_interfaces', 'catkin_cmake_args': None, 'catkin_skip_building_tests': False, 'cmake_args': None, 'cmake_clean_cache': False, 'cmake_clean_first': False, 'cmake_force_configure': False, 'cmake_target': None, 'cmake_target_skip_unavailable': False, 'install_base': '/home/ram/Downloads/trash/Gahan_AI/ros2_ws/install/training_interfaces', 'merge_install': False, 'path': '/home/ram/Downloads/trash/Gahan_AI/ros2_ws/src/training_interfaces', 'symlink_install': False, 'test_result_base': None}
[0.152s] Level 5:colcon.colcon_core.verb:set package 'training' build argument 'cmake_args' from command line to 'None'
[0.152s] Level 5:colcon.colcon_core.verb:set package 'training' build argument 'cmake_target' from command line to 'None'
[0.152s] Level 5:colcon.colcon_core.verb:set package 'training' build argument 'cmake_target_skip_unavailable' from command line to 'False'
[0.152s] Level 5:colcon.colcon_core.verb:set package 'training' build argument 'cmake_clean_cache' from command line to 'False'
[0.152s] Level 5:colcon.colcon_core.verb:set package 'training' build argument 'cmake_clean_first' from command line to 'False'
[0.152s] Level 5:colcon.colcon_core.verb:set package 'training' build argument 'cmake_force_configure' from command line to 'False'
[0.152s] Level 5:colcon.colcon_core.verb:set package 'training' build argument 'ament_cmake_args' from command line to 'None'
[0.152s] Level 5:colcon.colcon_core.verb:set package 'training' build argument 'catkin_cmake_args' from command line to 'None'
[0.152s] Level 5:colcon.colcon_core.verb:set package 'training' build argument 'catkin_skip_building_tests' from command line to 'False'
[0.152s] DEBUG:colcon.colcon_core.verb:Building package 'training' with the following arguments: {'ament_cmake_args': None, 'build_base': '/home/ram/Downloads/trash/Gahan_AI/ros2_ws/build/training', 'catkin_cmake_args': None, 'catkin_skip_building_tests': False, 'cmake_args': None, 'cmake_clean_cache': False, 'cmake_clean_first': False, 'cmake_force_configure': False, 'cmake_target': None, 'cmake_target_skip_unavailable': False, 'install_base': '/home/ram/Downloads/trash/Gahan_AI/ros2_ws/install/training', 'merge_install': False, 'path': '/home/ram/Downloads/trash/Gahan_AI/ros2_ws/src/training', 'symlink_install': False, 'test_result_base': None}
[0.152s] INFO:colcon.colcon_core.executor:Executing jobs using 'parallel' executor
[0.153s] DEBUG:colcon.colcon_parallel_executor.executor.parallel:run_until_complete
[0.154s] INFO:colcon.colcon_ros.task.ament_cmake.build:Building ROS package in '/home/ram/Downloads/trash/Gahan_AI/ros2_ws/src/training_interfaces' with build type 'ament_cmake'
[0.154s] INFO:colcon.colcon_cmake.task.cmake.build:Building CMake package in '/home/ram/Downloads/trash/Gahan_AI/ros2_ws/src/training_interfaces'
[0.155s] INFO:colcon.colcon_core.plugin_system:Skipping extension 'colcon_core.shell.bat': Not used on non-Windows systems
[0.155s] INFO:colcon.colcon_core.shell:Skip shell extension 'powershell' for command environment: Not usable outside of PowerShell
[0.155s] DEBUG:colcon.colcon_core.shell:Skip shell extension 'dsv' for command environment
[0.164s] DEBUG:colcon.colcon_core.event_handler.log_command:Invoking command in '/home/ram/Downloads/trash/Gahan_AI/ros2_ws/build/training_interfaces': CMAKE_PREFIX_PATH=${CMAKE_PREFIX_PATH}:/opt/ros/humble /usr/local/bin/cmake /home/ram/Downloads/trash/Gahan_AI/ros2_ws/src/training_interfaces -DCMAKE_INSTALL_PREFIX=/home/ram/Downloads/trash/Gahan_AI/ros2_ws/install/training_interfaces
[1.254s] DEBUG:colcon.colcon_core.event_handler.log_command:Invoked command in '/home/ram/Downloads/trash/Gahan_AI/ros2_ws/build/training_interfaces' returned '0': CMAKE_PREFIX_PATH=${CMAKE_PREFIX_PATH}:/opt/ros/humble /usr/local/bin/cmake /home/ram/Downloads/trash/Gahan_AI/ros2_ws/src/training_interfaces -DCMAKE_INSTALL_PREFIX=/home/ram/Downloads/trash/Gahan_AI/ros2_ws/install/training_interfaces
[1.256s] DEBUG:colcon.colcon_core.event_handler.log_command:Invoking command in '/home/ram/Downloads/trash/Gahan_AI/ros2_ws/build/training_interfaces': CMAKE_PREFIX_PATH=${CMAKE_PREFIX_PATH}:/opt/ros/humble /usr/local/bin/cmake --build /home/ram/Downloads/trash/Gahan_AI/ros2_ws/build/training_interfaces -- -j8 -l8
[3.343s] DEBUG:colcon.colcon_core.event_handler.log_command:Invoked command in '/home/ram/Downloads/trash/Gahan_AI/ros2_ws/build/training_interfaces' returned '0': CMAKE_PREFIX_PATH=${CMAKE_PREFIX_PATH}:/opt/ros/humble /usr/local/bin/cmake --build /home/ram/Downloads/trash/Gahan_AI/ros2_ws/build/training_interfaces -- -j8 -l8
[3.346s] DEBUG:colcon.colcon_core.event_handler.log_command:Invoking command in '/home/ram/Downloads/trash/Gahan_AI/ros2_ws/build/training_interfaces': CMAKE_PREFIX_PATH=${CMAKE_PREFIX_PATH}:/opt/ros/humble /usr/local/bin/cmake --install /home/ram/Downloads/trash/Gahan_AI/ros2_ws/build/training_interfaces
[3.393s] Level 1:colcon.colcon_core.environment:create_environment_scripts_only(training_interfaces)
[3.394s] DEBUG:colcon.colcon_core.event_handler.log_command:Invoked command in '/home/ram/Downloads/trash/Gahan_AI/ros2_ws/build/training_interfaces' returned '0': CMAKE_PREFIX_PATH=${CMAKE_PREFIX_PATH}:/opt/ros/humble /usr/local/bin/cmake --install /home/ram/Downloads/trash/Gahan_AI/ros2_ws/build/training_interfaces
[3.396s] Level 1:colcon.colcon_core.environment:checking '/home/ram/Downloads/trash/Gahan_AI/ros2_ws/install/training_interfaces' for CMake module files
[3.396s] Level 1:colcon.colcon_core.environment:checking '/home/ram/Downloads/trash/Gahan_AI/ros2_ws/install/training_interfaces' for CMake config files
[3.397s] Level 1:colcon.colcon_core.shell:create_environment_hook('training_interfaces', 'cmake_prefix_path')
[3.397s] INFO:colcon.colcon_core.shell:Creating environment hook '/home/ram/Downloads/trash/Gahan_AI/ros2_ws/install/training_interfaces/share/training_interfaces/hook/cmake_prefix_path.ps1'
[3.398s] INFO:colcon.colcon_core.shell:Creating environment descriptor '/home/ram/Downloads/trash/Gahan_AI/ros2_ws/install/training_interfaces/share/training_interfaces/hook/cmake_prefix_path.dsv'
[3.398s] INFO:colcon.colcon_core.shell:Creating environment hook '/home/ram/Downloads/trash/Gahan_AI/ros2_ws/install/training_interfaces/share/training_interfaces/hook/cmake_prefix_path.sh'
[3.398s] Level 1:colcon.colcon_core.environment:checking '/home/ram/Downloads/trash/Gahan_AI/ros2_ws/install/training_interfaces/lib'
[3.399s] Level 1:colcon.colcon_core.shell:create_environment_hook('training_interfaces', 'ld_library_path_lib')
[3.399s] INFO:colcon.colcon_core.shell:Creating environment hook '/home/ram/Downloads/trash/Gahan_AI/ros2_ws/install/training_interfaces/share/training_interfaces/hook/ld_library_path_lib.ps1'
[3.399s] INFO:colcon.colcon_core.shell:Creating environment descriptor '/home/ram/Downloads/trash/Gahan_AI/ros2_ws/install/training_interfaces/share/training_interfaces/hook/ld_library_path_lib.dsv'
[3.399s] INFO:colcon.colcon_core.shell:Creating environment hook '/home/ram/Downloads/trash/Gahan_AI/ros2_ws/install/training_interfaces/share/training_interfaces/hook/ld_library_path_lib.sh'
[3.400s] Level 1:colcon.colcon_core.environment:checking '/home/ram/Downloads/trash/Gahan_AI/ros2_ws/install/training_interfaces/bin'
[3.400s] Level 1:colcon.colcon_core.environment:checking '/home/ram/Downloads/trash/Gahan_AI/ros2_ws/install/training_interfaces/lib/pkgconfig/training_interfaces.pc'
[3.400s] Level 1:colcon.colcon_core.environment:checking '/home/ram/Downloads/trash/Gahan_AI/ros2_ws/install/training_interfaces/lib/python3.10/site-packages'
[3.400s] Level 1:colcon.colcon_core.environment:checking '/home/ram/Downloads/trash/Gahan_AI/ros2_ws/install/training_interfaces/bin'
[3.400s] INFO:colcon.colcon_core.shell:Creating package script '/home/ram/Downloads/trash/Gahan_AI/ros2_ws/install/training_interfaces/share/training_interfaces/package.ps1'
[3.401s] INFO:colcon.colcon_core.shell:Creating package descriptor '/home/ram/Downloads/trash/Gahan_AI/ros2_ws/install/training_interfaces/share/training_interfaces/package.dsv'
[3.401s] INFO:colcon.colcon_core.shell:Creating package script '/home/ram/Downloads/trash/Gahan_AI/ros2_ws/install/training_interfaces/share/training_interfaces/package.sh'
[3.402s] INFO:colcon.colcon_core.shell:Creating package script '/home/ram/Downloads/trash/Gahan_AI/ros2_ws/install/training_interfaces/share/training_interfaces/package.bash'
[3.402s] INFO:colcon.colcon_core.shell:Creating package script '/home/ram/Downloads/trash/Gahan_AI/ros2_ws/install/training_interfaces/share/training_interfaces/package.zsh'
[3.403s] Level 1:colcon.colcon_core.environment:create_file_with_runtime_dependencies(/home/ram/Downloads/trash/Gahan_AI/ros2_ws/install/training_interfaces/share/colcon-core/packages/training_interfaces)
[3.403s] Level 1:colcon.colcon_core.environment:create_environment_scripts_only(training_interfaces)
[3.403s] Level 1:colcon.colcon_core.environment:checking '/home/ram/Downloads/trash/Gahan_AI/ros2_ws/install/training_interfaces' for CMake module files
[3.404s] Level 1:colcon.colcon_core.environment:checking '/home/ram/Downloads/trash/Gahan_AI/ros2_ws/install/training_interfaces' for CMake config files
[3.404s] Level 1:colcon.colcon_core.shell:create_environment_hook('training_interfaces', 'cmake_prefix_path')
[3.404s] INFO:colcon.colcon_core.shell:Creating environment hook '/home/ram/Downloads/trash/Gahan_AI/ros2_ws/install/training_interfaces/share/training_interfaces/hook/cmake_prefix_path.ps1'
[3.404s] INFO:colcon.colcon_core.shell:Creating environment descriptor '/home/ram/Downloads/trash/Gahan_AI/ros2_ws/install/training_interfaces/share/training_interfaces/hook/cmake_prefix_path.dsv'
[3.405s] INFO:colcon.colcon_core.shell:Creating environment hook '/home/ram/Downloads/trash/Gahan_AI/ros2_ws/install/training_interfaces/share/training_interfaces/hook/cmake_prefix_path.sh'
[3.405s] Level 1:colcon.colcon_core.environment:checking '/home/ram/Downloads/trash/Gahan_AI/ros2_ws/install/training_interfaces/lib'
[3.405s] Level 1:colcon.colcon_core.shell:create_environment_hook('training_interfaces', 'ld_library_path_lib')
[3.405s] INFO:colcon.colcon_core.shell:Creating environment hook '/home/ram/Downloads/trash/Gahan_AI/ros2_ws/install/training_interfaces/share/training_interfaces/hook/ld_library_path_lib.ps1'
[3.405s] INFO:colcon.colcon_core.shell:Creating environment descriptor '/home/ram/Downloads/trash/Gahan_AI/ros2_ws/install/training_interfaces/share/training_interfaces/hook/ld_library_path_lib.dsv'
[3.406s] INFO:colcon.colcon_core.shell:Creating environment hook '/home/ram/Downloads/trash/Gahan_AI/ros2_ws/install/training_interfaces/share/training_interfaces/hook/ld_library_path_lib.sh'
[3.406s] Level 1:colcon.colcon_core.environment:checking '/home/ram/Downloads/trash/Gahan_AI/ros2_ws/install/training_interfaces/bin'
[3.406s] Level 1:colcon.colcon_core.environment:checking '/home/ram/Downloads/trash/Gahan_AI/ros2_ws/install/training_interfaces/lib/pkgconfig/training_interfaces.pc'
[3.406s] Level 1:colcon.colcon_core.environment:checking '/home/ram/Downloads/trash/Gahan_AI/ros2_ws/install/training_interfaces/lib/python3.10/site-packages'
[3.406s] Level 1:colcon.colcon_core.environment:checking '/home/ram/Downloads/trash/Gahan_AI/ros2_ws/install/training_interfaces/bin'
[3.407s] INFO:colcon.colcon_core.shell:Creating package script '/home/ram/Downloads/trash/Gahan_AI/ros2_ws/install/training_interfaces/share/training_interfaces/package.ps1'
[3.407s] INFO:colcon.colcon_core.shell:Creating package descriptor '/home/ram/Downloads/trash/Gahan_AI/ros2_ws/install/training_interfaces/share/training_interfaces/package.dsv'
[3.407s] INFO:colcon.colcon_core.shell:Creating package script '/home/ram/Downloads/trash/Gahan_AI/ros2_ws/install/training_interfaces/share/training_interfaces/package.sh'
[3.408s] INFO:colcon.colcon_core.shell:Creating package script '/home/ram/Downloads/trash/Gahan_AI/ros2_ws/install/training_interfaces/share/training_interfaces/package.bash'
[3.408s] INFO:colcon.colcon_core.shell:Creating package script '/home/ram/Downloads/trash/Gahan_AI/ros2_ws/install/training_interfaces/share/training_interfaces/package.zsh'
[3.408s] Level 1:colcon.colcon_core.environment:create_file_with_runtime_dependencies(/home/ram/Downloads/trash/Gahan_AI/ros2_ws/install/training_interfaces/share/colcon-core/packages/training_interfaces)
[3.408s] INFO:colcon.colcon_ros.task.ament_python.build:Building ROS package in '/home/ram/Downloads/trash/Gahan_AI/ros2_ws/src/training' with build type 'ament_python'
[3.409s] Level 1:colcon.colcon_core.shell:create_environment_hook('training', 'ament_prefix_path')
[3.409s] INFO:colcon.colcon_core.shell:Creating environment hook '/home/ram/Downloads/trash/Gahan_AI/ros2_ws/install/training/share/training/hook/ament_prefix_path.ps1'
[3.409s] INFO:colcon.colcon_core.shell:Creating environment descriptor '/home/ram/Downloads/trash/Gahan_AI/ros2_ws/install/training/share/training/hook/ament_prefix_path.dsv'
[3.410s] INFO:colcon.colcon_core.shell:Creating environment hook '/home/ram/Downloads/trash/Gahan_AI/ros2_ws/install/training/share/training/hook/ament_prefix_path.sh'
[3.410s] INFO:colcon.colcon_core.shell:Skip shell extension 'powershell' for command environment: Not usable outside of PowerShell
[3.410s] DEBUG:colcon.colcon_core.shell:Skip shell extension 'dsv' for command environment
[3.566s] INFO:colcon.colcon_core.task.python.build:Building Python package in '/home/ram/Downloads/trash/Gahan_AI/ros2_ws/src/training'
[3.566s] INFO:colcon.colcon_core.shell:Skip shell extension 'powershell' for command environment: Not usable outside of PowerShell
[3.566s] DEBUG:colcon.colcon_core.shell:Skip shell extension 'dsv' for command environment
[3.890s] DEBUG:colcon.colcon_core.event_handler.log_command:Invoking command in '/home/ram/Downloads/trash/Gahan_AI/ros2_ws/src/training': PYTHONPATH=/home/ram/Downloads/trash/Gahan_AI/ros2_ws/build/training/prefix_override:/usr/lib/python3/dist-packages/colcon_core/task/python/colcon_distutils_commands:/home/ram/Downloads/trash/Gahan_AI/ros2_ws/install/training/lib/python3.10/site-packages:${PYTHONPATH} /usr/bin/python3 -W ignore:setup.py install is deprecated -W ignore:easy_install command is deprecated setup.py egg_info --egg-base ../../build/training build --build-base /home/ram/Downloads/trash/Gahan_AI/ros2_ws/build/training/build install --record /home/ram/Downloads/trash/Gahan_AI/ros2_ws/build/training/install.log --single-version-externally-managed install_data
[4.224s] Level 1:colcon.colcon_core.environment:checking '/home/ram/Downloads/trash/Gahan_AI/ros2_ws/install/training' for CMake module files
[4.225s] DEBUG:colcon.colcon_core.event_handler.log_command:Invoked command in '/home/ram/Downloads/trash/Gahan_AI/ros2_ws/src/training' returned '0': PYTHONPATH=/home/ram/Downloads/trash/Gahan_AI/ros2_ws/build/training/prefix_override:/usr/lib/python3/dist-packages/colcon_core/task/python/colcon_distutils_commands:/home/ram/Downloads/trash/Gahan_AI/ros2_ws/install/training/lib/python3.10/site-packages:${PYTHONPATH} /usr/bin/python3 -W ignore:setup.py install is deprecated -W ignore:easy_install command is deprecated setup.py egg_info --egg-base ../../build/training build --build-base /home/ram/Downloads/trash/Gahan_AI/ros2_ws/build/training/build install --record /home/ram/Downloads/trash/Gahan_AI/ros2_ws/build/training/install.log --single-version-externally-managed install_data
[4.225s] Level 1:colcon.colcon_core.environment:checking '/home/ram/Downloads/trash/Gahan_AI/ros2_ws/install/training' for CMake config files
[4.225s] Level 1:colcon.colcon_core.environment:checking '/home/ram/Downloads/trash/Gahan_AI/ros2_ws/install/training/lib'
[4.225s] Level 1:colcon.colcon_core.environment:checking '/home/ram/Downloads/trash/Gahan_AI/ros2_ws/install/training/bin'
[4.225s] Level 1:colcon.colcon_core.environment:checking '/home/ram/Downloads/trash/Gahan_AI/ros2_ws/install/training/lib/pkgconfig/training.pc'
[4.225s] Level 1:colcon.colcon_core.environment:checking '/home/ram/Downloads/trash/Gahan_AI/ros2_ws/install/training/lib/python3.10/site-packages'
[4.225s] Level 1:colcon.colcon_core.shell:create_environment_hook('training', 'pythonpath')
[4.226s] INFO:colcon.colcon_core.shell:Creating environment hook '/home/ram/Downloads/trash/Gahan_AI/ros2_ws/install/training/share/training/hook/pythonpath.ps1'
[4.226s] INFO:colcon.colcon_core.shell:Creating environment descriptor '/home/ram/Downloads/trash/Gahan_AI/ros2_ws/install/training/share/training/hook/pythonpath.dsv'
[4.226s] INFO:colcon.colcon_core.shell:Creating environment hook '/home/ram/Downloads/trash/Gahan_AI/ros2_ws/install/training/share/training/hook/pythonpath.sh'
[4.227s] Level 1:colcon.colcon_core.environment:checking '/home/ram/Downloads/trash/Gahan_AI/ros2_ws/install/training/bin'
[4.227s] Level 1:colcon.colcon_core.environment:create_environment_scripts_only(training)
[4.227s] INFO:colcon.colcon_core.shell:Creating package script '/home/ram/Downloads/trash/Gahan_AI/ros2_ws/install/training/share/training/package.ps1'
[4.227s] INFO:colcon.colcon_core.shell:Creating package descriptor '/home/ram/Downloads/trash/Gahan_AI/ros2_ws/install/training/share/training/package.dsv'
[4.228s] INFO:colcon.colcon_core.shell:Creating package script '/home/ram/Downloads/trash/Gahan_AI/ros2_ws/install/training/share/training/package.sh'
[4.228s] INFO:colcon.colcon_core.shell:Creating package script '/home/ram/Downloads/trash/Gahan_AI/ros2_ws/install/training/share/training/package.bash'
[4.228s] INFO:colcon.colcon_core.shell:Creating package script '/home/ram/Downloads/trash/Gahan_AI/ros2_ws/install/training/share/training/package.zsh'
[4.228s] Level 1:colcon.colcon_core.environment:create_file_with_runtime_dependencies(/home/ram/Downloads/trash/Gahan_AI/ros2_ws/install/training/share/colcon-core/packages/training)
[4.228s] DEBUG:colcon.colcon_parallel_executor.executor.parallel:closing loop
[4.229s] DEBUG:colcon.colcon_parallel_executor.executor.parallel:loop closed
[4.229s] DEBUG:colcon.colcon_parallel_executor.executor.parallel:run_until_complete finished with '0'
[4.229s] DEBUG:colcon.colcon_core.event_reactor:joining thread
[4.232s] INFO:colcon.colcon_core.plugin_system:Skipping extension 'colcon_notification.desktop_notification.terminal_notifier': Not used on non-Darwin systems
[4.232s] INFO:colcon.colcon_core.plugin_system:Skipping extension 'colcon_notification.desktop_notification.win32': Not used on non-Windows systems
[4.233s] INFO:colcon.colcon_notification.desktop_notification:Sending desktop notification using 'notify2'
[4.243s] DEBUG:colcon.colcon_core.event_reactor:joined thread
[4.243s] INFO:colcon.colcon_core.shell:Creating prefix script '/home/ram/Downloads/trash/Gahan_AI/ros2_ws/install/local_setup.ps1'
[4.244s] INFO:colcon.colcon_core.shell:Creating prefix util module '/home/ram/Downloads/trash/Gahan_AI/ros2_ws/install/_local_setup_util_ps1.py'
[4.245s] INFO:colcon.colcon_core.shell:Creating prefix chain script '/home/ram/Downloads/trash/Gahan_AI/ros2_ws/install/setup.ps1'
[4.247s] INFO:colcon.colcon_core.shell:Creating prefix script '/home/ram/Downloads/trash/Gahan_AI/ros2_ws/install/local_setup.sh'
[4.247s] INFO:colcon.colcon_core.shell:Creating prefix util module '/home/ram/Downloads/trash/Gahan_AI/ros2_ws/install/_local_setup_util_sh.py'
[4.247s] INFO:colcon.colcon_core.shell:Creating prefix chain script '/home/ram/Downloads/trash/Gahan_AI/ros2_ws/install/setup.sh'
[4.248s] INFO:colcon.colcon_core.shell:Creating prefix script '/home/ram/Downloads/trash/Gahan_AI/ros2_ws/install/local_setup.bash'
[4.249s] INFO:colcon.colcon_core.shell:Creating prefix chain script '/home/ram/Downloads/trash/Gahan_AI/ros2_ws/install/setup.bash'
[4.249s] INFO:colcon.colcon_core.shell:Creating prefix script '/home/ram/Downloads/trash/Gahan_AI/ros2_ws/install/local_setup.zsh'
[4.250s] INFO:colcon.colcon_core.shell:Creating prefix chain script '/home/ram/Downloads/trash/Gahan_AI/ros2_ws/install/setup.zsh'
