-- Install configuration: ""
-- Execute custom install script
-- Up-to-date symlink: /home/ram/Downloads/trash/Gahan_AI/ros2_ws/install/articulate_one/share/articulate_one/config/empty.yaml
-- Up-to-date symlink: /home/ram/Downloads/trash/Gahan_AI/ros2_ws/install/articulate_one/share/articulate_one/description/gazebo_control.xacro
-- Symlinking: /home/ram/Downloads/trash/Gahan_AI/ros2_ws/install/articulate_one/share/articulate_one/description/imu.xacro
-- Up-to-date symlink: /home/ram/Downloads/trash/Gahan_AI/ros2_ws/install/articulate_one/share/articulate_one/description/inertial_macros.xacro
-- Up-to-date symlink: /home/ram/Downloads/trash/Gahan_AI/ros2_ws/install/articulate_one/share/articulate_one/description/lidar.xacro
-- Up-to-date symlink: /home/ram/Downloads/trash/Gahan_AI/ros2_ws/install/articulate_one/share/articulate_one/description/robot.urdf.xacro
-- Up-to-date symlink: /home/ram/Downloads/trash/Gahan_AI/ros2_ws/install/articulate_one/share/articulate_one/description/robot_core.xacro
-- Up-to-date symlink: /home/ram/Downloads/trash/Gahan_AI/ros2_ws/install/articulate_one/share/articulate_one/launch/launch_sim.launch.py
-- Up-to-date symlink: /home/ram/Downloads/trash/Gahan_AI/ros2_ws/install/articulate_one/share/articulate_one/launch/rsp.launch.py
-- Up-to-date symlink: /home/ram/Downloads/trash/Gahan_AI/ros2_ws/install/articulate_one/share/articulate_one/worlds/empty.world
-- Up-to-date symlink: /home/ram/Downloads/trash/Gahan_AI/ros2_ws/install/articulate_one/share/ament_index/resource_index/package_run_dependencies/articulate_one
-- Up-to-date symlink: /home/ram/Downloads/trash/Gahan_AI/ros2_ws/install/articulate_one/share/ament_index/resource_index/parent_prefix_path/articulate_one
-- Up-to-date symlink: /home/ram/Downloads/trash/Gahan_AI/ros2_ws/install/articulate_one/share/articulate_one/environment/ament_prefix_path.sh
-- Up-to-date symlink: /home/ram/Downloads/trash/Gahan_AI/ros2_ws/install/articulate_one/share/articulate_one/environment/ament_prefix_path.dsv
-- Up-to-date symlink: /home/ram/Downloads/trash/Gahan_AI/ros2_ws/install/articulate_one/share/articulate_one/environment/path.sh
-- Up-to-date symlink: /home/ram/Downloads/trash/Gahan_AI/ros2_ws/install/articulate_one/share/articulate_one/environment/path.dsv
-- Up-to-date symlink: /home/ram/Downloads/trash/Gahan_AI/ros2_ws/install/articulate_one/share/articulate_one/local_setup.bash
-- Up-to-date symlink: /home/ram/Downloads/trash/Gahan_AI/ros2_ws/install/articulate_one/share/articulate_one/local_setup.sh
-- Up-to-date symlink: /home/ram/Downloads/trash/Gahan_AI/ros2_ws/install/articulate_one/share/articulate_one/local_setup.zsh
-- Up-to-date symlink: /home/ram/Downloads/trash/Gahan_AI/ros2_ws/install/articulate_one/share/articulate_one/local_setup.dsv
-- Symlinking: /home/ram/Downloads/trash/Gahan_AI/ros2_ws/install/articulate_one/share/articulate_one/package.dsv
-- Up-to-date symlink: /home/ram/Downloads/trash/Gahan_AI/ros2_ws/install/articulate_one/share/ament_index/resource_index/packages/articulate_one
-- Up-to-date symlink: /home/ram/Downloads/trash/Gahan_AI/ros2_ws/install/articulate_one/share/articulate_one/cmake/articulate_oneConfig.cmake
-- Up-to-date symlink: /home/ram/Downloads/trash/Gahan_AI/ros2_ws/install/articulate_one/share/articulate_one/cmake/articulate_oneConfig-version.cmake
-- Up-to-date symlink: /home/ram/Downloads/trash/Gahan_AI/ros2_ws/install/articulate_one/share/articulate_one/package.xml
